Information	28-11-2024 14:45:17	Microsoft-Windows-UserModePowerService	12	(10)	Process C:\Windows\System32\WUDFHost.exe (process ID:1500) reset policy scheme from {381b4222-f694-41f0-9685-ff5bb260df2e} to {381b4222-f694-41f0-9685-ff5bb260df2e}
Information	28-11-2024 14:45:16	Microsoft-Windows-UserModePowerService	12	(10)	Process C:\Windows\System32\WUDFHost.exe (process ID:1500) reset policy scheme from {381b4222-f694-41f0-9685-ff5bb260df2e} to {381b4222-f694-41f0-9685-ff5bb260df2e}
Information	28-11-2024 14:45:16	Microsoft-Windows-UserModePowerService	12	(10)	Process C:\Windows\System32\WUDFHost.exe (process ID:1500) reset policy scheme from {381b4222-f694-41f0-9685-ff5bb260df2e} to {381b4222-f694-41f0-9685-ff5bb260df2e}
Information	28-11-2024 14:45:15	Microsoft-Windows-UserModePowerService	12	(10)	Process C:\Windows\System32\WUDFHost.exe (process ID:1500) reset policy scheme from {381b4222-f694-41f0-9685-ff5bb260df2e} to {381b4222-f694-41f0-9685-ff5bb260df2e}
Information	28-11-2024 14:45:15	Microsoft-Windows-UserModePowerService	12	(10)	Process C:\Windows\System32\WUDFHost.exe (process ID:1500) reset policy scheme from {381b4222-f694-41f0-9685-ff5bb260df2e} to {381b4222-f694-41f0-9685-ff5bb260df2e}
Information	28-11-2024 14:45:14	Microsoft-Windows-UserModePowerService	12	(10)	Process C:\Windows\System32\WUDFHost.exe (process ID:1500) reset policy scheme from {381b4222-f694-41f0-9685-ff5bb260df2e} to {381b4222-f694-41f0-9685-ff5bb260df2e}
Information	28-11-2024 14:45:14	Microsoft-Windows-UserModePowerService	12	(10)	Process C:\Windows\System32\WUDFHost.exe (process ID:1500) reset policy scheme from {381b4222-f694-41f0-9685-ff5bb260df2e} to {381b4222-f694-41f0-9685-ff5bb260df2e}
Information	28-11-2024 14:45:13	Microsoft-Windows-UserModePowerService	12	(10)	Process C:\Windows\System32\WUDFHost.exe (process ID:1500) reset policy scheme from {381b4222-f694-41f0-9685-ff5bb260df2e} to {381b4222-f694-41f0-9685-ff5bb260df2e}
Information	28-11-2024 14:45:13	Microsoft-Windows-UserModePowerService	12	(10)	Process C:\Windows\System32\WUDFHost.exe (process ID:1500) reset policy scheme from {381b4222-f694-41f0-9685-ff5bb260df2e} to {381b4222-f694-41f0-9685-ff5bb260df2e}
Information	28-11-2024 14:45:13	Microsoft-Windows-UserModePowerService	12	(10)	Process C:\Windows\System32\WUDFHost.exe (process ID:1500) reset policy scheme from {381b4222-f694-41f0-9685-ff5bb260df2e} to {381b4222-f694-41f0-9685-ff5bb260df2e}
Information	28-11-2024 14:45:12	Microsoft-Windows-Kernel-General	16	None	The access history in hive \??\C:\Users\laksh\AppData\Local\Packages\7EE7776C.LinkedInforWindows_w1wdnht996qgy\Settings\settings.dat was cleared updating 2 keys and creating 1 modified pages.
Information	28-11-2024 14:45:12	Microsoft-Windows-UserModePowerService	12	(10)	Process C:\Windows\System32\WUDFHost.exe (process ID:1500) reset policy scheme from {381b4222-f694-41f0-9685-ff5bb260df2e} to {381b4222-f694-41f0-9685-ff5bb260df2e}
Information	28-11-2024 14:45:12	Microsoft-Windows-Kernel-General	16	None	The access history in hive \??\C:\ProgramData\Packages\7EE7776C.LinkedInforWindows_w1wdnht996qgy\S-1-5-21-3247243632-994969006-123497926-1001\SystemAppData\Helium\Cache\585133f2459414b4_COM15.dat was cleared updating 1 keys and creating 1 modified pages.
Information	28-11-2024 14:45:12	Microsoft-Windows-Kernel-General	16	None	The access history in hive \??\C:\Users\laksh\AppData\Local\Packages\7EE7776C.LinkedInforWindows_w1wdnht996qgy\SystemAppData\Helium\UserClasses.dat was cleared updating 11 keys and creating 1 modified pages.
Information	28-11-2024 14:45:12	Microsoft-Windows-Kernel-General	16	None	The access history in hive \??\C:\Users\laksh\AppData\Local\Packages\7EE7776C.LinkedInforWindows_w1wdnht996qgy\SystemAppData\Helium\User.dat was cleared updating 26 keys and creating 4 modified pages.
Information	28-11-2024 14:45:07	Microsoft-Windows-UserModePowerService	12	(10)	Process C:\Windows\System32\WUDFHost.exe (process ID:1500) reset policy scheme from {381b4222-f694-41f0-9685-ff5bb260df2e} to {381b4222-f694-41f0-9685-ff5bb260df2e}
Information	28-11-2024 14:44:57	Microsoft-Windows-Kernel-General	16	None	The access history in hive \??\C:\ProgramData\Packages\Microsoft.YourPhone_8wekyb3d8bbwe\S-1-5-21-3247243632-994969006-123497926-1001\SystemAppData\Helium\Cache\ffe101aa22f08985_COM15.dat was cleared updating 1 keys and creating 1 modified pages.
Information	28-11-2024 14:44:57	Microsoft-Windows-Kernel-General	16	None	The access history in hive \??\C:\Users\laksh\AppData\Local\Packages\Microsoft.YourPhone_8wekyb3d8bbwe\SystemAppData\Helium\User.dat was cleared updating 5 keys and creating 1 modified pages.
Information	28-11-2024 14:44:57	Microsoft-Windows-Kernel-General	16	None	The access history in hive \??\C:\Users\laksh\AppData\Local\Packages\Microsoft.YourPhone_8wekyb3d8bbwe\Settings\settings.dat was cleared updating 47 keys and creating 4 modified pages.
Information	28-11-2024 14:44:50	Microsoft-Windows-Kernel-General	16	None	The access history in hive \??\C:\Users\laksh\AppData\Local\Packages\MicrosoftWindows.Client.WebExperience_cw5n1h2txyewy\Settings\settings.dat was cleared updating 6 keys and creating 1 modified pages.
Information	28-11-2024 14:44:49	Microsoft-Windows-Kernel-General	16	None	The access history in hive \??\C:\Users\laksh\AppData\Local\Packages\Microsoft.Windows.StartMenuExperienceHost_cw5n1h2txyewy\Settings\settings.dat was cleared updating 10 keys and creating 1 modified pages.
Information	28-11-2024 14:44:49	Microsoft-Windows-Kernel-General	16	None	The access history in hive \??\C:\Users\laksh\AppData\Local\Packages\Microsoft.Windows.ContentDeliveryManager_cw5n1h2txyewy\Settings\settings.dat was cleared updating 614 keys and creating 44 modified pages.
Information	28-11-2024 14:44:48	Microsoft-Windows-Kernel-General	16	None	The access history in hive \??\C:\Users\laksh\AppData\Local\Packages\Microsoft.WidgetsPlatformRuntime_8wekyb3d8bbwe\SystemAppData\Helium\UserClasses.dat was cleared updating 15 keys and creating 3 modified pages.
Information	28-11-2024 14:44:48	Microsoft-Windows-Kernel-General	16	None	The access history in hive \??\C:\Users\laksh\AppData\Local\Packages\Microsoft.WidgetsPlatformRuntime_8wekyb3d8bbwe\SystemAppData\Helium\User.dat was cleared updating 1 keys and creating 1 modified pages.
Information	28-11-2024 14:44:48	Microsoft-Windows-Kernel-General	16	None	The access history in hive \??\C:\ProgramData\Packages\MicrosoftWindows.Client.WebExperience_cw5n1h2txyewy\S-1-5-21-3247243632-994969006-123497926-1001\SystemAppData\Helium\Cache\8c304d05383a2e00_COM15.dat was cleared updating 1 keys and creating 1 modified pages.
Information	28-11-2024 14:44:48	Microsoft-Windows-Kernel-General	16	None	The access history in hive \??\C:\Users\laksh\AppData\Local\Packages\MicrosoftWindows.Client.WebExperience_cw5n1h2txyewy\SystemAppData\Helium\UserClasses.dat was cleared updating 13 keys and creating 3 modified pages.
Information	28-11-2024 14:44:48	Microsoft-Windows-Kernel-General	16	None	The access history in hive \??\C:\Users\laksh\AppData\Local\Packages\MicrosoftWindows.Client.WebExperience_cw5n1h2txyewy\SystemAppData\Helium\User.dat was cleared updating 18 keys and creating 1 modified pages.
Information	28-11-2024 14:44:48	Microsoft-Windows-Kernel-General	16	None	The access history in hive \??\C:\Users\laksh\AppData\Local\Packages\MicrosoftWindows.Client.CBS_cw5n1h2txyewy\Settings\settings.dat was cleared updating 16 keys and creating 6 modified pages.
Information	28-11-2024 14:44:46	Microsoft-Windows-Kernel-General	16	None	The access history in hive \Device\HarddiskVolume1\EFI\Microsoft\Boot\BCD was cleared updating 89 keys and creating 7 modified pages.
Warning	28-11-2024 14:44:46	Microsoft-Windows-DistributedCOM	10016	None	"The application-specific permission settings do not grant Local Activation permission for the COM Server application with CLSID 
{6B3B8D23-FA8D-40B9-8DBD-B950333E2C52}
 and APPID 
{4839DDB7-58C2-48F5-8283-E1D1807D0D7D}
 to the user NT AUTHORITY\LOCAL SERVICE SID (S-1-5-19) from address LocalHost (Using LRPC) running in the application container Unavailable SID (Unavailable). This security permission can be modified using the Component Services administrative tool."
Warning	28-11-2024 14:44:46	Microsoft-Windows-DistributedCOM	10016	None	"The application-specific permission settings do not grant Local Activation permission for the COM Server application with CLSID 
{6B3B8D23-FA8D-40B9-8DBD-B950333E2C52}
 and APPID 
{4839DDB7-58C2-48F5-8283-E1D1807D0D7D}
 to the user NT AUTHORITY\LOCAL SERVICE SID (S-1-5-19) from address LocalHost (Using LRPC) running in the application container Unavailable SID (Unavailable). This security permission can be modified using the Component Services administrative tool."
Information	28-11-2024 14:44:46	Microsoft-Windows-Power-Troubleshooter	1	None	"The system has returned from a low power state.

Sleep Time: ‎2024‎-‎11‎-‎22T12:10:15.720536500Z
Wake Time: ‎2024‎-‎11‎-‎28T09:14:44.866616200Z

Wake Source: Unknown"
Information	28-11-2024 14:44:45	Microsoft-Windows-Winlogon	7001	(1101)	User Logon Notification for Customer Experience Improvement Program
Information	28-11-2024 14:44:45	Microsoft-Windows-UserModePowerService	12	(10)	Process C:\Windows\System32\WUDFHost.exe (process ID:1500) reset policy scheme from {381b4222-f694-41f0-9685-ff5bb260df2e} to {381b4222-f694-41f0-9685-ff5bb260df2e}
Information	28-11-2024 14:44:45	Microsoft-Windows-UserModePowerService	12	(10)	Process C:\Windows\System32\WUDFHost.exe (process ID:1500) reset policy scheme from {381b4222-f694-41f0-9685-ff5bb260df2e} to {381b4222-f694-41f0-9685-ff5bb260df2e}
Information	28-11-2024 14:44:45	Microsoft-Windows-UserModePowerService	12	(10)	Process C:\Windows\System32\WUDFHost.exe (process ID:1500) reset policy scheme from {381b4222-f694-41f0-9685-ff5bb260df2e} to {381b4222-f694-41f0-9685-ff5bb260df2e}
Information	28-11-2024 14:44:45	Microsoft-Windows-UserModePowerService	12	(10)	Process C:\Windows\System32\WUDFHost.exe (process ID:1500) reset policy scheme from {381b4222-f694-41f0-9685-ff5bb260df2e} to {381b4222-f694-41f0-9685-ff5bb260df2e}
Information	28-11-2024 14:44:44	Intel-SST-OED	28	This task logs error codes to system event log.	Loaded DSP FW library: \??\C:\WINDOWS\System32\DriverStore\FileRepository\intcoed_oemlibpath.inf_amd64_d68639dd9983bc1a\adl_ma12_lib.bin, status = STATUS_SUCCESS.
Information	28-11-2024 14:44:44	Intel-SST-OED	28	This task logs error codes to system event log.	Loaded DSP FW library: \??\C:\WINDOWS\System32\DriverStore\FileRepository\intcoed_oemlibpath.inf_amd64_d68639dd9983bc1a\adl_ma12_lib.bin, status = STATUS_SUCCESS.
Warning	28-11-2024 14:44:44	Microsoft-Windows-Time-Service	134	None	NtpClient was unable to set a manual peer to use as a time source because of DNS resolution error on 'time.windows.com,0x9'. NtpClient will try again in 15 minutes and double the reattempt interval thereafter. The error was: No such host is known. (0x80072AF9)
Information	28-11-2024 14:44:44	Microsoft-Windows-Kernel-Power	566	(268)	"The system session has transitioned from 177 to 179.

Reason WinRT 

BootId: 42"
Information	28-11-2024 14:44:44	Microsoft-Windows-Kernel-Power	507	(158)	"The system is exiting Modern Standby 

Reason: Resume from Hibernate."
Information	28-11-2024 14:44:44	Intel-SST-OED	28	This task logs error codes to system event log.	Loaded DSP FW library: Libs\dsp_lib_whm_adl_release.bin, status = STATUS_SUCCESS.
Information	28-11-2024 14:44:44	Microsoft-Windows-Kernel-Power	506	(157)	"The system is entering Modern Standby 

Reason: Sleep, Hibernate, or Shutdown."
Information	28-11-2024 14:44:44	Microsoft-Windows-Kernel-Power	566	(268)	"The system session has transitioned from 176 to 177.

Reason SxTransition 

BootId: 42"
Information	28-11-2024 14:44:44	Microsoft-Windows-Kernel-Boot	32	(58)	The bootmgr spent 0 ms waiting for user input.
Information	28-11-2024 14:44:44	Microsoft-Windows-Kernel-Boot	18	(57)	There are 0x1 boot options on this system.
Information	28-11-2024 14:44:44	Microsoft-Windows-Kernel-Boot	30	(21)	The firmware reported boot metrics.
Information	28-11-2024 14:44:44	Intel-SST-OED	28	This task logs error codes to system event log.	Loaded DSP FW library: Libs\dsp_lib_intel_wov_adl_release.bin, status = STATUS_SUCCESS.
Warning	28-11-2024 14:44:44	TPM	30	None	Reset and/or resume count do not match expected values after hibernate/resume.
Information	28-11-2024 14:44:44	Microsoft-Windows-Kernel-General	1	(5)	"The system time has changed to ‎2024‎-‎11‎-‎28T09:14:44.500000000Z from ‎2024‎-‎11‎-‎22T12:10:17.797211600Z.
Time Delta: 507866702 ms

Change Reason: System time synchronized with the hardware clock.
Process: '' (PID 4).

RTC time: ‎2024‎-‎11‎-‎28T14:44:44.500000000Z
Current time zone bias: -330
RTC time is in UTC: false
System time was based on RTC time: false"
Information	22-11-2024 17:40:17	Microsoft-Windows-Kernel-Power	107	(102)	The system has resumed from sleep.
Information	28-11-2024 14:44:44	EventLog	6013	None	The system uptime is 2109933 seconds.
Information	22-11-2024 17:40:16	Microsoft-Windows-Kernel-Power	42	(64)	"The system is entering sleep.

Sleep Reason: Application API"
Information	22-11-2024 17:40:15	Microsoft-Windows-Kernel-Power	566	(268)	"The system session has transitioned from 175 to 176.

Reason InputHid 

BootId: 42"
Information	22-11-2024 17:40:15	Microsoft-Windows-Kernel-Power	187	(243)	User-mode process attempted to change the system state by calling SetSuspendState or SetSystemPowerState APIs.
Information	22-11-2024 17:40:15	Win32k	267	None	Touch/Touchpad Hardware Quality Assurance verification succeeded.
Information	22-11-2024 17:40:15	Microsoft-Windows-Winlogon	7002	(1102)	User Logoff Notification for Customer Experience Improvement Program
Information	22-11-2024 17:40:12	Microsoft-Windows-UserModePowerService	12	(10)	Process C:\Windows\System32\WUDFHost.exe (process ID:1500) reset policy scheme from {381b4222-f694-41f0-9685-ff5bb260df2e} to {381b4222-f694-41f0-9685-ff5bb260df2e}
Information	22-11-2024 17:40:11	Microsoft-Windows-UserModePowerService	12	(10)	Process C:\Windows\System32\WUDFHost.exe (process ID:1500) reset policy scheme from {381b4222-f694-41f0-9685-ff5bb260df2e} to {381b4222-f694-41f0-9685-ff5bb260df2e}
Information	22-11-2024 17:40:11	Microsoft-Windows-UserModePowerService	12	(10)	Process C:\Windows\System32\WUDFHost.exe (process ID:1500) reset policy scheme from {381b4222-f694-41f0-9685-ff5bb260df2e} to {381b4222-f694-41f0-9685-ff5bb260df2e}
Information	22-11-2024 17:40:10	Microsoft-Windows-UserModePowerService	12	(10)	Process C:\Windows\System32\WUDFHost.exe (process ID:1500) reset policy scheme from {381b4222-f694-41f0-9685-ff5bb260df2e} to {381b4222-f694-41f0-9685-ff5bb260df2e}
Information	22-11-2024 17:39:59	Microsoft-Windows-UserModePowerService	12	(10)	Process C:\Windows\System32\WUDFHost.exe (process ID:1500) reset policy scheme from {381b4222-f694-41f0-9685-ff5bb260df2e} to {381b4222-f694-41f0-9685-ff5bb260df2e}
Information	22-11-2024 17:39:58	Microsoft-Windows-UserModePowerService	12	(10)	Process C:\Windows\System32\WUDFHost.exe (process ID:1500) reset policy scheme from {381b4222-f694-41f0-9685-ff5bb260df2e} to {381b4222-f694-41f0-9685-ff5bb260df2e}
Information	22-11-2024 17:39:34	Microsoft-Windows-UserModePowerService	12	(10)	Process C:\Windows\System32\WUDFHost.exe (process ID:1500) reset policy scheme from {381b4222-f694-41f0-9685-ff5bb260df2e} to {381b4222-f694-41f0-9685-ff5bb260df2e}
Information	22-11-2024 17:39:34	Microsoft-Windows-UserModePowerService	12	(10)	Process C:\Windows\System32\WUDFHost.exe (process ID:1500) reset policy scheme from {381b4222-f694-41f0-9685-ff5bb260df2e} to {381b4222-f694-41f0-9685-ff5bb260df2e}
Information	22-11-2024 17:39:33	Microsoft-Windows-UserModePowerService	12	(10)	Process C:\Windows\System32\WUDFHost.exe (process ID:1500) reset policy scheme from {381b4222-f694-41f0-9685-ff5bb260df2e} to {381b4222-f694-41f0-9685-ff5bb260df2e}
Information	22-11-2024 17:39:32	Microsoft-Windows-UserModePowerService	12	(10)	Process C:\Windows\System32\WUDFHost.exe (process ID:1500) reset policy scheme from {381b4222-f694-41f0-9685-ff5bb260df2e} to {381b4222-f694-41f0-9685-ff5bb260df2e}
Information	22-11-2024 17:39:28	Microsoft-Windows-UserModePowerService	12	(10)	Process C:\Windows\System32\WUDFHost.exe (process ID:1500) reset policy scheme from {381b4222-f694-41f0-9685-ff5bb260df2e} to {381b4222-f694-41f0-9685-ff5bb260df2e}
Information	22-11-2024 17:39:28	Microsoft-Windows-UserModePowerService	12	(10)	Process C:\Windows\System32\WUDFHost.exe (process ID:1500) reset policy scheme from {381b4222-f694-41f0-9685-ff5bb260df2e} to {381b4222-f694-41f0-9685-ff5bb260df2e}
Information	22-11-2024 17:39:26	Microsoft-Windows-UserModePowerService	12	(10)	Process C:\Windows\System32\WUDFHost.exe (process ID:1500) reset policy scheme from {381b4222-f694-41f0-9685-ff5bb260df2e} to {381b4222-f694-41f0-9685-ff5bb260df2e}
Information	22-11-2024 17:39:26	Microsoft-Windows-UserModePowerService	12	(10)	Process C:\Windows\System32\WUDFHost.exe (process ID:1500) reset policy scheme from {381b4222-f694-41f0-9685-ff5bb260df2e} to {381b4222-f694-41f0-9685-ff5bb260df2e}
Information	22-11-2024 17:39:21	Microsoft-Windows-UserModePowerService	12	(10)	Process C:\Windows\System32\WUDFHost.exe (process ID:1500) reset policy scheme from {381b4222-f694-41f0-9685-ff5bb260df2e} to {381b4222-f694-41f0-9685-ff5bb260df2e}
Information	22-11-2024 17:39:19	Microsoft-Windows-UserModePowerService	12	(10)	Process C:\Windows\System32\WUDFHost.exe (process ID:1500) reset policy scheme from {381b4222-f694-41f0-9685-ff5bb260df2e} to {381b4222-f694-41f0-9685-ff5bb260df2e}
Information	22-11-2024 17:39:13	Microsoft-Windows-UserModePowerService	12	(10)	Process C:\Windows\System32\WUDFHost.exe (process ID:1500) reset policy scheme from {381b4222-f694-41f0-9685-ff5bb260df2e} to {381b4222-f694-41f0-9685-ff5bb260df2e}
Information	22-11-2024 17:39:12	Microsoft-Windows-UserModePowerService	12	(10)	Process C:\Windows\System32\WUDFHost.exe (process ID:1500) reset policy scheme from {381b4222-f694-41f0-9685-ff5bb260df2e} to {381b4222-f694-41f0-9685-ff5bb260df2e}
Information	22-11-2024 17:37:09	Microsoft-Windows-UserModePowerService	12	(10)	Process C:\Windows\System32\WUDFHost.exe (process ID:1500) reset policy scheme from {381b4222-f694-41f0-9685-ff5bb260df2e} to {381b4222-f694-41f0-9685-ff5bb260df2e}
Information	22-11-2024 17:37:07	Microsoft-Windows-UserModePowerService	12	(10)	Process C:\Windows\System32\WUDFHost.exe (process ID:1500) reset policy scheme from {381b4222-f694-41f0-9685-ff5bb260df2e} to {381b4222-f694-41f0-9685-ff5bb260df2e}
Information	22-11-2024 17:35:53	Microsoft-Windows-UserModePowerService	12	(10)	Process C:\Windows\System32\WUDFHost.exe (process ID:1500) reset policy scheme from {381b4222-f694-41f0-9685-ff5bb260df2e} to {381b4222-f694-41f0-9685-ff5bb260df2e}
Information	22-11-2024 17:35:52	Microsoft-Windows-UserModePowerService	12	(10)	Process C:\Windows\System32\WUDFHost.exe (process ID:1500) reset policy scheme from {381b4222-f694-41f0-9685-ff5bb260df2e} to {381b4222-f694-41f0-9685-ff5bb260df2e}
Information	22-11-2024 17:32:09	Microsoft-Windows-UserModePowerService	12	(10)	Process C:\Windows\System32\WUDFHost.exe (process ID:1500) reset policy scheme from {381b4222-f694-41f0-9685-ff5bb260df2e} to {381b4222-f694-41f0-9685-ff5bb260df2e}
Information	22-11-2024 17:32:08	Microsoft-Windows-UserModePowerService	12	(10)	Process C:\Windows\System32\WUDFHost.exe (process ID:1500) reset policy scheme from {381b4222-f694-41f0-9685-ff5bb260df2e} to {381b4222-f694-41f0-9685-ff5bb260df2e}
Information	22-11-2024 17:30:55	Microsoft-Windows-UserModePowerService	12	(10)	Process C:\Windows\System32\WUDFHost.exe (process ID:1500) reset policy scheme from {381b4222-f694-41f0-9685-ff5bb260df2e} to {381b4222-f694-41f0-9685-ff5bb260df2e}
Information	22-11-2024 17:30:53	Microsoft-Windows-UserModePowerService	12	(10)	Process C:\Windows\System32\WUDFHost.exe (process ID:1500) reset policy scheme from {381b4222-f694-41f0-9685-ff5bb260df2e} to {381b4222-f694-41f0-9685-ff5bb260df2e}
Information	22-11-2024 17:30:02	Microsoft-Windows-UserModePowerService	12	(10)	Process C:\Windows\System32\WUDFHost.exe (process ID:1500) reset policy scheme from {381b4222-f694-41f0-9685-ff5bb260df2e} to {381b4222-f694-41f0-9685-ff5bb260df2e}
Information	22-11-2024 17:30:01	Microsoft-Windows-UserModePowerService	12	(10)	Process C:\Windows\System32\WUDFHost.exe (process ID:1500) reset policy scheme from {381b4222-f694-41f0-9685-ff5bb260df2e} to {381b4222-f694-41f0-9685-ff5bb260df2e}
Information	22-11-2024 17:29:44	Microsoft-Windows-UserModePowerService	12	(10)	Process C:\Windows\System32\WUDFHost.exe (process ID:1500) reset policy scheme from {381b4222-f694-41f0-9685-ff5bb260df2e} to {381b4222-f694-41f0-9685-ff5bb260df2e}
Information	22-11-2024 17:29:42	Microsoft-Windows-UserModePowerService	12	(10)	Process C:\Windows\System32\WUDFHost.exe (process ID:1500) reset policy scheme from {381b4222-f694-41f0-9685-ff5bb260df2e} to {381b4222-f694-41f0-9685-ff5bb260df2e}
Information	22-11-2024 17:28:30	Microsoft-Windows-UserModePowerService	12	(10)	Process C:\Windows\System32\WUDFHost.exe (process ID:1500) reset policy scheme from {381b4222-f694-41f0-9685-ff5bb260df2e} to {381b4222-f694-41f0-9685-ff5bb260df2e}
Information	22-11-2024 17:28:29	Microsoft-Windows-UserModePowerService	12	(10)	Process C:\Windows\System32\WUDFHost.exe (process ID:1500) reset policy scheme from {381b4222-f694-41f0-9685-ff5bb260df2e} to {381b4222-f694-41f0-9685-ff5bb260df2e}
Information	22-11-2024 17:27:14	Microsoft-Windows-UserModePowerService	12	(10)	Process C:\Windows\System32\WUDFHost.exe (process ID:1500) reset policy scheme from {381b4222-f694-41f0-9685-ff5bb260df2e} to {381b4222-f694-41f0-9685-ff5bb260df2e}
Information	22-11-2024 17:27:13	Microsoft-Windows-UserModePowerService	12	(10)	Process C:\Windows\System32\WUDFHost.exe (process ID:1500) reset policy scheme from {381b4222-f694-41f0-9685-ff5bb260df2e} to {381b4222-f694-41f0-9685-ff5bb260df2e}
Information	22-11-2024 17:26:00	Microsoft-Windows-UserModePowerService	12	(10)	Process C:\Windows\System32\WUDFHost.exe (process ID:1500) reset policy scheme from {381b4222-f694-41f0-9685-ff5bb260df2e} to {381b4222-f694-41f0-9685-ff5bb260df2e}
Information	22-11-2024 17:25:59	Microsoft-Windows-UserModePowerService	12	(10)	Process C:\Windows\System32\WUDFHost.exe (process ID:1500) reset policy scheme from {381b4222-f694-41f0-9685-ff5bb260df2e} to {381b4222-f694-41f0-9685-ff5bb260df2e}
Information	22-11-2024 17:22:15	Microsoft-Windows-UserModePowerService	12	(10)	Process C:\Windows\System32\WUDFHost.exe (process ID:1500) reset policy scheme from {381b4222-f694-41f0-9685-ff5bb260df2e} to {381b4222-f694-41f0-9685-ff5bb260df2e}
Information	22-11-2024 17:22:15	Microsoft-Windows-UserModePowerService	12	(10)	Process C:\Windows\System32\WUDFHost.exe (process ID:1500) reset policy scheme from {381b4222-f694-41f0-9685-ff5bb260df2e} to {381b4222-f694-41f0-9685-ff5bb260df2e}
Information	22-11-2024 17:21:09	Microsoft-Windows-UserModePowerService	12	(10)	Process C:\Windows\System32\WUDFHost.exe (process ID:1500) reset policy scheme from {381b4222-f694-41f0-9685-ff5bb260df2e} to {381b4222-f694-41f0-9685-ff5bb260df2e}
Information	22-11-2024 17:21:07	Microsoft-Windows-UserModePowerService	12	(10)	Process C:\Windows\System32\WUDFHost.exe (process ID:1500) reset policy scheme from {381b4222-f694-41f0-9685-ff5bb260df2e} to {381b4222-f694-41f0-9685-ff5bb260df2e}
Information	22-11-2024 17:19:55	Microsoft-Windows-UserModePowerService	12	(10)	Process C:\Windows\System32\WUDFHost.exe (process ID:1500) reset policy scheme from {381b4222-f694-41f0-9685-ff5bb260df2e} to {381b4222-f694-41f0-9685-ff5bb260df2e}
Information	22-11-2024 17:19:53	Microsoft-Windows-UserModePowerService	12	(10)	Process C:\Windows\System32\WUDFHost.exe (process ID:1500) reset policy scheme from {381b4222-f694-41f0-9685-ff5bb260df2e} to {381b4222-f694-41f0-9685-ff5bb260df2e}
Information	22-11-2024 17:16:11	Microsoft-Windows-UserModePowerService	12	(10)	Process C:\Windows\System32\WUDFHost.exe (process ID:1500) reset policy scheme from {381b4222-f694-41f0-9685-ff5bb260df2e} to {381b4222-f694-41f0-9685-ff5bb260df2e}
Information	22-11-2024 17:16:09	Microsoft-Windows-UserModePowerService	12	(10)	Process C:\Windows\System32\WUDFHost.exe (process ID:1500) reset policy scheme from {381b4222-f694-41f0-9685-ff5bb260df2e} to {381b4222-f694-41f0-9685-ff5bb260df2e}
Information	22-11-2024 17:15:04	Microsoft-Windows-UserModePowerService	12	(10)	Process C:\Windows\System32\WUDFHost.exe (process ID:1500) reset policy scheme from {381b4222-f694-41f0-9685-ff5bb260df2e} to {381b4222-f694-41f0-9685-ff5bb260df2e}
Information	22-11-2024 17:14:59	Microsoft-Windows-UserModePowerService	12	(10)	Process C:\Windows\System32\WUDFHost.exe (process ID:1500) reset policy scheme from {381b4222-f694-41f0-9685-ff5bb260df2e} to {381b4222-f694-41f0-9685-ff5bb260df2e}
Information	22-11-2024 17:11:17	Microsoft-Windows-UserModePowerService	12	(10)	Process C:\Windows\System32\WUDFHost.exe (process ID:1500) reset policy scheme from {381b4222-f694-41f0-9685-ff5bb260df2e} to {381b4222-f694-41f0-9685-ff5bb260df2e}
Information	22-11-2024 17:11:16	Microsoft-Windows-UserModePowerService	12	(10)	Process C:\Windows\System32\WUDFHost.exe (process ID:1500) reset policy scheme from {381b4222-f694-41f0-9685-ff5bb260df2e} to {381b4222-f694-41f0-9685-ff5bb260df2e}
Information	22-11-2024 17:11:14	Microsoft-Windows-UserModePowerService	12	(10)	Process C:\Windows\System32\WUDFHost.exe (process ID:1500) reset policy scheme from {381b4222-f694-41f0-9685-ff5bb260df2e} to {381b4222-f694-41f0-9685-ff5bb260df2e}
Information	22-11-2024 17:11:13	Microsoft-Windows-UserModePowerService	12	(10)	Process C:\Windows\System32\WUDFHost.exe (process ID:1500) reset policy scheme from {381b4222-f694-41f0-9685-ff5bb260df2e} to {381b4222-f694-41f0-9685-ff5bb260df2e}
Information	22-11-2024 17:10:04	Microsoft-Windows-UserModePowerService	12	(10)	Process C:\Windows\System32\WUDFHost.exe (process ID:1500) reset policy scheme from {381b4222-f694-41f0-9685-ff5bb260df2e} to {381b4222-f694-41f0-9685-ff5bb260df2e}
Information	22-11-2024 17:10:03	Microsoft-Windows-UserModePowerService	12	(10)	Process C:\Windows\System32\WUDFHost.exe (process ID:1500) reset policy scheme from {381b4222-f694-41f0-9685-ff5bb260df2e} to {381b4222-f694-41f0-9685-ff5bb260df2e}
Information	22-11-2024 17:08:51	Microsoft-Windows-UserModePowerService	12	(10)	Process C:\Windows\System32\WUDFHost.exe (process ID:1500) reset policy scheme from {381b4222-f694-41f0-9685-ff5bb260df2e} to {381b4222-f694-41f0-9685-ff5bb260df2e}
Information	22-11-2024 17:08:50	Microsoft-Windows-UserModePowerService	12	(10)	Process C:\Windows\System32\WUDFHost.exe (process ID:1500) reset policy scheme from {381b4222-f694-41f0-9685-ff5bb260df2e} to {381b4222-f694-41f0-9685-ff5bb260df2e}
Information	22-11-2024 17:07:37	Microsoft-Windows-UserModePowerService	12	(10)	Process C:\Windows\System32\WUDFHost.exe (process ID:1500) reset policy scheme from {381b4222-f694-41f0-9685-ff5bb260df2e} to {381b4222-f694-41f0-9685-ff5bb260df2e}
Information	22-11-2024 17:07:36	Microsoft-Windows-UserModePowerService	12	(10)	Process C:\Windows\System32\WUDFHost.exe (process ID:1500) reset policy scheme from {381b4222-f694-41f0-9685-ff5bb260df2e} to {381b4222-f694-41f0-9685-ff5bb260df2e}
Information	22-11-2024 17:06:22	Microsoft-Windows-UserModePowerService	12	(10)	Process C:\Windows\System32\WUDFHost.exe (process ID:1500) reset policy scheme from {381b4222-f694-41f0-9685-ff5bb260df2e} to {381b4222-f694-41f0-9685-ff5bb260df2e}
Information	22-11-2024 17:06:21	Microsoft-Windows-UserModePowerService	12	(10)	Process C:\Windows\System32\WUDFHost.exe (process ID:1500) reset policy scheme from {381b4222-f694-41f0-9685-ff5bb260df2e} to {381b4222-f694-41f0-9685-ff5bb260df2e}
Information	22-11-2024 17:05:08	Microsoft-Windows-UserModePowerService	12	(10)	Process C:\Windows\System32\WUDFHost.exe (process ID:1500) reset policy scheme from {381b4222-f694-41f0-9685-ff5bb260df2e} to {381b4222-f694-41f0-9685-ff5bb260df2e}
Information	22-11-2024 17:05:06	Microsoft-Windows-UserModePowerService	12	(10)	Process C:\Windows\System32\WUDFHost.exe (process ID:1500) reset policy scheme from {381b4222-f694-41f0-9685-ff5bb260df2e} to {381b4222-f694-41f0-9685-ff5bb260df2e}
Information	22-11-2024 17:03:53	Microsoft-Windows-UserModePowerService	12	(10)	Process C:\Windows\System32\WUDFHost.exe (process ID:1500) reset policy scheme from {381b4222-f694-41f0-9685-ff5bb260df2e} to {381b4222-f694-41f0-9685-ff5bb260df2e}
Information	22-11-2024 17:03:51	Microsoft-Windows-UserModePowerService	12	(10)	Process C:\Windows\System32\WUDFHost.exe (process ID:1500) reset policy scheme from {381b4222-f694-41f0-9685-ff5bb260df2e} to {381b4222-f694-41f0-9685-ff5bb260df2e}
Information	22-11-2024 17:01:54	Microsoft-Windows-UserModePowerService	12	(10)	Process C:\Windows\System32\WUDFHost.exe (process ID:1500) reset policy scheme from {381b4222-f694-41f0-9685-ff5bb260df2e} to {381b4222-f694-41f0-9685-ff5bb260df2e}
Information	22-11-2024 17:01:53	Microsoft-Windows-UserModePowerService	12	(10)	Process C:\Windows\System32\WUDFHost.exe (process ID:1500) reset policy scheme from {381b4222-f694-41f0-9685-ff5bb260df2e} to {381b4222-f694-41f0-9685-ff5bb260df2e}
Information	22-11-2024 17:01:51	Microsoft-Windows-UserModePowerService	12	(10)	Process C:\Windows\System32\WUDFHost.exe (process ID:1500) reset policy scheme from {381b4222-f694-41f0-9685-ff5bb260df2e} to {381b4222-f694-41f0-9685-ff5bb260df2e}
Information	22-11-2024 17:01:50	Microsoft-Windows-UserModePowerService	12	(10)	Process C:\Windows\System32\WUDFHost.exe (process ID:1500) reset policy scheme from {381b4222-f694-41f0-9685-ff5bb260df2e} to {381b4222-f694-41f0-9685-ff5bb260df2e}
Information	22-11-2024 17:01:50	Microsoft-Windows-UserModePowerService	12	(10)	Process C:\Windows\System32\WUDFHost.exe (process ID:1500) reset policy scheme from {381b4222-f694-41f0-9685-ff5bb260df2e} to {381b4222-f694-41f0-9685-ff5bb260df2e}
Information	22-11-2024 17:01:49	Microsoft-Windows-UserModePowerService	12	(10)	Process C:\Windows\System32\WUDFHost.exe (process ID:1500) reset policy scheme from {381b4222-f694-41f0-9685-ff5bb260df2e} to {381b4222-f694-41f0-9685-ff5bb260df2e}
Information	22-11-2024 17:01:47	Microsoft-Windows-UserModePowerService	12	(10)	Process C:\Windows\System32\WUDFHost.exe (process ID:1500) reset policy scheme from {381b4222-f694-41f0-9685-ff5bb260df2e} to {381b4222-f694-41f0-9685-ff5bb260df2e}
Information	22-11-2024 17:01:41	Microsoft-Windows-UserModePowerService	12	(10)	Process C:\Windows\System32\WUDFHost.exe (process ID:1500) reset policy scheme from {381b4222-f694-41f0-9685-ff5bb260df2e} to {381b4222-f694-41f0-9685-ff5bb260df2e}
Information	22-11-2024 17:01:39	Microsoft-Windows-UserModePowerService	12	(10)	Process C:\Windows\System32\WUDFHost.exe (process ID:1500) reset policy scheme from {381b4222-f694-41f0-9685-ff5bb260df2e} to {381b4222-f694-41f0-9685-ff5bb260df2e}
Information	22-11-2024 17:01:36	Microsoft-Windows-UserModePowerService	12	(10)	Process C:\Windows\System32\WUDFHost.exe (process ID:1500) reset policy scheme from {381b4222-f694-41f0-9685-ff5bb260df2e} to {381b4222-f694-41f0-9685-ff5bb260df2e}
Information	22-11-2024 17:01:18	Microsoft-Windows-UserModePowerService	12	(10)	Process C:\Windows\System32\WUDFHost.exe (process ID:1500) reset policy scheme from {381b4222-f694-41f0-9685-ff5bb260df2e} to {381b4222-f694-41f0-9685-ff5bb260df2e}
Information	22-11-2024 17:01:16	Microsoft-Windows-UserModePowerService	12	(10)	Process C:\Windows\System32\WUDFHost.exe (process ID:1500) reset policy scheme from {381b4222-f694-41f0-9685-ff5bb260df2e} to {381b4222-f694-41f0-9685-ff5bb260df2e}
Information	22-11-2024 17:01:09	Microsoft-Windows-UserModePowerService	12	(10)	Process C:\Windows\System32\WUDFHost.exe (process ID:1500) reset policy scheme from {381b4222-f694-41f0-9685-ff5bb260df2e} to {381b4222-f694-41f0-9685-ff5bb260df2e}
Information	22-11-2024 17:01:06	Microsoft-Windows-UserModePowerService	12	(10)	Process C:\Windows\System32\WUDFHost.exe (process ID:1500) reset policy scheme from {381b4222-f694-41f0-9685-ff5bb260df2e} to {381b4222-f694-41f0-9685-ff5bb260df2e}
Information	22-11-2024 17:01:04	Microsoft-Windows-UserModePowerService	12	(10)	Process C:\Windows\System32\WUDFHost.exe (process ID:1500) reset policy scheme from {381b4222-f694-41f0-9685-ff5bb260df2e} to {381b4222-f694-41f0-9685-ff5bb260df2e}
Information	22-11-2024 17:01:03	Microsoft-Windows-UserModePowerService	12	(10)	Process C:\Windows\System32\WUDFHost.exe (process ID:1500) reset policy scheme from {381b4222-f694-41f0-9685-ff5bb260df2e} to {381b4222-f694-41f0-9685-ff5bb260df2e}
Information	22-11-2024 17:00:30	Microsoft-Windows-UserModePowerService	12	(10)	Process C:\Windows\System32\WUDFHost.exe (process ID:1500) reset policy scheme from {381b4222-f694-41f0-9685-ff5bb260df2e} to {381b4222-f694-41f0-9685-ff5bb260df2e}
Information	22-11-2024 17:00:29	Microsoft-Windows-UserModePowerService	12	(10)	Process C:\Windows\System32\WUDFHost.exe (process ID:1500) reset policy scheme from {381b4222-f694-41f0-9685-ff5bb260df2e} to {381b4222-f694-41f0-9685-ff5bb260df2e}
Information	22-11-2024 17:00:26	Microsoft-Windows-UserModePowerService	12	(10)	Process C:\Windows\System32\WUDFHost.exe (process ID:1500) reset policy scheme from {381b4222-f694-41f0-9685-ff5bb260df2e} to {381b4222-f694-41f0-9685-ff5bb260df2e}
Information	22-11-2024 17:00:25	Microsoft-Windows-UserModePowerService	12	(10)	Process C:\Windows\System32\WUDFHost.exe (process ID:1500) reset policy scheme from {381b4222-f694-41f0-9685-ff5bb260df2e} to {381b4222-f694-41f0-9685-ff5bb260df2e}
Information	22-11-2024 17:00:12	Microsoft-Windows-UserModePowerService	12	(10)	Process C:\Windows\System32\WUDFHost.exe (process ID:1500) reset policy scheme from {381b4222-f694-41f0-9685-ff5bb260df2e} to {381b4222-f694-41f0-9685-ff5bb260df2e}
Information	22-11-2024 17:00:11	Microsoft-Windows-UserModePowerService	12	(10)	Process C:\Windows\System32\WUDFHost.exe (process ID:1500) reset policy scheme from {381b4222-f694-41f0-9685-ff5bb260df2e} to {381b4222-f694-41f0-9685-ff5bb260df2e}
Information	22-11-2024 16:59:32	Microsoft-Windows-UserModePowerService	12	(10)	Process C:\Windows\System32\WUDFHost.exe (process ID:1500) reset policy scheme from {381b4222-f694-41f0-9685-ff5bb260df2e} to {381b4222-f694-41f0-9685-ff5bb260df2e}
Information	22-11-2024 16:59:30	Microsoft-Windows-UserModePowerService	12	(10)	Process C:\Windows\System32\WUDFHost.exe (process ID:1500) reset policy scheme from {381b4222-f694-41f0-9685-ff5bb260df2e} to {381b4222-f694-41f0-9685-ff5bb260df2e}
Information	22-11-2024 16:59:29	Microsoft-Windows-UserModePowerService	12	(10)	Process C:\Windows\System32\WUDFHost.exe (process ID:1500) reset policy scheme from {381b4222-f694-41f0-9685-ff5bb260df2e} to {381b4222-f694-41f0-9685-ff5bb260df2e}
Information	22-11-2024 16:59:26	Microsoft-Windows-UserModePowerService	12	(10)	Process C:\Windows\System32\WUDFHost.exe (process ID:1500) reset policy scheme from {381b4222-f694-41f0-9685-ff5bb260df2e} to {381b4222-f694-41f0-9685-ff5bb260df2e}
Information	22-11-2024 16:59:00	Microsoft-Windows-UserModePowerService	12	(10)	Process C:\Windows\System32\WUDFHost.exe (process ID:1500) reset policy scheme from {381b4222-f694-41f0-9685-ff5bb260df2e} to {381b4222-f694-41f0-9685-ff5bb260df2e}
Information	22-11-2024 16:58:58	Microsoft-Windows-UserModePowerService	12	(10)	Process C:\Windows\System32\WUDFHost.exe (process ID:1500) reset policy scheme from {381b4222-f694-41f0-9685-ff5bb260df2e} to {381b4222-f694-41f0-9685-ff5bb260df2e}
Information	22-11-2024 16:58:47	Microsoft-Windows-UserModePowerService	12	(10)	Process C:\Windows\System32\WUDFHost.exe (process ID:1500) reset policy scheme from {381b4222-f694-41f0-9685-ff5bb260df2e} to {381b4222-f694-41f0-9685-ff5bb260df2e}
Information	22-11-2024 16:58:44	Microsoft-Windows-UserModePowerService	12	(10)	Process C:\Windows\System32\WUDFHost.exe (process ID:1500) reset policy scheme from {381b4222-f694-41f0-9685-ff5bb260df2e} to {381b4222-f694-41f0-9685-ff5bb260df2e}
Information	22-11-2024 16:58:35	Microsoft-Windows-UserModePowerService	12	(10)	Process C:\Windows\System32\WUDFHost.exe (process ID:1500) reset policy scheme from {381b4222-f694-41f0-9685-ff5bb260df2e} to {381b4222-f694-41f0-9685-ff5bb260df2e}
Information	22-11-2024 16:58:33	Microsoft-Windows-UserModePowerService	12	(10)	Process C:\Windows\System32\WUDFHost.exe (process ID:1500) reset policy scheme from {381b4222-f694-41f0-9685-ff5bb260df2e} to {381b4222-f694-41f0-9685-ff5bb260df2e}
Information	22-11-2024 16:58:10	Microsoft-Windows-UserModePowerService	12	(10)	Process C:\Windows\System32\WUDFHost.exe (process ID:1500) reset policy scheme from {381b4222-f694-41f0-9685-ff5bb260df2e} to {381b4222-f694-41f0-9685-ff5bb260df2e}
Information	22-11-2024 16:58:09	Microsoft-Windows-UserModePowerService	12	(10)	Process C:\Windows\System32\WUDFHost.exe (process ID:1500) reset policy scheme from {381b4222-f694-41f0-9685-ff5bb260df2e} to {381b4222-f694-41f0-9685-ff5bb260df2e}
Information	22-11-2024 16:58:05	Microsoft-Windows-UserModePowerService	12	(10)	Process C:\Windows\System32\WUDFHost.exe (process ID:1500) reset policy scheme from {381b4222-f694-41f0-9685-ff5bb260df2e} to {381b4222-f694-41f0-9685-ff5bb260df2e}
Information	22-11-2024 16:58:02	Microsoft-Windows-UserModePowerService	12	(10)	Process C:\Windows\System32\WUDFHost.exe (process ID:1500) reset policy scheme from {381b4222-f694-41f0-9685-ff5bb260df2e} to {381b4222-f694-41f0-9685-ff5bb260df2e}
Information	22-11-2024 16:58:00	Microsoft-Windows-UserModePowerService	12	(10)	Process C:\Windows\System32\WUDFHost.exe (process ID:1500) reset policy scheme from {381b4222-f694-41f0-9685-ff5bb260df2e} to {381b4222-f694-41f0-9685-ff5bb260df2e}
Information	22-11-2024 16:57:59	Microsoft-Windows-UserModePowerService	12	(10)	Process C:\Windows\System32\WUDFHost.exe (process ID:1500) reset policy scheme from {381b4222-f694-41f0-9685-ff5bb260df2e} to {381b4222-f694-41f0-9685-ff5bb260df2e}
Information	22-11-2024 16:57:57	Microsoft-Windows-UserModePowerService	12	(10)	Process C:\Windows\System32\WUDFHost.exe (process ID:1500) reset policy scheme from {381b4222-f694-41f0-9685-ff5bb260df2e} to {381b4222-f694-41f0-9685-ff5bb260df2e}
Information	22-11-2024 16:57:56	Microsoft-Windows-UserModePowerService	12	(10)	Process C:\Windows\System32\WUDFHost.exe (process ID:1500) reset policy scheme from {381b4222-f694-41f0-9685-ff5bb260df2e} to {381b4222-f694-41f0-9685-ff5bb260df2e}
Information	22-11-2024 16:57:51	Microsoft-Windows-UserModePowerService	12	(10)	Process C:\Windows\System32\WUDFHost.exe (process ID:1500) reset policy scheme from {381b4222-f694-41f0-9685-ff5bb260df2e} to {381b4222-f694-41f0-9685-ff5bb260df2e}
Information	22-11-2024 16:57:50	Microsoft-Windows-UserModePowerService	12	(10)	Process C:\Windows\System32\WUDFHost.exe (process ID:1500) reset policy scheme from {381b4222-f694-41f0-9685-ff5bb260df2e} to {381b4222-f694-41f0-9685-ff5bb260df2e}
Information	22-11-2024 16:57:46	Microsoft-Windows-UserModePowerService	12	(10)	Process C:\Windows\System32\WUDFHost.exe (process ID:1500) reset policy scheme from {381b4222-f694-41f0-9685-ff5bb260df2e} to {381b4222-f694-41f0-9685-ff5bb260df2e}
Information	22-11-2024 16:57:44	Microsoft-Windows-UserModePowerService	12	(10)	Process C:\Windows\System32\WUDFHost.exe (process ID:1500) reset policy scheme from {381b4222-f694-41f0-9685-ff5bb260df2e} to {381b4222-f694-41f0-9685-ff5bb260df2e}
Information	22-11-2024 16:57:33	Microsoft-Windows-UserModePowerService	12	(10)	Process C:\Windows\System32\WUDFHost.exe (process ID:1500) reset policy scheme from {381b4222-f694-41f0-9685-ff5bb260df2e} to {381b4222-f694-41f0-9685-ff5bb260df2e}
Information	22-11-2024 16:57:31	Microsoft-Windows-UserModePowerService	12	(10)	Process C:\Windows\System32\WUDFHost.exe (process ID:1500) reset policy scheme from {381b4222-f694-41f0-9685-ff5bb260df2e} to {381b4222-f694-41f0-9685-ff5bb260df2e}
Information	22-11-2024 16:57:25	Microsoft-Windows-UserModePowerService	12	(10)	Process C:\Windows\System32\WUDFHost.exe (process ID:1500) reset policy scheme from {381b4222-f694-41f0-9685-ff5bb260df2e} to {381b4222-f694-41f0-9685-ff5bb260df2e}
Information	22-11-2024 16:57:23	Microsoft-Windows-UserModePowerService	12	(10)	Process C:\Windows\System32\WUDFHost.exe (process ID:1500) reset policy scheme from {381b4222-f694-41f0-9685-ff5bb260df2e} to {381b4222-f694-41f0-9685-ff5bb260df2e}
Information	22-11-2024 16:57:20	Microsoft-Windows-UserModePowerService	12	(10)	Process C:\Windows\System32\WUDFHost.exe (process ID:1500) reset policy scheme from {381b4222-f694-41f0-9685-ff5bb260df2e} to {381b4222-f694-41f0-9685-ff5bb260df2e}
Information	22-11-2024 16:57:19	Microsoft-Windows-UserModePowerService	12	(10)	Process C:\Windows\System32\WUDFHost.exe (process ID:1500) reset policy scheme from {381b4222-f694-41f0-9685-ff5bb260df2e} to {381b4222-f694-41f0-9685-ff5bb260df2e}
Information	22-11-2024 16:57:12	Microsoft-Windows-UserModePowerService	12	(10)	Process C:\Windows\System32\WUDFHost.exe (process ID:1500) reset policy scheme from {381b4222-f694-41f0-9685-ff5bb260df2e} to {381b4222-f694-41f0-9685-ff5bb260df2e}
Information	22-11-2024 16:57:10	Microsoft-Windows-UserModePowerService	12	(10)	Process C:\Windows\System32\WUDFHost.exe (process ID:1500) reset policy scheme from {381b4222-f694-41f0-9685-ff5bb260df2e} to {381b4222-f694-41f0-9685-ff5bb260df2e}
Information	22-11-2024 16:56:54	Microsoft-Windows-UserModePowerService	12	(10)	Process C:\Windows\System32\WUDFHost.exe (process ID:1500) reset policy scheme from {381b4222-f694-41f0-9685-ff5bb260df2e} to {381b4222-f694-41f0-9685-ff5bb260df2e}
Information	22-11-2024 16:56:53	Microsoft-Windows-UserModePowerService	12	(10)	Process C:\Windows\System32\WUDFHost.exe (process ID:1500) reset policy scheme from {381b4222-f694-41f0-9685-ff5bb260df2e} to {381b4222-f694-41f0-9685-ff5bb260df2e}
Information	22-11-2024 16:56:41	Microsoft-Windows-UserModePowerService	12	(10)	Process C:\Windows\System32\WUDFHost.exe (process ID:1500) reset policy scheme from {381b4222-f694-41f0-9685-ff5bb260df2e} to {381b4222-f694-41f0-9685-ff5bb260df2e}
Information	22-11-2024 16:56:39	Microsoft-Windows-UserModePowerService	12	(10)	Process C:\Windows\System32\WUDFHost.exe (process ID:1500) reset policy scheme from {381b4222-f694-41f0-9685-ff5bb260df2e} to {381b4222-f694-41f0-9685-ff5bb260df2e}
Information	22-11-2024 16:56:25	Microsoft-Windows-UserModePowerService	12	(10)	Process C:\Windows\System32\WUDFHost.exe (process ID:1500) reset policy scheme from {381b4222-f694-41f0-9685-ff5bb260df2e} to {381b4222-f694-41f0-9685-ff5bb260df2e}
Information	22-11-2024 16:56:15	Microsoft-Windows-UserModePowerService	12	(10)	Process C:\Windows\System32\WUDFHost.exe (process ID:1500) reset policy scheme from {381b4222-f694-41f0-9685-ff5bb260df2e} to {381b4222-f694-41f0-9685-ff5bb260df2e}
Information	22-11-2024 16:56:11	Microsoft-Windows-UserModePowerService	12	(10)	Process C:\Windows\System32\WUDFHost.exe (process ID:1500) reset policy scheme from {381b4222-f694-41f0-9685-ff5bb260df2e} to {381b4222-f694-41f0-9685-ff5bb260df2e}
Information	22-11-2024 16:56:09	Microsoft-Windows-UserModePowerService	12	(10)	Process C:\Windows\System32\WUDFHost.exe (process ID:1500) reset policy scheme from {381b4222-f694-41f0-9685-ff5bb260df2e} to {381b4222-f694-41f0-9685-ff5bb260df2e}
Information	22-11-2024 16:56:06	Microsoft-Windows-UserModePowerService	12	(10)	Process C:\Windows\System32\WUDFHost.exe (process ID:1500) reset policy scheme from {381b4222-f694-41f0-9685-ff5bb260df2e} to {381b4222-f694-41f0-9685-ff5bb260df2e}
Information	22-11-2024 16:56:04	Microsoft-Windows-UserModePowerService	12	(10)	Process C:\Windows\System32\WUDFHost.exe (process ID:1500) reset policy scheme from {381b4222-f694-41f0-9685-ff5bb260df2e} to {381b4222-f694-41f0-9685-ff5bb260df2e}
Information	22-11-2024 16:55:53	Microsoft-Windows-UserModePowerService	12	(10)	Process C:\Windows\System32\WUDFHost.exe (process ID:1500) reset policy scheme from {381b4222-f694-41f0-9685-ff5bb260df2e} to {381b4222-f694-41f0-9685-ff5bb260df2e}
Information	22-11-2024 16:55:51	Microsoft-Windows-UserModePowerService	12	(10)	Process C:\Windows\System32\WUDFHost.exe (process ID:1500) reset policy scheme from {381b4222-f694-41f0-9685-ff5bb260df2e} to {381b4222-f694-41f0-9685-ff5bb260df2e}
Information	22-11-2024 16:55:36	Microsoft-Windows-UserModePowerService	12	(10)	Process C:\Windows\System32\WUDFHost.exe (process ID:1500) reset policy scheme from {381b4222-f694-41f0-9685-ff5bb260df2e} to {381b4222-f694-41f0-9685-ff5bb260df2e}
Information	22-11-2024 16:55:34	Microsoft-Windows-UserModePowerService	12	(10)	Process C:\Windows\System32\WUDFHost.exe (process ID:1500) reset policy scheme from {381b4222-f694-41f0-9685-ff5bb260df2e} to {381b4222-f694-41f0-9685-ff5bb260df2e}
Information	22-11-2024 16:55:33	Microsoft-Windows-UserModePowerService	12	(10)	Process C:\Windows\System32\WUDFHost.exe (process ID:1500) reset policy scheme from {381b4222-f694-41f0-9685-ff5bb260df2e} to {381b4222-f694-41f0-9685-ff5bb260df2e}
Information	22-11-2024 16:55:30	Microsoft-Windows-UserModePowerService	12	(10)	Process C:\Windows\System32\WUDFHost.exe (process ID:1500) reset policy scheme from {381b4222-f694-41f0-9685-ff5bb260df2e} to {381b4222-f694-41f0-9685-ff5bb260df2e}
Information	22-11-2024 16:55:29	Microsoft-Windows-UserModePowerService	12	(10)	Process C:\Windows\System32\WUDFHost.exe (process ID:1500) reset policy scheme from {381b4222-f694-41f0-9685-ff5bb260df2e} to {381b4222-f694-41f0-9685-ff5bb260df2e}
Information	22-11-2024 16:55:24	Microsoft-Windows-UserModePowerService	12	(10)	Process C:\Windows\System32\WUDFHost.exe (process ID:1500) reset policy scheme from {381b4222-f694-41f0-9685-ff5bb260df2e} to {381b4222-f694-41f0-9685-ff5bb260df2e}
Information	22-11-2024 16:55:07	Microsoft-Windows-UserModePowerService	12	(10)	Process C:\Windows\System32\WUDFHost.exe (process ID:1500) reset policy scheme from {381b4222-f694-41f0-9685-ff5bb260df2e} to {381b4222-f694-41f0-9685-ff5bb260df2e}
Information	22-11-2024 16:55:06	Microsoft-Windows-UserModePowerService	12	(10)	Process C:\Windows\System32\WUDFHost.exe (process ID:1500) reset policy scheme from {381b4222-f694-41f0-9685-ff5bb260df2e} to {381b4222-f694-41f0-9685-ff5bb260df2e}
Information	22-11-2024 16:55:01	Microsoft-Windows-UserModePowerService	12	(10)	Process C:\Windows\System32\WUDFHost.exe (process ID:1500) reset policy scheme from {381b4222-f694-41f0-9685-ff5bb260df2e} to {381b4222-f694-41f0-9685-ff5bb260df2e}
Information	22-11-2024 16:55:00	Microsoft-Windows-UserModePowerService	12	(10)	Process C:\Windows\System32\WUDFHost.exe (process ID:1500) reset policy scheme from {381b4222-f694-41f0-9685-ff5bb260df2e} to {381b4222-f694-41f0-9685-ff5bb260df2e}
Information	22-11-2024 16:54:54	Microsoft-Windows-UserModePowerService	12	(10)	Process C:\Windows\System32\WUDFHost.exe (process ID:1500) reset policy scheme from {381b4222-f694-41f0-9685-ff5bb260df2e} to {381b4222-f694-41f0-9685-ff5bb260df2e}
Information	22-11-2024 16:54:53	Microsoft-Windows-UserModePowerService	12	(10)	Process C:\Windows\System32\WUDFHost.exe (process ID:1500) reset policy scheme from {381b4222-f694-41f0-9685-ff5bb260df2e} to {381b4222-f694-41f0-9685-ff5bb260df2e}
Information	22-11-2024 16:54:38	Microsoft-Windows-UserModePowerService	12	(10)	Process C:\Windows\System32\WUDFHost.exe (process ID:1500) reset policy scheme from {381b4222-f694-41f0-9685-ff5bb260df2e} to {381b4222-f694-41f0-9685-ff5bb260df2e}
Information	22-11-2024 16:54:36	Microsoft-Windows-UserModePowerService	12	(10)	Process C:\Windows\System32\WUDFHost.exe (process ID:1500) reset policy scheme from {381b4222-f694-41f0-9685-ff5bb260df2e} to {381b4222-f694-41f0-9685-ff5bb260df2e}
Information	22-11-2024 16:54:32	Microsoft-Windows-UserModePowerService	12	(10)	Process C:\Windows\System32\WUDFHost.exe (process ID:1500) reset policy scheme from {381b4222-f694-41f0-9685-ff5bb260df2e} to {381b4222-f694-41f0-9685-ff5bb260df2e}
Information	22-11-2024 16:54:31	Microsoft-Windows-UserModePowerService	12	(10)	Process C:\Windows\System32\WUDFHost.exe (process ID:1500) reset policy scheme from {381b4222-f694-41f0-9685-ff5bb260df2e} to {381b4222-f694-41f0-9685-ff5bb260df2e}
Information	22-11-2024 16:54:27	Microsoft-Windows-UserModePowerService	12	(10)	Process C:\Windows\System32\WUDFHost.exe (process ID:1500) reset policy scheme from {381b4222-f694-41f0-9685-ff5bb260df2e} to {381b4222-f694-41f0-9685-ff5bb260df2e}
Information	22-11-2024 16:54:25	Microsoft-Windows-UserModePowerService	12	(10)	Process C:\Windows\System32\WUDFHost.exe (process ID:1500) reset policy scheme from {381b4222-f694-41f0-9685-ff5bb260df2e} to {381b4222-f694-41f0-9685-ff5bb260df2e}
Information	22-11-2024 16:54:14	Microsoft-Windows-UserModePowerService	12	(10)	Process C:\Windows\System32\WUDFHost.exe (process ID:1500) reset policy scheme from {381b4222-f694-41f0-9685-ff5bb260df2e} to {381b4222-f694-41f0-9685-ff5bb260df2e}
Information	22-11-2024 16:54:13	Microsoft-Windows-UserModePowerService	12	(10)	Process C:\Windows\System32\WUDFHost.exe (process ID:1500) reset policy scheme from {381b4222-f694-41f0-9685-ff5bb260df2e} to {381b4222-f694-41f0-9685-ff5bb260df2e}
Information	22-11-2024 16:53:52	Microsoft-Windows-UserModePowerService	12	(10)	Process C:\Windows\System32\WUDFHost.exe (process ID:1500) reset policy scheme from {381b4222-f694-41f0-9685-ff5bb260df2e} to {381b4222-f694-41f0-9685-ff5bb260df2e}
