Information	22-11-2024 13:50:25	Microsoft-Windows-Kernel-General	11	None	TxR init phase for hive \??\GLOBALROOT\Device\HarddiskVolumeShadowCopy35\WINDOWS\System32\config\DRIVERS (TM: {74656a19-a7ed-11ef-b449-f8e43beaddbd}, RM: {74656a18-a7ed-11ef-b449-f8e43beaddbd}) finished with result=0xC00000A2 (Internal code=7).
Information	22-11-2024 13:50:25	Microsoft-Windows-Kernel-General	11	None	TxR init phase for hive \??\GLOBALROOT\Device\HarddiskVolumeShadowCopy35\WINDOWS\System32\config\SYSTEM (TM: {74656a16-a7ed-11ef-b449-f8e43beaddbd}, RM: {74656a15-a7ed-11ef-b449-f8e43beaddbd}) finished with result=0xC00000A2 (Internal code=7).
Information	22-11-2024 13:50:25	Microsoft-Windows-Kernel-General	15	(10)	Hive \??\GLOBALROOT\Device\HarddiskVolumeShadowCopy35\WINDOWS\System32\config\SYSTEM was reorganized with a starting size of 18731008 bytes and an ending size of 18468864 bytes.
Error	22-11-2024 13:50:22	Microsoft-Windows-Ntfs	98	None	"Volume OS (\Device\HarddiskVolumeShadowCopy35) needs to be taken offline to perform a Full Chkdsk.  Please run ""CHKDSK /F"" locally via the command line, or run ""REPAIR-VOLUME <drive:>"" locally or remotely via PowerShell."
Information	22-11-2024 13:50:22	Microsoft-Windows-Ntfs	98	None	Volume DELLSUPPORT (\Device\HarddiskVolumeShadowCopy34) is healthy.  No action is needed.
Information	22-11-2024 13:50:22	Microsoft-Windows-Ntfs	98	None	Volume WINRETOOLS (\Device\HarddiskVolumeShadowCopy33) is healthy.  No action is needed.
Information	22-11-2024 13:50:22	Microsoft-Windows-Ntfs	98	None	Volume Image (\Device\HarddiskVolumeShadowCopy32) is healthy.  No action is needed.
Error	22-11-2024 13:45:03	Volsnap	36	None	The shadow copies of volume C: were aborted because the shadow copy storage could not grow due to a user imposed limit.
Information	22-11-2024 13:43:36	Microsoft-Windows-WindowsUpdateClient	19	Windows Update Agent	Installation Successful: Windows successfully installed the following update: 9N0DX20HK701-Microsoft.WindowsTerminal
Information	22-11-2024 13:43:36	Microsoft-Windows-WindowsUpdateClient	19	Windows Update Agent	Installation Successful: Windows successfully installed the following update: 9WZDNCRD29V9-MICROSOFT.MICROSOFTOFFICEHUB
Information	22-11-2024 13:43:33	Microsoft-Windows-Kernel-General	16	None	The access history in hive \??\C:\Users\laksh\AppData\Local\Packages\Microsoft.WindowsTerminal_8wekyb3d8bbwe\Settings\settings.dat was cleared updating 1 keys and creating 1 modified pages.
Information	22-11-2024 13:43:31	Microsoft-Windows-WindowsUpdateClient	43	Windows Update Agent	Installation Started: Windows has started installing the following update: 9N0DX20HK701-Microsoft.WindowsTerminal
Information	22-11-2024 13:43:31	Microsoft-Windows-WindowsUpdateClient	43	Windows Update Agent	Installation Started: Windows has started installing the following update: 9WZDNCRD29V9-MICROSOFT.MICROSOFTOFFICEHUB
Information	22-11-2024 13:43:27	Microsoft-Windows-Kernel-General	16	None	The access history in hive \??\C:\ProgramData\Microsoft\Windows\AppRepository\Packages\Microsoft.MicrosoftOfficeHub_18.2411.1163.0_x64__8wekyb3d8bbwe\ActivationStore.dat was cleared updating 0 keys and creating 0 modified pages.
Information	22-11-2024 13:43:27	Microsoft-Windows-Kernel-General	16	None	The access history in hive \??\C:\ProgramData\Microsoft\Windows\AppRepository\Packages\Microsoft.WindowsTerminal_1.21.3231.0_x64__8wekyb3d8bbwe\ActivationStore.dat was cleared updating 0 keys and creating 0 modified pages.
Information	22-11-2024 13:42:57	Microsoft-Windows-WindowsUpdateClient	44	Windows Update Agent	Windows Update started downloading an update.
Information	22-11-2024 13:42:57	Microsoft-Windows-WindowsUpdateClient	44	Windows Update Agent	Windows Update started downloading an update.
Information	22-11-2024 13:42:52	Microsoft-Windows-UserModePowerService	12	(10)	Process C:\Windows\System32\WUDFHost.exe (process ID:1500) reset policy scheme from {381b4222-f694-41f0-9685-ff5bb260df2e} to {381b4222-f694-41f0-9685-ff5bb260df2e}
Information	22-11-2024 13:42:40	Microsoft-Windows-UserModePowerService	12	(10)	Process C:\Windows\System32\WUDFHost.exe (process ID:1500) reset policy scheme from {381b4222-f694-41f0-9685-ff5bb260df2e} to {381b4222-f694-41f0-9685-ff5bb260df2e}
Information	22-11-2024 13:42:36	Microsoft-Windows-UserModePowerService	12	(10)	Process C:\Windows\System32\WUDFHost.exe (process ID:1500) reset policy scheme from {381b4222-f694-41f0-9685-ff5bb260df2e} to {381b4222-f694-41f0-9685-ff5bb260df2e}
Information	22-11-2024 13:38:54	Microsoft-Windows-UserModePowerService	12	(10)	Process C:\Windows\System32\WUDFHost.exe (process ID:1500) reset policy scheme from {381b4222-f694-41f0-9685-ff5bb260df2e} to {381b4222-f694-41f0-9685-ff5bb260df2e}
Information	22-11-2024 13:38:40	Microsoft-Windows-UserModePowerService	12	(10)	Process C:\Windows\System32\WUDFHost.exe (process ID:1500) reset policy scheme from {381b4222-f694-41f0-9685-ff5bb260df2e} to {381b4222-f694-41f0-9685-ff5bb260df2e}
Information	22-11-2024 13:38:36	Microsoft-Windows-UserModePowerService	12	(10)	Process C:\Windows\System32\WUDFHost.exe (process ID:1500) reset policy scheme from {381b4222-f694-41f0-9685-ff5bb260df2e} to {381b4222-f694-41f0-9685-ff5bb260df2e}
Information	22-11-2024 13:38:32	Microsoft-Windows-UserModePowerService	12	(10)	Process C:\Windows\System32\WUDFHost.exe (process ID:1500) reset policy scheme from {381b4222-f694-41f0-9685-ff5bb260df2e} to {381b4222-f694-41f0-9685-ff5bb260df2e}
Information	22-11-2024 13:37:43	Microsoft-Windows-UserModePowerService	12	(10)	Process C:\Windows\System32\WUDFHost.exe (process ID:1500) reset policy scheme from {381b4222-f694-41f0-9685-ff5bb260df2e} to {381b4222-f694-41f0-9685-ff5bb260df2e}
Information	22-11-2024 13:37:38	Microsoft-Windows-UserModePowerService	12	(10)	Process C:\Windows\System32\WUDFHost.exe (process ID:1500) reset policy scheme from {381b4222-f694-41f0-9685-ff5bb260df2e} to {381b4222-f694-41f0-9685-ff5bb260df2e}
Information	22-11-2024 13:37:34	Microsoft-Windows-UserModePowerService	12	(10)	Process C:\Windows\System32\WUDFHost.exe (process ID:1500) reset policy scheme from {381b4222-f694-41f0-9685-ff5bb260df2e} to {381b4222-f694-41f0-9685-ff5bb260df2e}
Information	22-11-2024 13:37:29	Microsoft-Windows-UserModePowerService	12	(10)	Process C:\Windows\System32\WUDFHost.exe (process ID:1500) reset policy scheme from {381b4222-f694-41f0-9685-ff5bb260df2e} to {381b4222-f694-41f0-9685-ff5bb260df2e}
Information	22-11-2024 13:37:27	Microsoft-Windows-UserModePowerService	12	(10)	Process C:\Windows\System32\WUDFHost.exe (process ID:1500) reset policy scheme from {381b4222-f694-41f0-9685-ff5bb260df2e} to {381b4222-f694-41f0-9685-ff5bb260df2e}
Information	22-11-2024 13:37:19	Microsoft-Windows-UserModePowerService	12	(10)	Process C:\Windows\System32\WUDFHost.exe (process ID:1500) reset policy scheme from {381b4222-f694-41f0-9685-ff5bb260df2e} to {381b4222-f694-41f0-9685-ff5bb260df2e}
Information	22-11-2024 13:37:15	Microsoft-Windows-UserModePowerService	12	(10)	Process C:\Windows\System32\WUDFHost.exe (process ID:1500) reset policy scheme from {381b4222-f694-41f0-9685-ff5bb260df2e} to {381b4222-f694-41f0-9685-ff5bb260df2e}
Information	22-11-2024 13:37:15	Microsoft-Windows-UserModePowerService	12	(10)	Process C:\Windows\System32\WUDFHost.exe (process ID:1500) reset policy scheme from {381b4222-f694-41f0-9685-ff5bb260df2e} to {381b4222-f694-41f0-9685-ff5bb260df2e}
Information	22-11-2024 13:36:52	Microsoft-Windows-UserModePowerService	12	(10)	Process C:\Windows\System32\WUDFHost.exe (process ID:1500) reset policy scheme from {381b4222-f694-41f0-9685-ff5bb260df2e} to {381b4222-f694-41f0-9685-ff5bb260df2e}
Information	22-11-2024 13:36:47	Microsoft-Windows-UserModePowerService	12	(10)	Process C:\Windows\System32\WUDFHost.exe (process ID:1500) reset policy scheme from {381b4222-f694-41f0-9685-ff5bb260df2e} to {381b4222-f694-41f0-9685-ff5bb260df2e}
Information	22-11-2024 13:36:23	Microsoft-Windows-UserModePowerService	12	(10)	Process C:\Windows\System32\WUDFHost.exe (process ID:1500) reset policy scheme from {381b4222-f694-41f0-9685-ff5bb260df2e} to {381b4222-f694-41f0-9685-ff5bb260df2e}
Information	22-11-2024 13:36:20	Microsoft-Windows-UserModePowerService	12	(10)	Process C:\Windows\System32\WUDFHost.exe (process ID:1500) reset policy scheme from {381b4222-f694-41f0-9685-ff5bb260df2e} to {381b4222-f694-41f0-9685-ff5bb260df2e}
Information	22-11-2024 13:35:49	Microsoft-Windows-UserModePowerService	12	(10)	Process C:\Windows\System32\WUDFHost.exe (process ID:1500) reset policy scheme from {381b4222-f694-41f0-9685-ff5bb260df2e} to {381b4222-f694-41f0-9685-ff5bb260df2e}
Information	22-11-2024 13:35:46	Microsoft-Windows-UserModePowerService	12	(10)	Process C:\Windows\System32\WUDFHost.exe (process ID:1500) reset policy scheme from {381b4222-f694-41f0-9685-ff5bb260df2e} to {381b4222-f694-41f0-9685-ff5bb260df2e}
Information	22-11-2024 13:35:09	Microsoft-Windows-UserModePowerService	12	(10)	Process C:\Windows\System32\WUDFHost.exe (process ID:1500) reset policy scheme from {381b4222-f694-41f0-9685-ff5bb260df2e} to {381b4222-f694-41f0-9685-ff5bb260df2e}
Information	22-11-2024 13:35:04	Microsoft-Windows-UserModePowerService	12	(10)	Process C:\Windows\System32\WUDFHost.exe (process ID:1500) reset policy scheme from {381b4222-f694-41f0-9685-ff5bb260df2e} to {381b4222-f694-41f0-9685-ff5bb260df2e}
Information	22-11-2024 13:34:59	Microsoft-Windows-UserModePowerService	12	(10)	Process C:\Windows\System32\WUDFHost.exe (process ID:1500) reset policy scheme from {381b4222-f694-41f0-9685-ff5bb260df2e} to {381b4222-f694-41f0-9685-ff5bb260df2e}
Information	22-11-2024 13:34:58	Microsoft-Windows-UserModePowerService	12	(10)	Process C:\Windows\System32\WUDFHost.exe (process ID:1500) reset policy scheme from {381b4222-f694-41f0-9685-ff5bb260df2e} to {381b4222-f694-41f0-9685-ff5bb260df2e}
Information	22-11-2024 13:34:16	Microsoft-Windows-UserModePowerService	12	(10)	Process C:\Windows\System32\WUDFHost.exe (process ID:1500) reset policy scheme from {381b4222-f694-41f0-9685-ff5bb260df2e} to {381b4222-f694-41f0-9685-ff5bb260df2e}
Information	22-11-2024 13:34:13	Microsoft-Windows-UserModePowerService	12	(10)	Process C:\Windows\System32\WUDFHost.exe (process ID:1500) reset policy scheme from {381b4222-f694-41f0-9685-ff5bb260df2e} to {381b4222-f694-41f0-9685-ff5bb260df2e}
Information	22-11-2024 13:33:31	Microsoft-Windows-UserModePowerService	12	(10)	Process C:\Windows\System32\WUDFHost.exe (process ID:1500) reset policy scheme from {381b4222-f694-41f0-9685-ff5bb260df2e} to {381b4222-f694-41f0-9685-ff5bb260df2e}
Information	22-11-2024 13:33:26	Microsoft-Windows-UserModePowerService	12	(10)	Process C:\Windows\System32\WUDFHost.exe (process ID:1500) reset policy scheme from {381b4222-f694-41f0-9685-ff5bb260df2e} to {381b4222-f694-41f0-9685-ff5bb260df2e}
Information	22-11-2024 13:32:46	Microsoft-Windows-UserModePowerService	12	(10)	Process C:\Windows\System32\WUDFHost.exe (process ID:1500) reset policy scheme from {381b4222-f694-41f0-9685-ff5bb260df2e} to {381b4222-f694-41f0-9685-ff5bb260df2e}
Information	22-11-2024 13:32:42	Microsoft-Windows-UserModePowerService	12	(10)	Process C:\Windows\System32\WUDFHost.exe (process ID:1500) reset policy scheme from {381b4222-f694-41f0-9685-ff5bb260df2e} to {381b4222-f694-41f0-9685-ff5bb260df2e}
Information	22-11-2024 13:31:50	Microsoft-Windows-UserModePowerService	12	(10)	Process C:\Windows\System32\WUDFHost.exe (process ID:1500) reset policy scheme from {381b4222-f694-41f0-9685-ff5bb260df2e} to {381b4222-f694-41f0-9685-ff5bb260df2e}
Information	22-11-2024 13:31:49	Microsoft-Windows-UserModePowerService	12	(10)	Process C:\Windows\System32\WUDFHost.exe (process ID:1500) reset policy scheme from {381b4222-f694-41f0-9685-ff5bb260df2e} to {381b4222-f694-41f0-9685-ff5bb260df2e}
Information	22-11-2024 13:31:04	Microsoft-Windows-UserModePowerService	12	(10)	Process C:\Windows\System32\WUDFHost.exe (process ID:1500) reset policy scheme from {381b4222-f694-41f0-9685-ff5bb260df2e} to {381b4222-f694-41f0-9685-ff5bb260df2e}
Information	22-11-2024 13:31:00	Microsoft-Windows-UserModePowerService	12	(10)	Process C:\Windows\System32\WUDFHost.exe (process ID:1500) reset policy scheme from {381b4222-f694-41f0-9685-ff5bb260df2e} to {381b4222-f694-41f0-9685-ff5bb260df2e}
Information	22-11-2024 13:30:15	Microsoft-Windows-UserModePowerService	12	(10)	Process C:\Windows\System32\WUDFHost.exe (process ID:1500) reset policy scheme from {381b4222-f694-41f0-9685-ff5bb260df2e} to {381b4222-f694-41f0-9685-ff5bb260df2e}
Information	22-11-2024 13:30:12	Microsoft-Windows-UserModePowerService	12	(10)	Process C:\Windows\System32\WUDFHost.exe (process ID:1500) reset policy scheme from {381b4222-f694-41f0-9685-ff5bb260df2e} to {381b4222-f694-41f0-9685-ff5bb260df2e}
Information	22-11-2024 13:29:48	Microsoft-Windows-UserModePowerService	12	(10)	Process C:\Windows\System32\WUDFHost.exe (process ID:1500) reset policy scheme from {381b4222-f694-41f0-9685-ff5bb260df2e} to {381b4222-f694-41f0-9685-ff5bb260df2e}
Information	22-11-2024 13:29:45	Microsoft-Windows-UserModePowerService	12	(10)	Process C:\Windows\System32\WUDFHost.exe (process ID:1500) reset policy scheme from {381b4222-f694-41f0-9685-ff5bb260df2e} to {381b4222-f694-41f0-9685-ff5bb260df2e}
Information	22-11-2024 13:29:25	Microsoft-Windows-UserModePowerService	12	(10)	Process C:\Windows\System32\WUDFHost.exe (process ID:1500) reset policy scheme from {381b4222-f694-41f0-9685-ff5bb260df2e} to {381b4222-f694-41f0-9685-ff5bb260df2e}
Information	22-11-2024 13:29:21	Microsoft-Windows-UserModePowerService	12	(10)	Process C:\Windows\System32\WUDFHost.exe (process ID:1500) reset policy scheme from {381b4222-f694-41f0-9685-ff5bb260df2e} to {381b4222-f694-41f0-9685-ff5bb260df2e}
Information	22-11-2024 13:29:20	Microsoft-Windows-UserModePowerService	12	(10)	Process C:\Windows\System32\WUDFHost.exe (process ID:1500) reset policy scheme from {381b4222-f694-41f0-9685-ff5bb260df2e} to {381b4222-f694-41f0-9685-ff5bb260df2e}
Information	22-11-2024 13:29:16	Microsoft-Windows-UserModePowerService	12	(10)	Process C:\Windows\System32\WUDFHost.exe (process ID:1500) reset policy scheme from {381b4222-f694-41f0-9685-ff5bb260df2e} to {381b4222-f694-41f0-9685-ff5bb260df2e}
Information	22-11-2024 13:29:15	Microsoft-Windows-UserModePowerService	12	(10)	Process C:\Windows\System32\WUDFHost.exe (process ID:1500) reset policy scheme from {381b4222-f694-41f0-9685-ff5bb260df2e} to {381b4222-f694-41f0-9685-ff5bb260df2e}
Warning	22-11-2024 13:28:33	Microsoft-Windows-DNS-Client	1014	(1014)	Name resolution for the name _ldap._tcp.dc._msdcs.iiit.ac.in. timed out after none of the configured DNS servers responded. Client PID 1916.
Information	22-11-2024 13:28:10	Microsoft-Windows-UserModePowerService	12	(10)	Process C:\Windows\System32\WUDFHost.exe (process ID:1500) reset policy scheme from {381b4222-f694-41f0-9685-ff5bb260df2e} to {381b4222-f694-41f0-9685-ff5bb260df2e}
Information	22-11-2024 13:28:06	Microsoft-Windows-UserModePowerService	12	(10)	Process C:\Windows\System32\WUDFHost.exe (process ID:1500) reset policy scheme from {381b4222-f694-41f0-9685-ff5bb260df2e} to {381b4222-f694-41f0-9685-ff5bb260df2e}
Information	22-11-2024 13:28:06	Microsoft-Windows-UserModePowerService	12	(10)	Process C:\Windows\System32\WUDFHost.exe (process ID:1500) reset policy scheme from {381b4222-f694-41f0-9685-ff5bb260df2e} to {381b4222-f694-41f0-9685-ff5bb260df2e}
Information	22-11-2024 13:27:50	Microsoft-Windows-UserModePowerService	12	(10)	Process C:\Windows\System32\WUDFHost.exe (process ID:1500) reset policy scheme from {381b4222-f694-41f0-9685-ff5bb260df2e} to {381b4222-f694-41f0-9685-ff5bb260df2e}
Information	22-11-2024 13:27:45	Microsoft-Windows-UserModePowerService	12	(10)	Process C:\Windows\System32\WUDFHost.exe (process ID:1500) reset policy scheme from {381b4222-f694-41f0-9685-ff5bb260df2e} to {381b4222-f694-41f0-9685-ff5bb260df2e}
Information	22-11-2024 13:27:44	Microsoft-Windows-UserModePowerService	12	(10)	Process C:\Windows\System32\WUDFHost.exe (process ID:1500) reset policy scheme from {381b4222-f694-41f0-9685-ff5bb260df2e} to {381b4222-f694-41f0-9685-ff5bb260df2e}
Information	22-11-2024 13:27:36	Microsoft-Windows-UserModePowerService	12	(10)	Process C:\Windows\System32\WUDFHost.exe (process ID:1500) reset policy scheme from {381b4222-f694-41f0-9685-ff5bb260df2e} to {381b4222-f694-41f0-9685-ff5bb260df2e}
Information	22-11-2024 13:27:26	Microsoft-Windows-UserModePowerService	12	(10)	Process C:\Windows\System32\WUDFHost.exe (process ID:1500) reset policy scheme from {381b4222-f694-41f0-9685-ff5bb260df2e} to {381b4222-f694-41f0-9685-ff5bb260df2e}
Information	22-11-2024 13:27:24	Microsoft-Windows-UserModePowerService	12	(10)	Process C:\Windows\System32\WUDFHost.exe (process ID:1500) reset policy scheme from {381b4222-f694-41f0-9685-ff5bb260df2e} to {381b4222-f694-41f0-9685-ff5bb260df2e}
Information	22-11-2024 13:27:23	Microsoft-Windows-UserModePowerService	12	(10)	Process C:\Windows\System32\WUDFHost.exe (process ID:1500) reset policy scheme from {381b4222-f694-41f0-9685-ff5bb260df2e} to {381b4222-f694-41f0-9685-ff5bb260df2e}
Information	22-11-2024 13:27:07	Microsoft-Windows-UserModePowerService	12	(10)	Process C:\Windows\System32\WUDFHost.exe (process ID:1500) reset policy scheme from {381b4222-f694-41f0-9685-ff5bb260df2e} to {381b4222-f694-41f0-9685-ff5bb260df2e}
Information	22-11-2024 13:27:01	Microsoft-Windows-UserModePowerService	12	(10)	Process C:\Windows\System32\WUDFHost.exe (process ID:1500) reset policy scheme from {381b4222-f694-41f0-9685-ff5bb260df2e} to {381b4222-f694-41f0-9685-ff5bb260df2e}
Information	22-11-2024 13:25:56	Microsoft-Windows-UserModePowerService	12	(10)	Process C:\Windows\System32\WUDFHost.exe (process ID:1500) reset policy scheme from {381b4222-f694-41f0-9685-ff5bb260df2e} to {381b4222-f694-41f0-9685-ff5bb260df2e}
Information	22-11-2024 13:25:52	Microsoft-Windows-UserModePowerService	12	(10)	Process C:\Windows\System32\WUDFHost.exe (process ID:1500) reset policy scheme from {381b4222-f694-41f0-9685-ff5bb260df2e} to {381b4222-f694-41f0-9685-ff5bb260df2e}
Information	22-11-2024 13:25:41	Microsoft-Windows-UserModePowerService	12	(10)	Process C:\Windows\System32\WUDFHost.exe (process ID:1500) reset policy scheme from {381b4222-f694-41f0-9685-ff5bb260df2e} to {381b4222-f694-41f0-9685-ff5bb260df2e}
Information	22-11-2024 13:25:37	Microsoft-Windows-UserModePowerService	12	(10)	Process C:\Windows\System32\WUDFHost.exe (process ID:1500) reset policy scheme from {381b4222-f694-41f0-9685-ff5bb260df2e} to {381b4222-f694-41f0-9685-ff5bb260df2e}
Information	22-11-2024 13:25:36	Microsoft-Windows-UserModePowerService	12	(10)	Process C:\Windows\System32\WUDFHost.exe (process ID:1500) reset policy scheme from {381b4222-f694-41f0-9685-ff5bb260df2e} to {381b4222-f694-41f0-9685-ff5bb260df2e}
Information	22-11-2024 13:25:29	Microsoft-Windows-UserModePowerService	12	(10)	Process C:\Windows\System32\WUDFHost.exe (process ID:1500) reset policy scheme from {381b4222-f694-41f0-9685-ff5bb260df2e} to {381b4222-f694-41f0-9685-ff5bb260df2e}
Information	22-11-2024 13:25:28	Microsoft-Windows-UserModePowerService	12	(10)	Process C:\Windows\System32\WUDFHost.exe (process ID:1500) reset policy scheme from {381b4222-f694-41f0-9685-ff5bb260df2e} to {381b4222-f694-41f0-9685-ff5bb260df2e}
Information	22-11-2024 13:25:21	Microsoft-Windows-UserModePowerService	12	(10)	Process C:\Windows\System32\WUDFHost.exe (process ID:1500) reset policy scheme from {381b4222-f694-41f0-9685-ff5bb260df2e} to {381b4222-f694-41f0-9685-ff5bb260df2e}
Information	22-11-2024 13:25:16	Microsoft-Windows-UserModePowerService	12	(10)	Process C:\Windows\System32\WUDFHost.exe (process ID:1500) reset policy scheme from {381b4222-f694-41f0-9685-ff5bb260df2e} to {381b4222-f694-41f0-9685-ff5bb260df2e}
Information	22-11-2024 13:25:13	Microsoft-Windows-UserModePowerService	12	(10)	Process C:\Windows\System32\WUDFHost.exe (process ID:1500) reset policy scheme from {381b4222-f694-41f0-9685-ff5bb260df2e} to {381b4222-f694-41f0-9685-ff5bb260df2e}
Information	22-11-2024 13:25:08	Microsoft-Windows-UserModePowerService	12	(10)	Process C:\Windows\System32\WUDFHost.exe (process ID:1500) reset policy scheme from {381b4222-f694-41f0-9685-ff5bb260df2e} to {381b4222-f694-41f0-9685-ff5bb260df2e}
Information	22-11-2024 13:25:06	Microsoft-Windows-UserModePowerService	12	(10)	Process C:\Windows\System32\WUDFHost.exe (process ID:1500) reset policy scheme from {381b4222-f694-41f0-9685-ff5bb260df2e} to {381b4222-f694-41f0-9685-ff5bb260df2e}
Information	22-11-2024 13:24:39	Microsoft-Windows-UserModePowerService	12	(10)	Process C:\Windows\System32\WUDFHost.exe (process ID:1500) reset policy scheme from {381b4222-f694-41f0-9685-ff5bb260df2e} to {381b4222-f694-41f0-9685-ff5bb260df2e}
Information	22-11-2024 13:24:05	Microsoft-Windows-UserModePowerService	12	(10)	Process C:\Windows\System32\WUDFHost.exe (process ID:1500) reset policy scheme from {381b4222-f694-41f0-9685-ff5bb260df2e} to {381b4222-f694-41f0-9685-ff5bb260df2e}
Information	22-11-2024 13:24:04	Microsoft-Windows-UserModePowerService	12	(10)	Process C:\Windows\System32\WUDFHost.exe (process ID:1500) reset policy scheme from {381b4222-f694-41f0-9685-ff5bb260df2e} to {381b4222-f694-41f0-9685-ff5bb260df2e}
Information	22-11-2024 13:24:03	Microsoft-Windows-UserModePowerService	12	(10)	Process C:\Windows\System32\WUDFHost.exe (process ID:1500) reset policy scheme from {381b4222-f694-41f0-9685-ff5bb260df2e} to {381b4222-f694-41f0-9685-ff5bb260df2e}
Information	22-11-2024 13:23:27	Microsoft-Windows-UserModePowerService	12	(10)	Process C:\Windows\System32\WUDFHost.exe (process ID:1500) reset policy scheme from {381b4222-f694-41f0-9685-ff5bb260df2e} to {381b4222-f694-41f0-9685-ff5bb260df2e}
Information	22-11-2024 13:23:23	Microsoft-Windows-UserModePowerService	12	(10)	Process C:\Windows\System32\WUDFHost.exe (process ID:1500) reset policy scheme from {381b4222-f694-41f0-9685-ff5bb260df2e} to {381b4222-f694-41f0-9685-ff5bb260df2e}
Information	22-11-2024 13:22:28	Microsoft-Windows-UserModePowerService	12	(10)	Process C:\Windows\System32\WUDFHost.exe (process ID:1500) reset policy scheme from {381b4222-f694-41f0-9685-ff5bb260df2e} to {381b4222-f694-41f0-9685-ff5bb260df2e}
Information	22-11-2024 13:22:24	Microsoft-Windows-UserModePowerService	12	(10)	Process C:\Windows\System32\WUDFHost.exe (process ID:1500) reset policy scheme from {381b4222-f694-41f0-9685-ff5bb260df2e} to {381b4222-f694-41f0-9685-ff5bb260df2e}
Information	22-11-2024 13:22:23	Microsoft-Windows-UserModePowerService	12	(10)	Process C:\Windows\System32\WUDFHost.exe (process ID:1500) reset policy scheme from {381b4222-f694-41f0-9685-ff5bb260df2e} to {381b4222-f694-41f0-9685-ff5bb260df2e}
Information	22-11-2024 13:22:23	Microsoft-Windows-UserModePowerService	12	(10)	Process C:\Windows\System32\WUDFHost.exe (process ID:1500) reset policy scheme from {381b4222-f694-41f0-9685-ff5bb260df2e} to {381b4222-f694-41f0-9685-ff5bb260df2e}
Information	22-11-2024 13:22:08	Microsoft-Windows-UserModePowerService	12	(10)	Process C:\Windows\System32\WUDFHost.exe (process ID:1500) reset policy scheme from {381b4222-f694-41f0-9685-ff5bb260df2e} to {381b4222-f694-41f0-9685-ff5bb260df2e}
Information	22-11-2024 13:22:04	Microsoft-Windows-UserModePowerService	12	(10)	Process C:\Windows\System32\WUDFHost.exe (process ID:1500) reset policy scheme from {381b4222-f694-41f0-9685-ff5bb260df2e} to {381b4222-f694-41f0-9685-ff5bb260df2e}
Information	22-11-2024 13:22:03	Microsoft-Windows-UserModePowerService	12	(10)	Process C:\Windows\System32\WUDFHost.exe (process ID:1500) reset policy scheme from {381b4222-f694-41f0-9685-ff5bb260df2e} to {381b4222-f694-41f0-9685-ff5bb260df2e}
Information	22-11-2024 13:22:03	Microsoft-Windows-UserModePowerService	12	(10)	Process C:\Windows\System32\WUDFHost.exe (process ID:1500) reset policy scheme from {381b4222-f694-41f0-9685-ff5bb260df2e} to {381b4222-f694-41f0-9685-ff5bb260df2e}
Information	22-11-2024 13:22:01	Microsoft-Windows-UserModePowerService	12	(10)	Process C:\Windows\System32\WUDFHost.exe (process ID:1500) reset policy scheme from {381b4222-f694-41f0-9685-ff5bb260df2e} to {381b4222-f694-41f0-9685-ff5bb260df2e}
Information	22-11-2024 13:21:57	Microsoft-Windows-UserModePowerService	12	(10)	Process C:\Windows\System32\WUDFHost.exe (process ID:1500) reset policy scheme from {381b4222-f694-41f0-9685-ff5bb260df2e} to {381b4222-f694-41f0-9685-ff5bb260df2e}
Information	22-11-2024 13:21:56	Microsoft-Windows-UserModePowerService	12	(10)	Process C:\Windows\System32\WUDFHost.exe (process ID:1500) reset policy scheme from {381b4222-f694-41f0-9685-ff5bb260df2e} to {381b4222-f694-41f0-9685-ff5bb260df2e}
Information	22-11-2024 13:21:51	Microsoft-Windows-UserModePowerService	12	(10)	Process C:\Windows\System32\WUDFHost.exe (process ID:1500) reset policy scheme from {381b4222-f694-41f0-9685-ff5bb260df2e} to {381b4222-f694-41f0-9685-ff5bb260df2e}
Information	22-11-2024 13:21:47	Microsoft-Windows-UserModePowerService	12	(10)	Process C:\Windows\System32\WUDFHost.exe (process ID:1500) reset policy scheme from {381b4222-f694-41f0-9685-ff5bb260df2e} to {381b4222-f694-41f0-9685-ff5bb260df2e}
Information	22-11-2024 13:21:44	Microsoft-Windows-UserModePowerService	12	(10)	Process C:\Windows\System32\WUDFHost.exe (process ID:1500) reset policy scheme from {381b4222-f694-41f0-9685-ff5bb260df2e} to {381b4222-f694-41f0-9685-ff5bb260df2e}
Information	22-11-2024 13:21:39	Microsoft-Windows-UserModePowerService	12	(10)	Process C:\Windows\System32\WUDFHost.exe (process ID:1500) reset policy scheme from {381b4222-f694-41f0-9685-ff5bb260df2e} to {381b4222-f694-41f0-9685-ff5bb260df2e}
Information	22-11-2024 13:21:22	Microsoft-Windows-UserModePowerService	12	(10)	Process C:\Windows\System32\WUDFHost.exe (process ID:1500) reset policy scheme from {381b4222-f694-41f0-9685-ff5bb260df2e} to {381b4222-f694-41f0-9685-ff5bb260df2e}
Information	22-11-2024 13:21:18	Microsoft-Windows-UserModePowerService	12	(10)	Process C:\Windows\System32\WUDFHost.exe (process ID:1500) reset policy scheme from {381b4222-f694-41f0-9685-ff5bb260df2e} to {381b4222-f694-41f0-9685-ff5bb260df2e}
Information	22-11-2024 13:21:17	Microsoft-Windows-UserModePowerService	12	(10)	Process C:\Windows\System32\WUDFHost.exe (process ID:1500) reset policy scheme from {381b4222-f694-41f0-9685-ff5bb260df2e} to {381b4222-f694-41f0-9685-ff5bb260df2e}
Information	22-11-2024 13:21:15	Microsoft-Windows-UserModePowerService	12	(10)	Process C:\Windows\System32\WUDFHost.exe (process ID:1500) reset policy scheme from {381b4222-f694-41f0-9685-ff5bb260df2e} to {381b4222-f694-41f0-9685-ff5bb260df2e}
Information	22-11-2024 13:21:15	Microsoft-Windows-UserModePowerService	12	(10)	Process C:\Windows\System32\WUDFHost.exe (process ID:1500) reset policy scheme from {381b4222-f694-41f0-9685-ff5bb260df2e} to {381b4222-f694-41f0-9685-ff5bb260df2e}
Information	22-11-2024 13:21:13	Microsoft-Windows-UserModePowerService	12	(10)	Process C:\Windows\System32\WUDFHost.exe (process ID:1500) reset policy scheme from {381b4222-f694-41f0-9685-ff5bb260df2e} to {381b4222-f694-41f0-9685-ff5bb260df2e}
Information	22-11-2024 13:21:02	Microsoft-Windows-UserModePowerService	12	(10)	Process C:\Windows\System32\WUDFHost.exe (process ID:1500) reset policy scheme from {381b4222-f694-41f0-9685-ff5bb260df2e} to {381b4222-f694-41f0-9685-ff5bb260df2e}
Information	22-11-2024 13:20:57	Microsoft-Windows-UserModePowerService	12	(10)	Process C:\Windows\System32\WUDFHost.exe (process ID:1500) reset policy scheme from {381b4222-f694-41f0-9685-ff5bb260df2e} to {381b4222-f694-41f0-9685-ff5bb260df2e}
Information	22-11-2024 13:20:56	Microsoft-Windows-UserModePowerService	12	(10)	Process C:\Windows\System32\WUDFHost.exe (process ID:1500) reset policy scheme from {381b4222-f694-41f0-9685-ff5bb260df2e} to {381b4222-f694-41f0-9685-ff5bb260df2e}
Information	22-11-2024 13:20:55	Microsoft-Windows-UserModePowerService	12	(10)	Process C:\Windows\System32\WUDFHost.exe (process ID:1500) reset policy scheme from {381b4222-f694-41f0-9685-ff5bb260df2e} to {381b4222-f694-41f0-9685-ff5bb260df2e}
Information	22-11-2024 13:20:52	Microsoft-Windows-UserModePowerService	12	(10)	Process C:\Windows\System32\WUDFHost.exe (process ID:1500) reset policy scheme from {381b4222-f694-41f0-9685-ff5bb260df2e} to {381b4222-f694-41f0-9685-ff5bb260df2e}
Information	22-11-2024 13:20:50	Microsoft-Windows-UserModePowerService	12	(10)	Process C:\Windows\System32\WUDFHost.exe (process ID:1500) reset policy scheme from {381b4222-f694-41f0-9685-ff5bb260df2e} to {381b4222-f694-41f0-9685-ff5bb260df2e}
Information	22-11-2024 13:20:50	Microsoft-Windows-UserModePowerService	12	(10)	Process C:\Windows\System32\WUDFHost.exe (process ID:1500) reset policy scheme from {381b4222-f694-41f0-9685-ff5bb260df2e} to {381b4222-f694-41f0-9685-ff5bb260df2e}
Information	22-11-2024 13:20:49	Microsoft-Windows-UserModePowerService	12	(10)	Process C:\Windows\System32\WUDFHost.exe (process ID:1500) reset policy scheme from {381b4222-f694-41f0-9685-ff5bb260df2e} to {381b4222-f694-41f0-9685-ff5bb260df2e}
Information	22-11-2024 13:20:48	Microsoft-Windows-UserModePowerService	12	(10)	Process C:\Windows\System32\WUDFHost.exe (process ID:1500) reset policy scheme from {381b4222-f694-41f0-9685-ff5bb260df2e} to {381b4222-f694-41f0-9685-ff5bb260df2e}
Information	22-11-2024 13:20:47	Microsoft-Windows-UserModePowerService	12	(10)	Process C:\Windows\System32\WUDFHost.exe (process ID:1500) reset policy scheme from {381b4222-f694-41f0-9685-ff5bb260df2e} to {381b4222-f694-41f0-9685-ff5bb260df2e}
Information	22-11-2024 13:20:44	Microsoft-Windows-UserModePowerService	12	(10)	Process C:\Windows\System32\WUDFHost.exe (process ID:1500) reset policy scheme from {381b4222-f694-41f0-9685-ff5bb260df2e} to {381b4222-f694-41f0-9685-ff5bb260df2e}
Information	22-11-2024 13:20:33	Microsoft-Windows-UserModePowerService	12	(10)	Process C:\Windows\System32\WUDFHost.exe (process ID:1500) reset policy scheme from {381b4222-f694-41f0-9685-ff5bb260df2e} to {381b4222-f694-41f0-9685-ff5bb260df2e}
Information	22-11-2024 13:20:28	Microsoft-Windows-UserModePowerService	12	(10)	Process C:\Windows\System32\WUDFHost.exe (process ID:1500) reset policy scheme from {381b4222-f694-41f0-9685-ff5bb260df2e} to {381b4222-f694-41f0-9685-ff5bb260df2e}
Information	22-11-2024 13:20:28	Microsoft-Windows-UserModePowerService	12	(10)	Process C:\Windows\System32\WUDFHost.exe (process ID:1500) reset policy scheme from {381b4222-f694-41f0-9685-ff5bb260df2e} to {381b4222-f694-41f0-9685-ff5bb260df2e}
Information	22-11-2024 13:20:09	Microsoft-Windows-UserModePowerService	12	(10)	Process C:\Windows\System32\WUDFHost.exe (process ID:1500) reset policy scheme from {381b4222-f694-41f0-9685-ff5bb260df2e} to {381b4222-f694-41f0-9685-ff5bb260df2e}
Information	22-11-2024 13:20:06	Microsoft-Windows-UserModePowerService	12	(10)	Process C:\Windows\System32\WUDFHost.exe (process ID:1500) reset policy scheme from {381b4222-f694-41f0-9685-ff5bb260df2e} to {381b4222-f694-41f0-9685-ff5bb260df2e}
Information	22-11-2024 13:20:05	Microsoft-Windows-UserModePowerService	12	(10)	Process C:\Windows\System32\WUDFHost.exe (process ID:1500) reset policy scheme from {381b4222-f694-41f0-9685-ff5bb260df2e} to {381b4222-f694-41f0-9685-ff5bb260df2e}
Information	22-11-2024 13:20:04	Microsoft-Windows-UserModePowerService	12	(10)	Process C:\Windows\System32\WUDFHost.exe (process ID:1500) reset policy scheme from {381b4222-f694-41f0-9685-ff5bb260df2e} to {381b4222-f694-41f0-9685-ff5bb260df2e}
Information	22-11-2024 13:20:01	Microsoft-Windows-UserModePowerService	12	(10)	Process C:\Windows\System32\WUDFHost.exe (process ID:1500) reset policy scheme from {381b4222-f694-41f0-9685-ff5bb260df2e} to {381b4222-f694-41f0-9685-ff5bb260df2e}
Information	22-11-2024 13:19:48	Microsoft-Windows-UserModePowerService	12	(10)	Process C:\Windows\System32\WUDFHost.exe (process ID:1500) reset policy scheme from {381b4222-f694-41f0-9685-ff5bb260df2e} to {381b4222-f694-41f0-9685-ff5bb260df2e}
Information	22-11-2024 13:19:47	Microsoft-Windows-UserModePowerService	12	(10)	Process C:\Windows\System32\WUDFHost.exe (process ID:1500) reset policy scheme from {381b4222-f694-41f0-9685-ff5bb260df2e} to {381b4222-f694-41f0-9685-ff5bb260df2e}
Information	22-11-2024 13:19:44	Microsoft-Windows-UserModePowerService	12	(10)	Process C:\Windows\System32\WUDFHost.exe (process ID:1500) reset policy scheme from {381b4222-f694-41f0-9685-ff5bb260df2e} to {381b4222-f694-41f0-9685-ff5bb260df2e}
Information	22-11-2024 13:19:40	Microsoft-Windows-UserModePowerService	12	(10)	Process C:\Windows\System32\WUDFHost.exe (process ID:1500) reset policy scheme from {381b4222-f694-41f0-9685-ff5bb260df2e} to {381b4222-f694-41f0-9685-ff5bb260df2e}
Information	22-11-2024 13:19:39	Microsoft-Windows-UserModePowerService	12	(10)	Process C:\Windows\System32\WUDFHost.exe (process ID:1500) reset policy scheme from {381b4222-f694-41f0-9685-ff5bb260df2e} to {381b4222-f694-41f0-9685-ff5bb260df2e}
Information	22-11-2024 13:19:30	Microsoft-Windows-UserModePowerService	12	(10)	Process C:\Windows\System32\WUDFHost.exe (process ID:1500) reset policy scheme from {381b4222-f694-41f0-9685-ff5bb260df2e} to {381b4222-f694-41f0-9685-ff5bb260df2e}
Information	22-11-2024 13:19:25	Microsoft-Windows-UserModePowerService	12	(10)	Process C:\Windows\System32\WUDFHost.exe (process ID:1500) reset policy scheme from {381b4222-f694-41f0-9685-ff5bb260df2e} to {381b4222-f694-41f0-9685-ff5bb260df2e}
Information	22-11-2024 13:19:19	Microsoft-Windows-UserModePowerService	12	(10)	Process C:\Windows\System32\WUDFHost.exe (process ID:1500) reset policy scheme from {381b4222-f694-41f0-9685-ff5bb260df2e} to {381b4222-f694-41f0-9685-ff5bb260df2e}
Information	22-11-2024 13:19:17	Microsoft-Windows-UserModePowerService	12	(10)	Process C:\Windows\System32\WUDFHost.exe (process ID:1500) reset policy scheme from {381b4222-f694-41f0-9685-ff5bb260df2e} to {381b4222-f694-41f0-9685-ff5bb260df2e}
Information	22-11-2024 13:19:14	Microsoft-Windows-UserModePowerService	12	(10)	Process C:\Windows\System32\WUDFHost.exe (process ID:1500) reset policy scheme from {381b4222-f694-41f0-9685-ff5bb260df2e} to {381b4222-f694-41f0-9685-ff5bb260df2e}
Information	22-11-2024 13:19:13	Microsoft-Windows-UserModePowerService	12	(10)	Process C:\Windows\System32\WUDFHost.exe (process ID:1500) reset policy scheme from {381b4222-f694-41f0-9685-ff5bb260df2e} to {381b4222-f694-41f0-9685-ff5bb260df2e}
Information	22-11-2024 13:19:08	Microsoft-Windows-UserModePowerService	12	(10)	Process C:\Windows\System32\WUDFHost.exe (process ID:1500) reset policy scheme from {381b4222-f694-41f0-9685-ff5bb260df2e} to {381b4222-f694-41f0-9685-ff5bb260df2e}
Information	22-11-2024 13:19:06	Microsoft-Windows-UserModePowerService	12	(10)	Process C:\Windows\System32\WUDFHost.exe (process ID:1500) reset policy scheme from {381b4222-f694-41f0-9685-ff5bb260df2e} to {381b4222-f694-41f0-9685-ff5bb260df2e}
Information	22-11-2024 13:19:04	Microsoft-Windows-UserModePowerService	12	(10)	Process C:\Windows\System32\WUDFHost.exe (process ID:1500) reset policy scheme from {381b4222-f694-41f0-9685-ff5bb260df2e} to {381b4222-f694-41f0-9685-ff5bb260df2e}
Information	22-11-2024 13:18:58	Microsoft-Windows-UserModePowerService	12	(10)	Process C:\Windows\System32\WUDFHost.exe (process ID:1500) reset policy scheme from {381b4222-f694-41f0-9685-ff5bb260df2e} to {381b4222-f694-41f0-9685-ff5bb260df2e}
Information	22-11-2024 13:18:46	Microsoft-Windows-UserModePowerService	12	(10)	Process C:\Windows\System32\WUDFHost.exe (process ID:1500) reset policy scheme from {381b4222-f694-41f0-9685-ff5bb260df2e} to {381b4222-f694-41f0-9685-ff5bb260df2e}
Information	22-11-2024 13:16:25	Microsoft-Windows-UserModePowerService	12	(10)	Process C:\Windows\System32\WUDFHost.exe (process ID:1500) reset policy scheme from {381b4222-f694-41f0-9685-ff5bb260df2e} to {381b4222-f694-41f0-9685-ff5bb260df2e}
Information	22-11-2024 13:16:19	Microsoft-Windows-UserModePowerService	12	(10)	Process C:\Windows\System32\WUDFHost.exe (process ID:1500) reset policy scheme from {381b4222-f694-41f0-9685-ff5bb260df2e} to {381b4222-f694-41f0-9685-ff5bb260df2e}
Information	22-11-2024 13:16:11	Microsoft-Windows-UserModePowerService	12	(10)	Process C:\Windows\System32\WUDFHost.exe (process ID:1500) reset policy scheme from {381b4222-f694-41f0-9685-ff5bb260df2e} to {381b4222-f694-41f0-9685-ff5bb260df2e}
Information	22-11-2024 13:16:11	Microsoft-Windows-UserModePowerService	12	(10)	Process C:\Windows\System32\WUDFHost.exe (process ID:1500) reset policy scheme from {381b4222-f694-41f0-9685-ff5bb260df2e} to {381b4222-f694-41f0-9685-ff5bb260df2e}
Information	22-11-2024 13:16:11	Microsoft-Windows-Kernel-Power	105	(100)	Power source change.
Error	22-11-2024 13:03:37	Microsoft-Windows-DistributedCOM	10001	None	"Unable to start a DCOM Server: {F3B5324B-98B2-4523-BBE5-1ABAB8B4D7D3} as Unavailable/Unavailable. The error:
""2147942403""
Happened while starting this command:
""C:\Program Files\WindowsApps\7EE7776C.LinkedInforWindows_3.0.40.0_x64__w1wdnht996qgy\LinkedIn\LinkedIn.exe"" ----WindowsAppRuntimePushServer: -Embedding"
Error	22-11-2024 12:12:36	Service Control Manager	7034	None	The Microsoft Storage Spaces SMP service terminated unexpectedly.  It has done this 1 time(s).
Information	22-11-2024 12:11:02	Microsoft-Windows-UserModePowerService	12	(10)	Process C:\Windows\System32\WUDFHost.exe (process ID:1500) reset policy scheme from {381b4222-f694-41f0-9685-ff5bb260df2e} to {381b4222-f694-41f0-9685-ff5bb260df2e}
Information	22-11-2024 12:11:01	Microsoft-Windows-UserModePowerService	12	(10)	Process C:\Windows\System32\WUDFHost.exe (process ID:1500) reset policy scheme from {381b4222-f694-41f0-9685-ff5bb260df2e} to {381b4222-f694-41f0-9685-ff5bb260df2e}
Information	22-11-2024 12:00:00	EventLog	6013	None	The system uptime is 1581649 seconds.
Information	22-11-2024 11:53:45	Microsoft-Windows-Time-Service	158	None	The time provider 'VMICTimeProvider' has indicated that the current hardware and operating environment is not supported and has stopped. This behavior is expected for VMICTimeProvider on non-HyperV-guest environments. This may be the expected behavior for the current provider in the current operating environment as well.
Information	22-11-2024 11:48:27	Microsoft-Windows-UserModePowerService	12	(10)	Process C:\Windows\System32\WUDFHost.exe (process ID:1500) reset policy scheme from {381b4222-f694-41f0-9685-ff5bb260df2e} to {381b4222-f694-41f0-9685-ff5bb260df2e}
Information	22-11-2024 11:48:27	Microsoft-Windows-UserModePowerService	12	(10)	Process C:\Windows\System32\WUDFHost.exe (process ID:1500) reset policy scheme from {381b4222-f694-41f0-9685-ff5bb260df2e} to {381b4222-f694-41f0-9685-ff5bb260df2e}
Information	22-11-2024 11:44:15	Microsoft-Windows-UserModePowerService	12	(10)	Process C:\Windows\System32\WUDFHost.exe (process ID:1500) reset policy scheme from {381b4222-f694-41f0-9685-ff5bb260df2e} to {381b4222-f694-41f0-9685-ff5bb260df2e}
Information	22-11-2024 11:44:14	Microsoft-Windows-UserModePowerService	12	(10)	Process C:\Windows\System32\WUDFHost.exe (process ID:1500) reset policy scheme from {381b4222-f694-41f0-9685-ff5bb260df2e} to {381b4222-f694-41f0-9685-ff5bb260df2e}
Information	22-11-2024 11:44:11	Microsoft-Windows-UserModePowerService	12	(10)	Process C:\Windows\System32\WUDFHost.exe (process ID:1500) reset policy scheme from {381b4222-f694-41f0-9685-ff5bb260df2e} to {381b4222-f694-41f0-9685-ff5bb260df2e}
Information	22-11-2024 11:44:10	Microsoft-Windows-UserModePowerService	12	(10)	Process C:\Windows\System32\WUDFHost.exe (process ID:1500) reset policy scheme from {381b4222-f694-41f0-9685-ff5bb260df2e} to {381b4222-f694-41f0-9685-ff5bb260df2e}
Information	22-11-2024 11:43:56	Microsoft-Windows-UserModePowerService	12	(10)	Process C:\Windows\System32\WUDFHost.exe (process ID:1500) reset policy scheme from {381b4222-f694-41f0-9685-ff5bb260df2e} to {381b4222-f694-41f0-9685-ff5bb260df2e}
Information	22-11-2024 11:43:55	Microsoft-Windows-UserModePowerService	12	(10)	Process C:\Windows\System32\WUDFHost.exe (process ID:1500) reset policy scheme from {381b4222-f694-41f0-9685-ff5bb260df2e} to {381b4222-f694-41f0-9685-ff5bb260df2e}
Information	22-11-2024 11:43:54	Microsoft-Windows-UserModePowerService	12	(10)	Process C:\Windows\System32\WUDFHost.exe (process ID:1500) reset policy scheme from {381b4222-f694-41f0-9685-ff5bb260df2e} to {381b4222-f694-41f0-9685-ff5bb260df2e}
Information	22-11-2024 11:43:53	Microsoft-Windows-UserModePowerService	12	(10)	Process C:\Windows\System32\WUDFHost.exe (process ID:1500) reset policy scheme from {381b4222-f694-41f0-9685-ff5bb260df2e} to {381b4222-f694-41f0-9685-ff5bb260df2e}
Information	22-11-2024 11:43:50	Microsoft-Windows-UserModePowerService	12	(10)	Process C:\Windows\System32\WUDFHost.exe (process ID:1500) reset policy scheme from {381b4222-f694-41f0-9685-ff5bb260df2e} to {381b4222-f694-41f0-9685-ff5bb260df2e}
Information	22-11-2024 11:43:46	Microsoft-Windows-UserModePowerService	12	(10)	Process C:\Windows\System32\WUDFHost.exe (process ID:1500) reset policy scheme from {381b4222-f694-41f0-9685-ff5bb260df2e} to {381b4222-f694-41f0-9685-ff5bb260df2e}
Information	22-11-2024 11:43:42	Microsoft-Windows-UserModePowerService	12	(10)	Process C:\Windows\System32\WUDFHost.exe (process ID:1500) reset policy scheme from {381b4222-f694-41f0-9685-ff5bb260df2e} to {381b4222-f694-41f0-9685-ff5bb260df2e}
Information	22-11-2024 11:43:41	Microsoft-Windows-UserModePowerService	12	(10)	Process C:\Windows\System32\WUDFHost.exe (process ID:1500) reset policy scheme from {381b4222-f694-41f0-9685-ff5bb260df2e} to {381b4222-f694-41f0-9685-ff5bb260df2e}
Information	22-11-2024 11:43:37	Microsoft-Windows-UserModePowerService	12	(10)	Process C:\Windows\System32\WUDFHost.exe (process ID:1500) reset policy scheme from {381b4222-f694-41f0-9685-ff5bb260df2e} to {381b4222-f694-41f0-9685-ff5bb260df2e}
Information	22-11-2024 11:43:36	Microsoft-Windows-UserModePowerService	12	(10)	Process C:\Windows\System32\WUDFHost.exe (process ID:1500) reset policy scheme from {381b4222-f694-41f0-9685-ff5bb260df2e} to {381b4222-f694-41f0-9685-ff5bb260df2e}
Information	22-11-2024 11:42:32	Microsoft-Windows-UserModePowerService	12	(10)	Process C:\Windows\System32\WUDFHost.exe (process ID:1500) reset policy scheme from {381b4222-f694-41f0-9685-ff5bb260df2e} to {381b4222-f694-41f0-9685-ff5bb260df2e}
Information	22-11-2024 11:42:31	Microsoft-Windows-UserModePowerService	12	(10)	Process C:\Windows\System32\WUDFHost.exe (process ID:1500) reset policy scheme from {381b4222-f694-41f0-9685-ff5bb260df2e} to {381b4222-f694-41f0-9685-ff5bb260df2e}
Information	22-11-2024 11:42:19	Microsoft-Windows-UserModePowerService	12	(10)	Process C:\Windows\System32\WUDFHost.exe (process ID:1500) reset policy scheme from {381b4222-f694-41f0-9685-ff5bb260df2e} to {381b4222-f694-41f0-9685-ff5bb260df2e}
Information	22-11-2024 11:42:18	Microsoft-Windows-UserModePowerService	12	(10)	Process C:\Windows\System32\WUDFHost.exe (process ID:1500) reset policy scheme from {381b4222-f694-41f0-9685-ff5bb260df2e} to {381b4222-f694-41f0-9685-ff5bb260df2e}
Information	22-11-2024 11:42:17	Microsoft-Windows-UserModePowerService	12	(10)	Process C:\Windows\System32\WUDFHost.exe (process ID:1500) reset policy scheme from {381b4222-f694-41f0-9685-ff5bb260df2e} to {381b4222-f694-41f0-9685-ff5bb260df2e}
Information	22-11-2024 11:42:16	Microsoft-Windows-UserModePowerService	12	(10)	Process C:\Windows\System32\WUDFHost.exe (process ID:1500) reset policy scheme from {381b4222-f694-41f0-9685-ff5bb260df2e} to {381b4222-f694-41f0-9685-ff5bb260df2e}
Warning	22-11-2024 11:42:15	Microsoft-Windows-DistributedCOM	10016	None	"The application-specific permission settings do not grant Local Activation permission for the COM Server application with CLSID 
{2593F8B9-4EAF-457C-B68A-50F6B8EA6B54}
 and APPID 
{15C20B67-12E7-4BB6-92BB-7AFF07997402}
 to the user DELL\laksh SID (S-1-5-21-3247243632-994969006-123497926-1001) from address LocalHost (Using LRPC) running in the application container Unavailable SID (Unavailable). This security permission can be modified using the Component Services administrative tool."
Information	22-11-2024 11:42:11	Microsoft-Windows-UserModePowerService	12	(10)	Process C:\Windows\System32\WUDFHost.exe (process ID:1500) reset policy scheme from {381b4222-f694-41f0-9685-ff5bb260df2e} to {381b4222-f694-41f0-9685-ff5bb260df2e}
Information	22-11-2024 11:42:10	Microsoft-Windows-UserModePowerService	12	(10)	Process C:\Windows\System32\WUDFHost.exe (process ID:1500) reset policy scheme from {381b4222-f694-41f0-9685-ff5bb260df2e} to {381b4222-f694-41f0-9685-ff5bb260df2e}
Information	22-11-2024 11:42:02	Microsoft-Windows-UserModePowerService	12	(10)	Process C:\Windows\System32\WUDFHost.exe (process ID:1500) reset policy scheme from {381b4222-f694-41f0-9685-ff5bb260df2e} to {381b4222-f694-41f0-9685-ff5bb260df2e}
Information	22-11-2024 11:42:02	Microsoft-Windows-UserModePowerService	12	(10)	Process C:\Windows\System32\WUDFHost.exe (process ID:1500) reset policy scheme from {381b4222-f694-41f0-9685-ff5bb260df2e} to {381b4222-f694-41f0-9685-ff5bb260df2e}
Information	22-11-2024 11:41:58	Microsoft-Windows-UserModePowerService	12	(10)	Process C:\Windows\System32\WUDFHost.exe (process ID:1500) reset policy scheme from {381b4222-f694-41f0-9685-ff5bb260df2e} to {381b4222-f694-41f0-9685-ff5bb260df2e}
Information	22-11-2024 11:41:58	Microsoft-Windows-UserModePowerService	12	(10)	Process C:\Windows\System32\WUDFHost.exe (process ID:1500) reset policy scheme from {381b4222-f694-41f0-9685-ff5bb260df2e} to {381b4222-f694-41f0-9685-ff5bb260df2e}
Information	22-11-2024 11:41:57	Microsoft-Windows-UserModePowerService	12	(10)	Process C:\Windows\System32\WUDFHost.exe (process ID:1500) reset policy scheme from {381b4222-f694-41f0-9685-ff5bb260df2e} to {381b4222-f694-41f0-9685-ff5bb260df2e}
Information	22-11-2024 11:41:56	Microsoft-Windows-UserModePowerService	12	(10)	Process C:\Windows\System32\WUDFHost.exe (process ID:1500) reset policy scheme from {381b4222-f694-41f0-9685-ff5bb260df2e} to {381b4222-f694-41f0-9685-ff5bb260df2e}
Information	22-11-2024 11:41:56	Microsoft-Windows-UserModePowerService	12	(10)	Process C:\Windows\System32\WUDFHost.exe (process ID:1500) reset policy scheme from {381b4222-f694-41f0-9685-ff5bb260df2e} to {381b4222-f694-41f0-9685-ff5bb260df2e}
Information	22-11-2024 11:41:56	Microsoft-Windows-UserModePowerService	12	(10)	Process C:\Windows\System32\WUDFHost.exe (process ID:1500) reset policy scheme from {381b4222-f694-41f0-9685-ff5bb260df2e} to {381b4222-f694-41f0-9685-ff5bb260df2e}
Information	22-11-2024 11:41:54	Microsoft-Windows-UserModePowerService	12	(10)	Process C:\Windows\System32\WUDFHost.exe (process ID:1500) reset policy scheme from {381b4222-f694-41f0-9685-ff5bb260df2e} to {381b4222-f694-41f0-9685-ff5bb260df2e}
Information	22-11-2024 11:41:54	Microsoft-Windows-UserModePowerService	12	(10)	Process C:\Windows\System32\WUDFHost.exe (process ID:1500) reset policy scheme from {381b4222-f694-41f0-9685-ff5bb260df2e} to {381b4222-f694-41f0-9685-ff5bb260df2e}
Information	22-11-2024 11:41:42	Microsoft-Windows-UserModePowerService	12	(10)	Process C:\Windows\System32\WUDFHost.exe (process ID:1500) reset policy scheme from {381b4222-f694-41f0-9685-ff5bb260df2e} to {381b4222-f694-41f0-9685-ff5bb260df2e}
Information	22-11-2024 11:39:19	Microsoft-Windows-UserModePowerService	12	(10)	Process C:\Windows\System32\WUDFHost.exe (process ID:1500) reset policy scheme from {381b4222-f694-41f0-9685-ff5bb260df2e} to {381b4222-f694-41f0-9685-ff5bb260df2e}
Information	22-11-2024 11:39:16	Microsoft-Windows-UserModePowerService	12	(10)	Process C:\Windows\System32\WUDFHost.exe (process ID:1500) reset policy scheme from {381b4222-f694-41f0-9685-ff5bb260df2e} to {381b4222-f694-41f0-9685-ff5bb260df2e}
Information	22-11-2024 11:37:38	Microsoft-Windows-UserModePowerService	12	(10)	Process C:\Windows\System32\WUDFHost.exe (process ID:1500) reset policy scheme from {381b4222-f694-41f0-9685-ff5bb260df2e} to {381b4222-f694-41f0-9685-ff5bb260df2e}
Information	22-11-2024 11:37:34	Microsoft-Windows-UserModePowerService	12	(10)	Process C:\Windows\System32\WUDFHost.exe (process ID:1500) reset policy scheme from {381b4222-f694-41f0-9685-ff5bb260df2e} to {381b4222-f694-41f0-9685-ff5bb260df2e}
Information	22-11-2024 11:36:41	Microsoft-Windows-Time-Service	158	None	The time provider 'VMICTimeProvider' has indicated that the current hardware and operating environment is not supported and has stopped. This behavior is expected for VMICTimeProvider on non-HyperV-guest environments. This may be the expected behavior for the current provider in the current operating environment as well.
Information	22-11-2024 11:36:17	Microsoft-Windows-UserModePowerService	12	(10)	Process C:\Windows\System32\WUDFHost.exe (process ID:1500) reset policy scheme from {381b4222-f694-41f0-9685-ff5bb260df2e} to {381b4222-f694-41f0-9685-ff5bb260df2e}
Information	22-11-2024 11:36:16	Microsoft-Windows-UserModePowerService	12	(10)	Process C:\Windows\System32\WUDFHost.exe (process ID:1500) reset policy scheme from {381b4222-f694-41f0-9685-ff5bb260df2e} to {381b4222-f694-41f0-9685-ff5bb260df2e}
Information	22-11-2024 11:33:24	Microsoft-Windows-UserModePowerService	12	(10)	Process C:\Windows\System32\WUDFHost.exe (process ID:1500) reset policy scheme from {381b4222-f694-41f0-9685-ff5bb260df2e} to {381b4222-f694-41f0-9685-ff5bb260df2e}
Information	22-11-2024 11:33:13	Microsoft-Windows-UserModePowerService	12	(10)	Process C:\Windows\System32\WUDFHost.exe (process ID:1500) reset policy scheme from {381b4222-f694-41f0-9685-ff5bb260df2e} to {381b4222-f694-41f0-9685-ff5bb260df2e}
