Information	22-11-2024 15:16:12	Microsoft-Windows-UserModePowerService	12	(10)	Process C:\Windows\System32\WUDFHost.exe (process ID:1500) reset policy scheme from {381b4222-f694-41f0-9685-ff5bb260df2e} to {381b4222-f694-41f0-9685-ff5bb260df2e}
Information	22-11-2024 15:16:10	Microsoft-Windows-Kernel-Power	566	(268)	"The system session has transitioned from 173 to 175.

Reason InputHid 

BootId: 42"
Information	22-11-2024 15:16:10	Microsoft-Windows-Kernel-Power	507	(158)	"The system is exiting Modern Standby 

Reason: Input Mouse."
Information	22-11-2024 15:02:00	Microsoft-Windows-Kernel-Power	506	(157)	"The system is entering Modern Standby 

Reason: Idle Timeout."
Information	22-11-2024 15:02:00	Microsoft-Windows-Kernel-Power	566	(268)	"The system session has transitioned from 172 to 173.

Reason SessionUnlock 

BootId: 42"
Information	22-11-2024 15:01:29	Microsoft-Windows-Kernel-Power	566	(268)	"The system session has transitioned from 171 to 172.

Reason PolicyChange 

BootId: 42"
Information	22-11-2024 15:01:29	Microsoft-Windows-Kernel-Power	507	(158)	"The system is exiting Modern Standby 

Reason: Lid."
Information	22-11-2024 15:01:28	Microsoft-Windows-UserModePowerService	12	(10)	Process C:\Windows\System32\WUDFHost.exe (process ID:1500) reset policy scheme from {381b4222-f694-41f0-9685-ff5bb260df2e} to {381b4222-f694-41f0-9685-ff5bb260df2e}
Information	22-11-2024 15:01:28	Microsoft-Windows-UserModePowerService	12	(10)	Process C:\Windows\System32\WUDFHost.exe (process ID:1500) reset policy scheme from {381b4222-f694-41f0-9685-ff5bb260df2e} to {381b4222-f694-41f0-9685-ff5bb260df2e}
Information	22-11-2024 15:01:28	Microsoft-Windows-Kernel-Power	172	(203)	Connectivity state in standby: Connected, Reason: None
Warning	22-11-2024 15:01:28	Win32k	701	None	Power Manager has not requested suppression of all input (INPUT_SUPPRESS_REQUEST=0)
Warning	22-11-2024 15:01:28	Win32k	701	None	Power Manager has not requested suppression of all input (INPUT_SUPPRESS_REQUEST=0)
Information	22-11-2024 15:00:47	Microsoft-Windows-Kernel-Power	172	(203)	Connectivity state in standby: Disconnected, Reason: Adaptive Connected Standby
Information	22-11-2024 15:00:39	Microsoft-Windows-UserModePowerService	12	(10)	Process C:\Windows\System32\WUDFHost.exe (process ID:1500) reset policy scheme from {381b4222-f694-41f0-9685-ff5bb260df2e} to {381b4222-f694-41f0-9685-ff5bb260df2e}
Information	22-11-2024 15:00:39	Microsoft-Windows-Kernel-Power	566	(268)	"The system session has transitioned from 170 to 171.

Reason InputMouse 

BootId: 42"
Information	22-11-2024 15:00:36	Microsoft-Windows-UserModePowerService	51	(37)	Process C:\Program Files\Dell\DellOptimizer\DellOptimizer.exe (process ID:2836) reset overlay policy scheme from {00000000-0000-0000-0000-000000000000} to {00000000-0000-0000-0000-000000000000}
Information	22-11-2024 15:00:34	Microsoft-Windows-UserModePowerService	12	(10)	Process C:\Windows\System32\WUDFHost.exe (process ID:1500) reset policy scheme from {381b4222-f694-41f0-9685-ff5bb260df2e} to {381b4222-f694-41f0-9685-ff5bb260df2e}
Information	22-11-2024 15:00:34	Microsoft-Windows-UserModePowerService	12	(10)	Process C:\Windows\System32\WUDFHost.exe (process ID:1500) reset policy scheme from {381b4222-f694-41f0-9685-ff5bb260df2e} to {381b4222-f694-41f0-9685-ff5bb260df2e}
Information	22-11-2024 15:00:34	Microsoft-Windows-Kernel-Power	506	(157)	"The system is entering Modern Standby 

Reason: AC/DC Display Burst Suppressed."
Information	22-11-2024 15:00:34	Microsoft-Windows-Kernel-Power	566	(268)	"The system session has transitioned from 169 to 170.

Reason InputMouse 

BootId: 42"
Information	22-11-2024 15:00:34	Microsoft-Windows-Kernel-Power	507	(158)	"The system is exiting Modern Standby 

Reason: AC/DC Display Burst Suppressed."
Information	22-11-2024 15:00:34	Microsoft-Windows-UserModePowerService	12	(10)	Process C:\Windows\System32\WUDFHost.exe (process ID:1500) reset policy scheme from {381b4222-f694-41f0-9685-ff5bb260df2e} to {381b4222-f694-41f0-9685-ff5bb260df2e}
Information	22-11-2024 15:00:34	Microsoft-Windows-UserModePowerService	12	(10)	Process C:\Windows\System32\WUDFHost.exe (process ID:1500) reset policy scheme from {381b4222-f694-41f0-9685-ff5bb260df2e} to {381b4222-f694-41f0-9685-ff5bb260df2e}
Warning	22-11-2024 15:00:34	Win32k	700	None	Power Manager has requested suppression of all input (INPUT_SUPPRESS_REQUEST=1)
Warning	22-11-2024 15:00:34	Win32k	700	None	Power Manager has requested suppression of all input (INPUT_SUPPRESS_REQUEST=1)
Information	22-11-2024 15:00:34	Microsoft-Windows-Kernel-Power	105	(100)	Power source change.
Information	22-11-2024 14:30:19	Microsoft-Windows-UserModePowerService	12	(10)	Process C:\Windows\System32\WUDFHost.exe (process ID:1500) reset policy scheme from {381b4222-f694-41f0-9685-ff5bb260df2e} to {381b4222-f694-41f0-9685-ff5bb260df2e}
Information	22-11-2024 14:29:54	Microsoft-Windows-UserModePowerService	12	(10)	Process C:\Windows\System32\WUDFHost.exe (process ID:1500) reset policy scheme from {381b4222-f694-41f0-9685-ff5bb260df2e} to {381b4222-f694-41f0-9685-ff5bb260df2e}
Information	22-11-2024 14:24:45	Microsoft-Windows-UserModePowerService	12	(10)	Process C:\Windows\System32\WUDFHost.exe (process ID:1500) reset policy scheme from {381b4222-f694-41f0-9685-ff5bb260df2e} to {381b4222-f694-41f0-9685-ff5bb260df2e}
Information	22-11-2024 14:24:41	Microsoft-Windows-Kernel-Power	566	(268)	"The system session has transitioned from 168 to 169.

Reason InputMouse 

BootId: 42"
Information	22-11-2024 14:24:37	Microsoft-Windows-UserModePowerService	12	(10)	Process C:\Windows\System32\WUDFHost.exe (process ID:1500) reset policy scheme from {381b4222-f694-41f0-9685-ff5bb260df2e} to {381b4222-f694-41f0-9685-ff5bb260df2e}
Information	22-11-2024 14:24:36	Microsoft-Windows-Kernel-Power	506	(157)	"The system is entering Modern Standby 

Reason: AC/DC Display Burst Suppressed."
Information	22-11-2024 14:24:36	Microsoft-Windows-Kernel-Power	566	(268)	"The system session has transitioned from 167 to 168.

Reason InputMouse 

BootId: 42"
Information	22-11-2024 14:24:36	Microsoft-Windows-Kernel-Power	507	(158)	"The system is exiting Modern Standby 

Reason: AC/DC Display Burst Suppressed."
Information	22-11-2024 14:24:36	Microsoft-Windows-Kernel-Power	172	(203)	Connectivity state in standby: Connected, Reason: None
Information	22-11-2024 14:24:36	Microsoft-Windows-UserModePowerService	12	(10)	Process C:\Windows\System32\WUDFHost.exe (process ID:1500) reset policy scheme from {381b4222-f694-41f0-9685-ff5bb260df2e} to {381b4222-f694-41f0-9685-ff5bb260df2e}
Information	22-11-2024 14:24:36	Microsoft-Windows-UserModePowerService	12	(10)	Process C:\Windows\System32\WUDFHost.exe (process ID:1500) reset policy scheme from {381b4222-f694-41f0-9685-ff5bb260df2e} to {381b4222-f694-41f0-9685-ff5bb260df2e}
Information	22-11-2024 14:24:36	Microsoft-Windows-UserModePowerService	12	(10)	Process C:\Windows\System32\WUDFHost.exe (process ID:1500) reset policy scheme from {381b4222-f694-41f0-9685-ff5bb260df2e} to {381b4222-f694-41f0-9685-ff5bb260df2e}
Information	22-11-2024 14:24:36	Microsoft-Windows-UserModePowerService	12	(10)	Process C:\Windows\System32\WUDFHost.exe (process ID:1500) reset policy scheme from {381b4222-f694-41f0-9685-ff5bb260df2e} to {381b4222-f694-41f0-9685-ff5bb260df2e}
Warning	22-11-2024 14:24:36	Win32k	701	None	Power Manager has not requested suppression of all input (INPUT_SUPPRESS_REQUEST=0)
Warning	22-11-2024 14:24:36	Win32k	701	None	Power Manager has not requested suppression of all input (INPUT_SUPPRESS_REQUEST=0)
Information	22-11-2024 14:24:36	Microsoft-Windows-Kernel-Power	105	(100)	Power source change.
Information	22-11-2024 14:24:24	Microsoft-Windows-Kernel-Power	172	(203)	Connectivity state in standby: Disconnected, Reason: Adaptive Connected Standby
Information	22-11-2024 14:24:18	Microsoft-Windows-UserModePowerService	12	(10)	Process C:\Windows\System32\WUDFHost.exe (process ID:1500) reset policy scheme from {381b4222-f694-41f0-9685-ff5bb260df2e} to {381b4222-f694-41f0-9685-ff5bb260df2e}
Information	22-11-2024 14:24:18	Microsoft-Windows-Kernel-Power	566	(268)	"The system session has transitioned from 166 to 167.

Reason PolicyChange 

BootId: 42"
Warning	22-11-2024 14:24:17	Win32k	700	None	Power Manager has requested suppression of all input (INPUT_SUPPRESS_REQUEST=1)
Warning	22-11-2024 14:24:17	Win32k	700	None	Power Manager has requested suppression of all input (INPUT_SUPPRESS_REQUEST=1)
Information	22-11-2024 14:24:17	Microsoft-Windows-Kernel-Power	506	(157)	"The system is entering Modern Standby 

Reason: Lid."
Information	22-11-2024 14:24:17	Microsoft-Windows-Kernel-Power	566	(268)	"The system session has transitioned from 165 to 166.

Reason PolicyChange 

BootId: 42"
Information	22-11-2024 14:24:13	Microsoft-Windows-UserModePowerService	12	(10)	Process C:\Windows\System32\WUDFHost.exe (process ID:1500) reset policy scheme from {381b4222-f694-41f0-9685-ff5bb260df2e} to {381b4222-f694-41f0-9685-ff5bb260df2e}
Information	22-11-2024 14:24:12	Microsoft-Windows-UserModePowerService	12	(10)	Process C:\Windows\System32\WUDFHost.exe (process ID:1500) reset policy scheme from {381b4222-f694-41f0-9685-ff5bb260df2e} to {381b4222-f694-41f0-9685-ff5bb260df2e}
Information	22-11-2024 14:24:10	Microsoft-Windows-UserModePowerService	12	(10)	Process C:\Windows\System32\WUDFHost.exe (process ID:1500) reset policy scheme from {381b4222-f694-41f0-9685-ff5bb260df2e} to {381b4222-f694-41f0-9685-ff5bb260df2e}
Information	22-11-2024 14:24:09	Microsoft-Windows-UserModePowerService	12	(10)	Process C:\Windows\System32\WUDFHost.exe (process ID:1500) reset policy scheme from {381b4222-f694-41f0-9685-ff5bb260df2e} to {381b4222-f694-41f0-9685-ff5bb260df2e}
Information	22-11-2024 14:24:01	Microsoft-Windows-UserModePowerService	12	(10)	Process C:\Windows\System32\WUDFHost.exe (process ID:1500) reset policy scheme from {381b4222-f694-41f0-9685-ff5bb260df2e} to {381b4222-f694-41f0-9685-ff5bb260df2e}
Information	22-11-2024 14:24:00	Microsoft-Windows-UserModePowerService	12	(10)	Process C:\Windows\System32\WUDFHost.exe (process ID:1500) reset policy scheme from {381b4222-f694-41f0-9685-ff5bb260df2e} to {381b4222-f694-41f0-9685-ff5bb260df2e}
Information	22-11-2024 14:23:56	Microsoft-Windows-UserModePowerService	12	(10)	Process C:\Windows\System32\WUDFHost.exe (process ID:1500) reset policy scheme from {381b4222-f694-41f0-9685-ff5bb260df2e} to {381b4222-f694-41f0-9685-ff5bb260df2e}
Information	22-11-2024 14:23:55	Microsoft-Windows-UserModePowerService	12	(10)	Process C:\Windows\System32\WUDFHost.exe (process ID:1500) reset policy scheme from {381b4222-f694-41f0-9685-ff5bb260df2e} to {381b4222-f694-41f0-9685-ff5bb260df2e}
Information	22-11-2024 14:22:51	Microsoft-Windows-UserModePowerService	12	(10)	Process C:\Windows\System32\WUDFHost.exe (process ID:1500) reset policy scheme from {381b4222-f694-41f0-9685-ff5bb260df2e} to {381b4222-f694-41f0-9685-ff5bb260df2e}
Information	22-11-2024 14:22:50	Microsoft-Windows-UserModePowerService	12	(10)	Process C:\Windows\System32\WUDFHost.exe (process ID:1500) reset policy scheme from {381b4222-f694-41f0-9685-ff5bb260df2e} to {381b4222-f694-41f0-9685-ff5bb260df2e}
Information	22-11-2024 14:22:44	Microsoft-Windows-UserModePowerService	12	(10)	Process C:\Windows\System32\WUDFHost.exe (process ID:1500) reset policy scheme from {381b4222-f694-41f0-9685-ff5bb260df2e} to {381b4222-f694-41f0-9685-ff5bb260df2e}
Information	22-11-2024 14:22:43	Microsoft-Windows-UserModePowerService	12	(10)	Process C:\Windows\System32\WUDFHost.exe (process ID:1500) reset policy scheme from {381b4222-f694-41f0-9685-ff5bb260df2e} to {381b4222-f694-41f0-9685-ff5bb260df2e}
Information	22-11-2024 14:22:41	Microsoft-Windows-UserModePowerService	12	(10)	Process C:\Windows\System32\WUDFHost.exe (process ID:1500) reset policy scheme from {381b4222-f694-41f0-9685-ff5bb260df2e} to {381b4222-f694-41f0-9685-ff5bb260df2e}
Information	22-11-2024 14:22:40	Microsoft-Windows-UserModePowerService	12	(10)	Process C:\Windows\System32\WUDFHost.exe (process ID:1500) reset policy scheme from {381b4222-f694-41f0-9685-ff5bb260df2e} to {381b4222-f694-41f0-9685-ff5bb260df2e}
Information	22-11-2024 14:22:27	Microsoft-Windows-UserModePowerService	12	(10)	Process C:\Windows\System32\WUDFHost.exe (process ID:1500) reset policy scheme from {381b4222-f694-41f0-9685-ff5bb260df2e} to {381b4222-f694-41f0-9685-ff5bb260df2e}
Information	22-11-2024 14:22:26	Microsoft-Windows-UserModePowerService	12	(10)	Process C:\Windows\System32\WUDFHost.exe (process ID:1500) reset policy scheme from {381b4222-f694-41f0-9685-ff5bb260df2e} to {381b4222-f694-41f0-9685-ff5bb260df2e}
Information	22-11-2024 14:22:21	Microsoft-Windows-UserModePowerService	12	(10)	Process C:\Windows\System32\WUDFHost.exe (process ID:1500) reset policy scheme from {381b4222-f694-41f0-9685-ff5bb260df2e} to {381b4222-f694-41f0-9685-ff5bb260df2e}
Information	22-11-2024 14:22:20	Microsoft-Windows-UserModePowerService	12	(10)	Process C:\Windows\System32\WUDFHost.exe (process ID:1500) reset policy scheme from {381b4222-f694-41f0-9685-ff5bb260df2e} to {381b4222-f694-41f0-9685-ff5bb260df2e}
Information	22-11-2024 14:22:05	Microsoft-Windows-UserModePowerService	12	(10)	Process C:\Windows\System32\WUDFHost.exe (process ID:1500) reset policy scheme from {381b4222-f694-41f0-9685-ff5bb260df2e} to {381b4222-f694-41f0-9685-ff5bb260df2e}
Information	22-11-2024 14:22:04	Microsoft-Windows-UserModePowerService	12	(10)	Process C:\Windows\System32\WUDFHost.exe (process ID:1500) reset policy scheme from {381b4222-f694-41f0-9685-ff5bb260df2e} to {381b4222-f694-41f0-9685-ff5bb260df2e}
Information	22-11-2024 14:21:25	Microsoft-Windows-UserModePowerService	12	(10)	Process C:\Windows\System32\WUDFHost.exe (process ID:1500) reset policy scheme from {381b4222-f694-41f0-9685-ff5bb260df2e} to {381b4222-f694-41f0-9685-ff5bb260df2e}
Information	22-11-2024 14:21:24	Microsoft-Windows-UserModePowerService	12	(10)	Process C:\Windows\System32\WUDFHost.exe (process ID:1500) reset policy scheme from {381b4222-f694-41f0-9685-ff5bb260df2e} to {381b4222-f694-41f0-9685-ff5bb260df2e}
Information	22-11-2024 14:21:23	Microsoft-Windows-UserModePowerService	12	(10)	Process C:\Windows\System32\WUDFHost.exe (process ID:1500) reset policy scheme from {381b4222-f694-41f0-9685-ff5bb260df2e} to {381b4222-f694-41f0-9685-ff5bb260df2e}
Information	22-11-2024 14:21:22	Microsoft-Windows-UserModePowerService	12	(10)	Process C:\Windows\System32\WUDFHost.exe (process ID:1500) reset policy scheme from {381b4222-f694-41f0-9685-ff5bb260df2e} to {381b4222-f694-41f0-9685-ff5bb260df2e}
Information	22-11-2024 14:21:05	Microsoft-Windows-UserModePowerService	12	(10)	Process C:\Windows\System32\WUDFHost.exe (process ID:1500) reset policy scheme from {381b4222-f694-41f0-9685-ff5bb260df2e} to {381b4222-f694-41f0-9685-ff5bb260df2e}
Information	22-11-2024 14:21:04	Microsoft-Windows-UserModePowerService	12	(10)	Process C:\Windows\System32\WUDFHost.exe (process ID:1500) reset policy scheme from {381b4222-f694-41f0-9685-ff5bb260df2e} to {381b4222-f694-41f0-9685-ff5bb260df2e}
Information	22-11-2024 14:20:51	Microsoft-Windows-UserModePowerService	12	(10)	Process C:\Windows\System32\WUDFHost.exe (process ID:1500) reset policy scheme from {381b4222-f694-41f0-9685-ff5bb260df2e} to {381b4222-f694-41f0-9685-ff5bb260df2e}
Information	22-11-2024 14:20:50	Microsoft-Windows-UserModePowerService	12	(10)	Process C:\Windows\System32\WUDFHost.exe (process ID:1500) reset policy scheme from {381b4222-f694-41f0-9685-ff5bb260df2e} to {381b4222-f694-41f0-9685-ff5bb260df2e}
Information	22-11-2024 14:20:35	Microsoft-Windows-UserModePowerService	12	(10)	Process C:\Windows\System32\WUDFHost.exe (process ID:1500) reset policy scheme from {381b4222-f694-41f0-9685-ff5bb260df2e} to {381b4222-f694-41f0-9685-ff5bb260df2e}
Information	22-11-2024 14:20:34	Microsoft-Windows-UserModePowerService	12	(10)	Process C:\Windows\System32\WUDFHost.exe (process ID:1500) reset policy scheme from {381b4222-f694-41f0-9685-ff5bb260df2e} to {381b4222-f694-41f0-9685-ff5bb260df2e}
Information	22-11-2024 14:20:30	Microsoft-Windows-UserModePowerService	12	(10)	Process C:\Windows\System32\WUDFHost.exe (process ID:1500) reset policy scheme from {381b4222-f694-41f0-9685-ff5bb260df2e} to {381b4222-f694-41f0-9685-ff5bb260df2e}
Information	22-11-2024 14:20:29	Microsoft-Windows-UserModePowerService	12	(10)	Process C:\Windows\System32\WUDFHost.exe (process ID:1500) reset policy scheme from {381b4222-f694-41f0-9685-ff5bb260df2e} to {381b4222-f694-41f0-9685-ff5bb260df2e}
Information	22-11-2024 14:20:21	Microsoft-Windows-UserModePowerService	12	(10)	Process C:\Windows\System32\WUDFHost.exe (process ID:1500) reset policy scheme from {381b4222-f694-41f0-9685-ff5bb260df2e} to {381b4222-f694-41f0-9685-ff5bb260df2e}
Information	22-11-2024 14:20:20	Microsoft-Windows-UserModePowerService	12	(10)	Process C:\Windows\System32\WUDFHost.exe (process ID:1500) reset policy scheme from {381b4222-f694-41f0-9685-ff5bb260df2e} to {381b4222-f694-41f0-9685-ff5bb260df2e}
Information	22-11-2024 14:20:11	Microsoft-Windows-UserModePowerService	12	(10)	Process C:\Windows\System32\WUDFHost.exe (process ID:1500) reset policy scheme from {381b4222-f694-41f0-9685-ff5bb260df2e} to {381b4222-f694-41f0-9685-ff5bb260df2e}
Information	22-11-2024 14:20:10	Microsoft-Windows-UserModePowerService	12	(10)	Process C:\Windows\System32\WUDFHost.exe (process ID:1500) reset policy scheme from {381b4222-f694-41f0-9685-ff5bb260df2e} to {381b4222-f694-41f0-9685-ff5bb260df2e}
Information	22-11-2024 14:19:32	Microsoft-Windows-UserModePowerService	12	(10)	Process C:\Windows\System32\WUDFHost.exe (process ID:1500) reset policy scheme from {381b4222-f694-41f0-9685-ff5bb260df2e} to {381b4222-f694-41f0-9685-ff5bb260df2e}
Information	22-11-2024 14:19:29	Microsoft-Windows-UserModePowerService	12	(10)	Process C:\Windows\System32\WUDFHost.exe (process ID:1500) reset policy scheme from {381b4222-f694-41f0-9685-ff5bb260df2e} to {381b4222-f694-41f0-9685-ff5bb260df2e}
Information	22-11-2024 14:19:24	Microsoft-Windows-UserModePowerService	12	(10)	Process C:\Windows\System32\WUDFHost.exe (process ID:1500) reset policy scheme from {381b4222-f694-41f0-9685-ff5bb260df2e} to {381b4222-f694-41f0-9685-ff5bb260df2e}
Information	22-11-2024 14:19:23	Microsoft-Windows-UserModePowerService	12	(10)	Process C:\Windows\System32\WUDFHost.exe (process ID:1500) reset policy scheme from {381b4222-f694-41f0-9685-ff5bb260df2e} to {381b4222-f694-41f0-9685-ff5bb260df2e}
Information	22-11-2024 14:18:35	Microsoft-Windows-UserModePowerService	12	(10)	Process C:\Windows\System32\WUDFHost.exe (process ID:1500) reset policy scheme from {381b4222-f694-41f0-9685-ff5bb260df2e} to {381b4222-f694-41f0-9685-ff5bb260df2e}
Information	22-11-2024 14:18:33	Microsoft-Windows-UserModePowerService	12	(10)	Process C:\Windows\System32\WUDFHost.exe (process ID:1500) reset policy scheme from {381b4222-f694-41f0-9685-ff5bb260df2e} to {381b4222-f694-41f0-9685-ff5bb260df2e}
Information	22-11-2024 14:18:19	Microsoft-Windows-UserModePowerService	12	(10)	Process C:\Windows\System32\WUDFHost.exe (process ID:1500) reset policy scheme from {381b4222-f694-41f0-9685-ff5bb260df2e} to {381b4222-f694-41f0-9685-ff5bb260df2e}
Information	22-11-2024 14:18:18	Microsoft-Windows-UserModePowerService	12	(10)	Process C:\Windows\System32\WUDFHost.exe (process ID:1500) reset policy scheme from {381b4222-f694-41f0-9685-ff5bb260df2e} to {381b4222-f694-41f0-9685-ff5bb260df2e}
Information	22-11-2024 14:17:35	Microsoft-Windows-UserModePowerService	12	(10)	Process C:\Windows\System32\WUDFHost.exe (process ID:1500) reset policy scheme from {381b4222-f694-41f0-9685-ff5bb260df2e} to {381b4222-f694-41f0-9685-ff5bb260df2e}
Information	22-11-2024 14:17:31	Microsoft-Windows-UserModePowerService	12	(10)	Process C:\Windows\System32\WUDFHost.exe (process ID:1500) reset policy scheme from {381b4222-f694-41f0-9685-ff5bb260df2e} to {381b4222-f694-41f0-9685-ff5bb260df2e}
Information	22-11-2024 14:16:17	Microsoft-Windows-UserModePowerService	12	(10)	Process C:\Windows\System32\WUDFHost.exe (process ID:1500) reset policy scheme from {381b4222-f694-41f0-9685-ff5bb260df2e} to {381b4222-f694-41f0-9685-ff5bb260df2e}
Information	22-11-2024 14:16:16	Microsoft-Windows-UserModePowerService	12	(10)	Process C:\Windows\System32\WUDFHost.exe (process ID:1500) reset policy scheme from {381b4222-f694-41f0-9685-ff5bb260df2e} to {381b4222-f694-41f0-9685-ff5bb260df2e}
Information	22-11-2024 14:16:08	Microsoft-Windows-UserModePowerService	12	(10)	Process C:\Windows\System32\WUDFHost.exe (process ID:1500) reset policy scheme from {381b4222-f694-41f0-9685-ff5bb260df2e} to {381b4222-f694-41f0-9685-ff5bb260df2e}
Information	22-11-2024 14:16:07	Microsoft-Windows-UserModePowerService	12	(10)	Process C:\Windows\System32\WUDFHost.exe (process ID:1500) reset policy scheme from {381b4222-f694-41f0-9685-ff5bb260df2e} to {381b4222-f694-41f0-9685-ff5bb260df2e}
Information	22-11-2024 14:16:06	Microsoft-Windows-UserModePowerService	12	(10)	Process C:\Windows\System32\WUDFHost.exe (process ID:1500) reset policy scheme from {381b4222-f694-41f0-9685-ff5bb260df2e} to {381b4222-f694-41f0-9685-ff5bb260df2e}
Information	22-11-2024 14:16:05	Microsoft-Windows-UserModePowerService	12	(10)	Process C:\Windows\System32\WUDFHost.exe (process ID:1500) reset policy scheme from {381b4222-f694-41f0-9685-ff5bb260df2e} to {381b4222-f694-41f0-9685-ff5bb260df2e}
Information	22-11-2024 14:16:04	Microsoft-Windows-UserModePowerService	12	(10)	Process C:\Windows\System32\WUDFHost.exe (process ID:1500) reset policy scheme from {381b4222-f694-41f0-9685-ff5bb260df2e} to {381b4222-f694-41f0-9685-ff5bb260df2e}
Information	22-11-2024 14:16:03	Microsoft-Windows-UserModePowerService	12	(10)	Process C:\Windows\System32\WUDFHost.exe (process ID:1500) reset policy scheme from {381b4222-f694-41f0-9685-ff5bb260df2e} to {381b4222-f694-41f0-9685-ff5bb260df2e}
Information	22-11-2024 14:15:34	Microsoft-Windows-UserModePowerService	12	(10)	Process C:\Windows\System32\WUDFHost.exe (process ID:1500) reset policy scheme from {381b4222-f694-41f0-9685-ff5bb260df2e} to {381b4222-f694-41f0-9685-ff5bb260df2e}
Information	22-11-2024 14:15:33	Microsoft-Windows-UserModePowerService	12	(10)	Process C:\Windows\System32\WUDFHost.exe (process ID:1500) reset policy scheme from {381b4222-f694-41f0-9685-ff5bb260df2e} to {381b4222-f694-41f0-9685-ff5bb260df2e}
Information	22-11-2024 14:15:23	Microsoft-Windows-UserModePowerService	12	(10)	Process C:\Windows\System32\WUDFHost.exe (process ID:1500) reset policy scheme from {381b4222-f694-41f0-9685-ff5bb260df2e} to {381b4222-f694-41f0-9685-ff5bb260df2e}
Information	22-11-2024 14:15:21	Microsoft-Windows-UserModePowerService	12	(10)	Process C:\Windows\System32\WUDFHost.exe (process ID:1500) reset policy scheme from {381b4222-f694-41f0-9685-ff5bb260df2e} to {381b4222-f694-41f0-9685-ff5bb260df2e}
Information	22-11-2024 14:14:40	Microsoft-Windows-UserModePowerService	12	(10)	Process C:\Windows\System32\WUDFHost.exe (process ID:1500) reset policy scheme from {381b4222-f694-41f0-9685-ff5bb260df2e} to {381b4222-f694-41f0-9685-ff5bb260df2e}
Information	22-11-2024 14:14:34	Microsoft-Windows-UserModePowerService	12	(10)	Process C:\Windows\System32\WUDFHost.exe (process ID:1500) reset policy scheme from {381b4222-f694-41f0-9685-ff5bb260df2e} to {381b4222-f694-41f0-9685-ff5bb260df2e}
Information	22-11-2024 14:13:43	Microsoft-Windows-UserModePowerService	12	(10)	Process C:\Windows\System32\WUDFHost.exe (process ID:1500) reset policy scheme from {381b4222-f694-41f0-9685-ff5bb260df2e} to {381b4222-f694-41f0-9685-ff5bb260df2e}
Information	22-11-2024 14:13:42	Microsoft-Windows-UserModePowerService	12	(10)	Process C:\Windows\System32\WUDFHost.exe (process ID:1500) reset policy scheme from {381b4222-f694-41f0-9685-ff5bb260df2e} to {381b4222-f694-41f0-9685-ff5bb260df2e}
Information	22-11-2024 14:12:57	Microsoft-Windows-UserModePowerService	12	(10)	Process C:\Windows\System32\WUDFHost.exe (process ID:1500) reset policy scheme from {381b4222-f694-41f0-9685-ff5bb260df2e} to {381b4222-f694-41f0-9685-ff5bb260df2e}
Information	22-11-2024 14:12:56	Microsoft-Windows-UserModePowerService	12	(10)	Process C:\Windows\System32\WUDFHost.exe (process ID:1500) reset policy scheme from {381b4222-f694-41f0-9685-ff5bb260df2e} to {381b4222-f694-41f0-9685-ff5bb260df2e}
Information	22-11-2024 14:12:54	Microsoft-Windows-UserModePowerService	12	(10)	Process C:\Windows\System32\WUDFHost.exe (process ID:1500) reset policy scheme from {381b4222-f694-41f0-9685-ff5bb260df2e} to {381b4222-f694-41f0-9685-ff5bb260df2e}
Information	22-11-2024 14:12:53	Microsoft-Windows-UserModePowerService	12	(10)	Process C:\Windows\System32\WUDFHost.exe (process ID:1500) reset policy scheme from {381b4222-f694-41f0-9685-ff5bb260df2e} to {381b4222-f694-41f0-9685-ff5bb260df2e}
Information	22-11-2024 14:12:50	Microsoft-Windows-UserModePowerService	12	(10)	Process C:\Windows\System32\WUDFHost.exe (process ID:1500) reset policy scheme from {381b4222-f694-41f0-9685-ff5bb260df2e} to {381b4222-f694-41f0-9685-ff5bb260df2e}
Information	22-11-2024 14:12:49	Microsoft-Windows-UserModePowerService	12	(10)	Process C:\Windows\System32\WUDFHost.exe (process ID:1500) reset policy scheme from {381b4222-f694-41f0-9685-ff5bb260df2e} to {381b4222-f694-41f0-9685-ff5bb260df2e}
Information	22-11-2024 14:12:31	Microsoft-Windows-UserModePowerService	12	(10)	Process C:\Windows\System32\WUDFHost.exe (process ID:1500) reset policy scheme from {381b4222-f694-41f0-9685-ff5bb260df2e} to {381b4222-f694-41f0-9685-ff5bb260df2e}
Information	22-11-2024 14:12:30	Microsoft-Windows-UserModePowerService	12	(10)	Process C:\Windows\System32\WUDFHost.exe (process ID:1500) reset policy scheme from {381b4222-f694-41f0-9685-ff5bb260df2e} to {381b4222-f694-41f0-9685-ff5bb260df2e}
Information	22-11-2024 14:12:26	Microsoft-Windows-UserModePowerService	12	(10)	Process C:\Windows\System32\WUDFHost.exe (process ID:1500) reset policy scheme from {381b4222-f694-41f0-9685-ff5bb260df2e} to {381b4222-f694-41f0-9685-ff5bb260df2e}
Information	22-11-2024 14:12:25	Microsoft-Windows-UserModePowerService	12	(10)	Process C:\Windows\System32\WUDFHost.exe (process ID:1500) reset policy scheme from {381b4222-f694-41f0-9685-ff5bb260df2e} to {381b4222-f694-41f0-9685-ff5bb260df2e}
Information	22-11-2024 14:09:57	Microsoft-Windows-UserModePowerService	12	(10)	Process C:\Windows\System32\WUDFHost.exe (process ID:1500) reset policy scheme from {381b4222-f694-41f0-9685-ff5bb260df2e} to {381b4222-f694-41f0-9685-ff5bb260df2e}
Information	22-11-2024 14:09:56	Microsoft-Windows-UserModePowerService	12	(10)	Process C:\Windows\System32\WUDFHost.exe (process ID:1500) reset policy scheme from {381b4222-f694-41f0-9685-ff5bb260df2e} to {381b4222-f694-41f0-9685-ff5bb260df2e}
Information	22-11-2024 14:08:48	Microsoft-Windows-UserModePowerService	12	(10)	Process C:\Windows\System32\WUDFHost.exe (process ID:1500) reset policy scheme from {381b4222-f694-41f0-9685-ff5bb260df2e} to {381b4222-f694-41f0-9685-ff5bb260df2e}
Information	22-11-2024 14:08:47	Microsoft-Windows-UserModePowerService	12	(10)	Process C:\Windows\System32\WUDFHost.exe (process ID:1500) reset policy scheme from {381b4222-f694-41f0-9685-ff5bb260df2e} to {381b4222-f694-41f0-9685-ff5bb260df2e}
Information	22-11-2024 14:08:42	Microsoft-Windows-UserModePowerService	12	(10)	Process C:\Windows\System32\WUDFHost.exe (process ID:1500) reset policy scheme from {381b4222-f694-41f0-9685-ff5bb260df2e} to {381b4222-f694-41f0-9685-ff5bb260df2e}
Information	22-11-2024 14:08:39	Microsoft-Windows-UserModePowerService	12	(10)	Process C:\Windows\System32\WUDFHost.exe (process ID:1500) reset policy scheme from {381b4222-f694-41f0-9685-ff5bb260df2e} to {381b4222-f694-41f0-9685-ff5bb260df2e}
Information	22-11-2024 14:08:02	Microsoft-Windows-UserModePowerService	12	(10)	Process C:\Windows\System32\WUDFHost.exe (process ID:1500) reset policy scheme from {381b4222-f694-41f0-9685-ff5bb260df2e} to {381b4222-f694-41f0-9685-ff5bb260df2e}
Information	22-11-2024 14:08:01	Microsoft-Windows-UserModePowerService	12	(10)	Process C:\Windows\System32\WUDFHost.exe (process ID:1500) reset policy scheme from {381b4222-f694-41f0-9685-ff5bb260df2e} to {381b4222-f694-41f0-9685-ff5bb260df2e}
Information	22-11-2024 14:08:00	Microsoft-Windows-UserModePowerService	12	(10)	Process C:\Windows\System32\WUDFHost.exe (process ID:1500) reset policy scheme from {381b4222-f694-41f0-9685-ff5bb260df2e} to {381b4222-f694-41f0-9685-ff5bb260df2e}
Information	22-11-2024 14:07:59	Microsoft-Windows-UserModePowerService	12	(10)	Process C:\Windows\System32\WUDFHost.exe (process ID:1500) reset policy scheme from {381b4222-f694-41f0-9685-ff5bb260df2e} to {381b4222-f694-41f0-9685-ff5bb260df2e}
Information	22-11-2024 14:07:57	Microsoft-Windows-UserModePowerService	12	(10)	Process C:\Windows\System32\WUDFHost.exe (process ID:1500) reset policy scheme from {381b4222-f694-41f0-9685-ff5bb260df2e} to {381b4222-f694-41f0-9685-ff5bb260df2e}
Information	22-11-2024 14:07:55	Microsoft-Windows-UserModePowerService	12	(10)	Process C:\Windows\System32\WUDFHost.exe (process ID:1500) reset policy scheme from {381b4222-f694-41f0-9685-ff5bb260df2e} to {381b4222-f694-41f0-9685-ff5bb260df2e}
Information	22-11-2024 14:06:45	Microsoft-Windows-UserModePowerService	12	(10)	Process C:\Windows\System32\WUDFHost.exe (process ID:1500) reset policy scheme from {381b4222-f694-41f0-9685-ff5bb260df2e} to {381b4222-f694-41f0-9685-ff5bb260df2e}
Information	22-11-2024 14:06:44	Microsoft-Windows-UserModePowerService	12	(10)	Process C:\Windows\System32\WUDFHost.exe (process ID:1500) reset policy scheme from {381b4222-f694-41f0-9685-ff5bb260df2e} to {381b4222-f694-41f0-9685-ff5bb260df2e}
Information	22-11-2024 14:06:37	Microsoft-Windows-UserModePowerService	12	(10)	Process C:\Windows\System32\WUDFHost.exe (process ID:1500) reset policy scheme from {381b4222-f694-41f0-9685-ff5bb260df2e} to {381b4222-f694-41f0-9685-ff5bb260df2e}
Information	22-11-2024 14:06:36	Microsoft-Windows-UserModePowerService	12	(10)	Process C:\Windows\System32\WUDFHost.exe (process ID:1500) reset policy scheme from {381b4222-f694-41f0-9685-ff5bb260df2e} to {381b4222-f694-41f0-9685-ff5bb260df2e}
Information	22-11-2024 14:05:56	Microsoft-Windows-UserModePowerService	12	(10)	Process C:\Windows\System32\WUDFHost.exe (process ID:1500) reset policy scheme from {381b4222-f694-41f0-9685-ff5bb260df2e} to {381b4222-f694-41f0-9685-ff5bb260df2e}
Information	22-11-2024 14:05:55	Microsoft-Windows-UserModePowerService	12	(10)	Process C:\Windows\System32\WUDFHost.exe (process ID:1500) reset policy scheme from {381b4222-f694-41f0-9685-ff5bb260df2e} to {381b4222-f694-41f0-9685-ff5bb260df2e}
Information	22-11-2024 14:05:49	Microsoft-Windows-UserModePowerService	12	(10)	Process C:\Windows\System32\WUDFHost.exe (process ID:1500) reset policy scheme from {381b4222-f694-41f0-9685-ff5bb260df2e} to {381b4222-f694-41f0-9685-ff5bb260df2e}
Information	22-11-2024 14:05:48	Microsoft-Windows-UserModePowerService	12	(10)	Process C:\Windows\System32\WUDFHost.exe (process ID:1500) reset policy scheme from {381b4222-f694-41f0-9685-ff5bb260df2e} to {381b4222-f694-41f0-9685-ff5bb260df2e}
Information	22-11-2024 14:05:33	Microsoft-Windows-UserModePowerService	12	(10)	Process C:\Windows\System32\WUDFHost.exe (process ID:1500) reset policy scheme from {381b4222-f694-41f0-9685-ff5bb260df2e} to {381b4222-f694-41f0-9685-ff5bb260df2e}
Information	22-11-2024 14:05:32	Microsoft-Windows-UserModePowerService	12	(10)	Process C:\Windows\System32\WUDFHost.exe (process ID:1500) reset policy scheme from {381b4222-f694-41f0-9685-ff5bb260df2e} to {381b4222-f694-41f0-9685-ff5bb260df2e}
Information	22-11-2024 14:05:04	Microsoft-Windows-UserModePowerService	12	(10)	Process C:\Windows\System32\WUDFHost.exe (process ID:1500) reset policy scheme from {381b4222-f694-41f0-9685-ff5bb260df2e} to {381b4222-f694-41f0-9685-ff5bb260df2e}
Information	22-11-2024 14:05:03	Microsoft-Windows-UserModePowerService	12	(10)	Process C:\Windows\System32\WUDFHost.exe (process ID:1500) reset policy scheme from {381b4222-f694-41f0-9685-ff5bb260df2e} to {381b4222-f694-41f0-9685-ff5bb260df2e}
Information	22-11-2024 14:05:02	Microsoft-Windows-UserModePowerService	12	(10)	Process C:\Windows\System32\WUDFHost.exe (process ID:1500) reset policy scheme from {381b4222-f694-41f0-9685-ff5bb260df2e} to {381b4222-f694-41f0-9685-ff5bb260df2e}
Information	22-11-2024 14:05:01	Microsoft-Windows-UserModePowerService	12	(10)	Process C:\Windows\System32\WUDFHost.exe (process ID:1500) reset policy scheme from {381b4222-f694-41f0-9685-ff5bb260df2e} to {381b4222-f694-41f0-9685-ff5bb260df2e}
Information	22-11-2024 14:03:24	Microsoft-Windows-UserModePowerService	12	(10)	Process C:\Windows\System32\WUDFHost.exe (process ID:1500) reset policy scheme from {381b4222-f694-41f0-9685-ff5bb260df2e} to {381b4222-f694-41f0-9685-ff5bb260df2e}
Information	22-11-2024 14:03:23	Microsoft-Windows-UserModePowerService	12	(10)	Process C:\Windows\System32\WUDFHost.exe (process ID:1500) reset policy scheme from {381b4222-f694-41f0-9685-ff5bb260df2e} to {381b4222-f694-41f0-9685-ff5bb260df2e}
Information	22-11-2024 14:02:52	Microsoft-Windows-UserModePowerService	12	(10)	Process C:\Windows\System32\WUDFHost.exe (process ID:1500) reset policy scheme from {381b4222-f694-41f0-9685-ff5bb260df2e} to {381b4222-f694-41f0-9685-ff5bb260df2e}
Information	22-11-2024 14:02:51	Microsoft-Windows-UserModePowerService	12	(10)	Process C:\Windows\System32\WUDFHost.exe (process ID:1500) reset policy scheme from {381b4222-f694-41f0-9685-ff5bb260df2e} to {381b4222-f694-41f0-9685-ff5bb260df2e}
Information	22-11-2024 14:01:34	Microsoft-Windows-UserModePowerService	12	(10)	Process C:\Windows\System32\WUDFHost.exe (process ID:1500) reset policy scheme from {381b4222-f694-41f0-9685-ff5bb260df2e} to {381b4222-f694-41f0-9685-ff5bb260df2e}
Information	22-11-2024 14:01:34	Microsoft-Windows-UserModePowerService	12	(10)	Process C:\Windows\System32\WUDFHost.exe (process ID:1500) reset policy scheme from {381b4222-f694-41f0-9685-ff5bb260df2e} to {381b4222-f694-41f0-9685-ff5bb260df2e}
Information	22-11-2024 14:00:58	Microsoft-Windows-UserModePowerService	51	(37)	Process C:\Program Files\Dell\DellOptimizer\DellOptimizer.exe (process ID:2836) reset overlay policy scheme from {00000000-0000-0000-0000-000000000000} to {00000000-0000-0000-0000-000000000000}
Information	22-11-2024 14:00:56	Microsoft-Windows-UserModePowerService	12	(10)	Process C:\Windows\System32\WUDFHost.exe (process ID:1500) reset policy scheme from {381b4222-f694-41f0-9685-ff5bb260df2e} to {381b4222-f694-41f0-9685-ff5bb260df2e}
Information	22-11-2024 14:00:56	Microsoft-Windows-UserModePowerService	12	(10)	Process C:\Windows\System32\WUDFHost.exe (process ID:1500) reset policy scheme from {381b4222-f694-41f0-9685-ff5bb260df2e} to {381b4222-f694-41f0-9685-ff5bb260df2e}
Information	22-11-2024 14:00:56	Microsoft-Windows-Kernel-Power	105	(100)	Power source change.
Information	22-11-2024 14:00:44	Microsoft-Windows-UserModePowerService	12	(10)	Process C:\Windows\System32\WUDFHost.exe (process ID:1500) reset policy scheme from {381b4222-f694-41f0-9685-ff5bb260df2e} to {381b4222-f694-41f0-9685-ff5bb260df2e}
Information	22-11-2024 14:00:40	Microsoft-Windows-UserModePowerService	12	(10)	Process C:\Windows\System32\WUDFHost.exe (process ID:1500) reset policy scheme from {381b4222-f694-41f0-9685-ff5bb260df2e} to {381b4222-f694-41f0-9685-ff5bb260df2e}
Information	22-11-2024 14:00:29	Microsoft-Windows-UserModePowerService	12	(10)	Process C:\Windows\System32\WUDFHost.exe (process ID:1500) reset policy scheme from {381b4222-f694-41f0-9685-ff5bb260df2e} to {381b4222-f694-41f0-9685-ff5bb260df2e}
Information	22-11-2024 14:00:27	Microsoft-Windows-UserModePowerService	12	(10)	Process C:\Windows\System32\WUDFHost.exe (process ID:1500) reset policy scheme from {381b4222-f694-41f0-9685-ff5bb260df2e} to {381b4222-f694-41f0-9685-ff5bb260df2e}
Information	22-11-2024 14:00:25	Microsoft-Windows-UserModePowerService	12	(10)	Process C:\Windows\System32\WUDFHost.exe (process ID:1500) reset policy scheme from {381b4222-f694-41f0-9685-ff5bb260df2e} to {381b4222-f694-41f0-9685-ff5bb260df2e}
Information	22-11-2024 14:00:18	Microsoft-Windows-UserModePowerService	12	(10)	Process C:\Windows\System32\WUDFHost.exe (process ID:1500) reset policy scheme from {381b4222-f694-41f0-9685-ff5bb260df2e} to {381b4222-f694-41f0-9685-ff5bb260df2e}
Information	22-11-2024 14:00:14	Microsoft-Windows-UserModePowerService	12	(10)	Process C:\Windows\System32\WUDFHost.exe (process ID:1500) reset policy scheme from {381b4222-f694-41f0-9685-ff5bb260df2e} to {381b4222-f694-41f0-9685-ff5bb260df2e}
Information	22-11-2024 14:00:12	Microsoft-Windows-UserModePowerService	12	(10)	Process C:\Windows\System32\WUDFHost.exe (process ID:1500) reset policy scheme from {381b4222-f694-41f0-9685-ff5bb260df2e} to {381b4222-f694-41f0-9685-ff5bb260df2e}
Information	22-11-2024 14:00:12	Microsoft-Windows-UserModePowerService	12	(10)	Process C:\Windows\System32\WUDFHost.exe (process ID:1500) reset policy scheme from {381b4222-f694-41f0-9685-ff5bb260df2e} to {381b4222-f694-41f0-9685-ff5bb260df2e}
Information	22-11-2024 14:00:11	Microsoft-Windows-UserModePowerService	12	(10)	Process C:\Windows\System32\WUDFHost.exe (process ID:1500) reset policy scheme from {381b4222-f694-41f0-9685-ff5bb260df2e} to {381b4222-f694-41f0-9685-ff5bb260df2e}
Information	22-11-2024 14:00:11	Microsoft-Windows-UserModePowerService	12	(10)	Process C:\Windows\System32\WUDFHost.exe (process ID:1500) reset policy scheme from {381b4222-f694-41f0-9685-ff5bb260df2e} to {381b4222-f694-41f0-9685-ff5bb260df2e}
Information	22-11-2024 14:00:10	Microsoft-Windows-UserModePowerService	12	(10)	Process C:\Windows\System32\WUDFHost.exe (process ID:1500) reset policy scheme from {381b4222-f694-41f0-9685-ff5bb260df2e} to {381b4222-f694-41f0-9685-ff5bb260df2e}
Information	22-11-2024 13:59:54	Microsoft-Windows-UserModePowerService	12	(10)	Process C:\Windows\System32\WUDFHost.exe (process ID:1500) reset policy scheme from {381b4222-f694-41f0-9685-ff5bb260df2e} to {381b4222-f694-41f0-9685-ff5bb260df2e}
Information	22-11-2024 13:59:45	Microsoft-Windows-UserModePowerService	12	(10)	Process C:\Windows\System32\WUDFHost.exe (process ID:1500) reset policy scheme from {381b4222-f694-41f0-9685-ff5bb260df2e} to {381b4222-f694-41f0-9685-ff5bb260df2e}
Information	22-11-2024 13:59:34	Microsoft-Windows-UserModePowerService	12	(10)	Process C:\Windows\System32\WUDFHost.exe (process ID:1500) reset policy scheme from {381b4222-f694-41f0-9685-ff5bb260df2e} to {381b4222-f694-41f0-9685-ff5bb260df2e}
Information	22-11-2024 13:59:30	Microsoft-Windows-UserModePowerService	12	(10)	Process C:\Windows\System32\WUDFHost.exe (process ID:1500) reset policy scheme from {381b4222-f694-41f0-9685-ff5bb260df2e} to {381b4222-f694-41f0-9685-ff5bb260df2e}
Information	22-11-2024 13:59:19	Microsoft-Windows-UserModePowerService	12	(10)	Process C:\Windows\System32\WUDFHost.exe (process ID:1500) reset policy scheme from {381b4222-f694-41f0-9685-ff5bb260df2e} to {381b4222-f694-41f0-9685-ff5bb260df2e}
Information	22-11-2024 13:59:05	Microsoft-Windows-UserModePowerService	12	(10)	Process C:\Windows\System32\WUDFHost.exe (process ID:1500) reset policy scheme from {381b4222-f694-41f0-9685-ff5bb260df2e} to {381b4222-f694-41f0-9685-ff5bb260df2e}
Information	22-11-2024 13:59:01	Microsoft-Windows-UserModePowerService	12	(10)	Process C:\Windows\System32\WUDFHost.exe (process ID:1500) reset policy scheme from {381b4222-f694-41f0-9685-ff5bb260df2e} to {381b4222-f694-41f0-9685-ff5bb260df2e}
Information	22-11-2024 13:58:59	Microsoft-Windows-UserModePowerService	12	(10)	Process C:\Windows\System32\WUDFHost.exe (process ID:1500) reset policy scheme from {381b4222-f694-41f0-9685-ff5bb260df2e} to {381b4222-f694-41f0-9685-ff5bb260df2e}
Information	22-11-2024 13:58:57	Microsoft-Windows-UserModePowerService	12	(10)	Process C:\Windows\System32\WUDFHost.exe (process ID:1500) reset policy scheme from {381b4222-f694-41f0-9685-ff5bb260df2e} to {381b4222-f694-41f0-9685-ff5bb260df2e}
Information	22-11-2024 13:58:43	Microsoft-Windows-UserModePowerService	12	(10)	Process C:\Windows\System32\WUDFHost.exe (process ID:1500) reset policy scheme from {381b4222-f694-41f0-9685-ff5bb260df2e} to {381b4222-f694-41f0-9685-ff5bb260df2e}
Information	22-11-2024 13:58:35	Microsoft-Windows-UserModePowerService	12	(10)	Process C:\Windows\System32\WUDFHost.exe (process ID:1500) reset policy scheme from {381b4222-f694-41f0-9685-ff5bb260df2e} to {381b4222-f694-41f0-9685-ff5bb260df2e}
Information	22-11-2024 13:58:16	Microsoft-Windows-UserModePowerService	12	(10)	Process C:\Windows\System32\WUDFHost.exe (process ID:1500) reset policy scheme from {381b4222-f694-41f0-9685-ff5bb260df2e} to {381b4222-f694-41f0-9685-ff5bb260df2e}
Information	22-11-2024 13:58:15	Microsoft-Windows-UserModePowerService	12	(10)	Process C:\Windows\System32\WUDFHost.exe (process ID:1500) reset policy scheme from {381b4222-f694-41f0-9685-ff5bb260df2e} to {381b4222-f694-41f0-9685-ff5bb260df2e}
Information	22-11-2024 13:58:13	Microsoft-Windows-UserModePowerService	12	(10)	Process C:\Windows\System32\WUDFHost.exe (process ID:1500) reset policy scheme from {381b4222-f694-41f0-9685-ff5bb260df2e} to {381b4222-f694-41f0-9685-ff5bb260df2e}
Information	22-11-2024 13:57:58	Microsoft-Windows-UserModePowerService	12	(10)	Process C:\Windows\System32\WUDFHost.exe (process ID:1500) reset policy scheme from {381b4222-f694-41f0-9685-ff5bb260df2e} to {381b4222-f694-41f0-9685-ff5bb260df2e}
Information	22-11-2024 13:57:57	Microsoft-Windows-UserModePowerService	12	(10)	Process C:\Windows\System32\WUDFHost.exe (process ID:1500) reset policy scheme from {381b4222-f694-41f0-9685-ff5bb260df2e} to {381b4222-f694-41f0-9685-ff5bb260df2e}
Information	22-11-2024 13:57:55	Microsoft-Windows-UserModePowerService	12	(10)	Process C:\Windows\System32\WUDFHost.exe (process ID:1500) reset policy scheme from {381b4222-f694-41f0-9685-ff5bb260df2e} to {381b4222-f694-41f0-9685-ff5bb260df2e}
Information	22-11-2024 13:57:54	Microsoft-Windows-UserModePowerService	12	(10)	Process C:\Windows\System32\WUDFHost.exe (process ID:1500) reset policy scheme from {381b4222-f694-41f0-9685-ff5bb260df2e} to {381b4222-f694-41f0-9685-ff5bb260df2e}
Information	22-11-2024 13:57:52	Microsoft-Windows-UserModePowerService	12	(10)	Process C:\Windows\System32\WUDFHost.exe (process ID:1500) reset policy scheme from {381b4222-f694-41f0-9685-ff5bb260df2e} to {381b4222-f694-41f0-9685-ff5bb260df2e}
Information	22-11-2024 13:57:42	Microsoft-Windows-UserModePowerService	12	(10)	Process C:\Windows\System32\WUDFHost.exe (process ID:1500) reset policy scheme from {381b4222-f694-41f0-9685-ff5bb260df2e} to {381b4222-f694-41f0-9685-ff5bb260df2e}
Information	22-11-2024 13:57:34	Microsoft-Windows-UserModePowerService	12	(10)	Process C:\Windows\System32\WUDFHost.exe (process ID:1500) reset policy scheme from {381b4222-f694-41f0-9685-ff5bb260df2e} to {381b4222-f694-41f0-9685-ff5bb260df2e}
Information	22-11-2024 13:57:25	Microsoft-Windows-UserModePowerService	12	(10)	Process C:\Windows\System32\WUDFHost.exe (process ID:1500) reset policy scheme from {381b4222-f694-41f0-9685-ff5bb260df2e} to {381b4222-f694-41f0-9685-ff5bb260df2e}
Information	22-11-2024 13:57:07	Microsoft-Windows-UserModePowerService	12	(10)	Process C:\Windows\System32\WUDFHost.exe (process ID:1500) reset policy scheme from {381b4222-f694-41f0-9685-ff5bb260df2e} to {381b4222-f694-41f0-9685-ff5bb260df2e}
Information	22-11-2024 13:57:04	Microsoft-Windows-UserModePowerService	12	(10)	Process C:\Windows\System32\WUDFHost.exe (process ID:1500) reset policy scheme from {381b4222-f694-41f0-9685-ff5bb260df2e} to {381b4222-f694-41f0-9685-ff5bb260df2e}
Information	22-11-2024 13:57:02	Microsoft-Windows-UserModePowerService	12	(10)	Process C:\Windows\System32\WUDFHost.exe (process ID:1500) reset policy scheme from {381b4222-f694-41f0-9685-ff5bb260df2e} to {381b4222-f694-41f0-9685-ff5bb260df2e}
Information	22-11-2024 13:57:01	Microsoft-Windows-UserModePowerService	12	(10)	Process C:\Windows\System32\WUDFHost.exe (process ID:1500) reset policy scheme from {381b4222-f694-41f0-9685-ff5bb260df2e} to {381b4222-f694-41f0-9685-ff5bb260df2e}
Information	22-11-2024 13:56:54	Microsoft-Windows-UserModePowerService	12	(10)	Process C:\Windows\System32\WUDFHost.exe (process ID:1500) reset policy scheme from {381b4222-f694-41f0-9685-ff5bb260df2e} to {381b4222-f694-41f0-9685-ff5bb260df2e}
Information	22-11-2024 13:56:52	Microsoft-Windows-UserModePowerService	12	(10)	Process C:\Windows\System32\WUDFHost.exe (process ID:1500) reset policy scheme from {381b4222-f694-41f0-9685-ff5bb260df2e} to {381b4222-f694-41f0-9685-ff5bb260df2e}
Information	22-11-2024 13:56:41	Microsoft-Windows-UserModePowerService	12	(10)	Process C:\Windows\System32\WUDFHost.exe (process ID:1500) reset policy scheme from {381b4222-f694-41f0-9685-ff5bb260df2e} to {381b4222-f694-41f0-9685-ff5bb260df2e}
Information	22-11-2024 13:56:41	Microsoft-Windows-UserModePowerService	12	(10)	Process C:\Windows\System32\WUDFHost.exe (process ID:1500) reset policy scheme from {381b4222-f694-41f0-9685-ff5bb260df2e} to {381b4222-f694-41f0-9685-ff5bb260df2e}
Information	22-11-2024 13:56:41	Microsoft-Windows-UserModePowerService	12	(10)	Process C:\Windows\System32\WUDFHost.exe (process ID:1500) reset policy scheme from {381b4222-f694-41f0-9685-ff5bb260df2e} to {381b4222-f694-41f0-9685-ff5bb260df2e}
Information	22-11-2024 13:56:33	Microsoft-Windows-UserModePowerService	12	(10)	Process C:\Windows\System32\WUDFHost.exe (process ID:1500) reset policy scheme from {381b4222-f694-41f0-9685-ff5bb260df2e} to {381b4222-f694-41f0-9685-ff5bb260df2e}
Information	22-11-2024 13:56:31	Microsoft-Windows-UserModePowerService	12	(10)	Process C:\Windows\System32\WUDFHost.exe (process ID:1500) reset policy scheme from {381b4222-f694-41f0-9685-ff5bb260df2e} to {381b4222-f694-41f0-9685-ff5bb260df2e}
Information	22-11-2024 13:56:30	Microsoft-Windows-UserModePowerService	12	(10)	Process C:\Windows\System32\WUDFHost.exe (process ID:1500) reset policy scheme from {381b4222-f694-41f0-9685-ff5bb260df2e} to {381b4222-f694-41f0-9685-ff5bb260df2e}
Information	22-11-2024 13:56:28	Microsoft-Windows-UserModePowerService	12	(10)	Process C:\Windows\System32\WUDFHost.exe (process ID:1500) reset policy scheme from {381b4222-f694-41f0-9685-ff5bb260df2e} to {381b4222-f694-41f0-9685-ff5bb260df2e}
Warning	22-11-2024 13:56:25	Microsoft-Windows-DistributedCOM	10016	None	"The application-specific permission settings do not grant Local Activation permission for the COM Server application with CLSID 
{2593F8B9-4EAF-457C-B68A-50F6B8EA6B54}
 and APPID 
{15C20B67-12E7-4BB6-92BB-7AFF07997402}
 to the user DELL\laksh SID (S-1-5-21-3247243632-994969006-123497926-1001) from address LocalHost (Using LRPC) running in the application container Unavailable SID (Unavailable). This security permission can be modified using the Component Services administrative tool."
Information	22-11-2024 13:56:25	Microsoft-Windows-UserModePowerService	12	(10)	Process C:\Windows\System32\WUDFHost.exe (process ID:1500) reset policy scheme from {381b4222-f694-41f0-9685-ff5bb260df2e} to {381b4222-f694-41f0-9685-ff5bb260df2e}
Information	22-11-2024 13:56:22	Microsoft-Windows-UserModePowerService	12	(10)	Process C:\Windows\System32\WUDFHost.exe (process ID:1500) reset policy scheme from {381b4222-f694-41f0-9685-ff5bb260df2e} to {381b4222-f694-41f0-9685-ff5bb260df2e}
Information	22-11-2024 13:50:54	Microsoft-Windows-UserModePowerService	12	(10)	Process C:\Windows\System32\WUDFHost.exe (process ID:1500) reset policy scheme from {381b4222-f694-41f0-9685-ff5bb260df2e} to {381b4222-f694-41f0-9685-ff5bb260df2e}
Information	22-11-2024 13:50:35	Microsoft-Windows-Kernel-General	15	(10)	Hive \??\Volume{a7d1d5a0-da6f-47f4-aa14-26a13731bf88}\System Volume Information\SPP\SppCbsHiveStore\{cd42efe1-f6f1-427c-b004-033192c625a4}{6473FD5E-0C77-4955-B4A2-E0D6C4CA8CA1} was reorganized with a starting size of 138170368 bytes and an ending size of 130891776 bytes.
Information	22-11-2024 13:50:30	Microsoft-Windows-Kernel-General	16	None	The access history in hive \??\Volume{a7d1d5a0-da6f-47f4-aa14-26a13731bf88}\System Volume Information\SPP\SppCbsHiveStore\{cd42efe1-f6f1-427c-b004-033192c625a4}{18C2339E-E3E5-42C8-B6B2-4377D0E56DB2} was cleared updating 733 keys and creating 109 modified pages.
Information	22-11-2024 13:50:30	Microsoft-Windows-Kernel-General	16	None	The access history in hive \??\Volume{a7d1d5a0-da6f-47f4-aa14-26a13731bf88}\System Volume Information\SPP\SppCbsHiveStore\{cd42efe1-f6f1-427c-b004-033192c625a4}{62E72EDA-7920-429B-B2E2-2629D20677E8} was cleared updating 79 keys and creating 3 modified pages.
Information	22-11-2024 13:50:30	Microsoft-Windows-Kernel-General	16	None	The access history in hive \??\Volume{a7d1d5a0-da6f-47f4-aa14-26a13731bf88}\System Volume Information\SPP\SppCbsHiveStore\{cd42efe1-f6f1-427c-b004-033192c625a4}{6FA81B83-33EC-4C6E-814D-85554CCEC371} was cleared updating 58 keys and creating 7 modified pages.
Information	22-11-2024 13:50:30	Microsoft-Windows-Kernel-General	15	(10)	Hive \??\Volume{a7d1d5a0-da6f-47f4-aa14-26a13731bf88}\System Volume Information\SPP\SppCbsHiveStore\{cd42efe1-f6f1-427c-b004-033192c625a4}{5D7A3DC6-8496-48DB-A6B3-345EBD86D144} was reorganized with a starting size of 18731008 bytes and an ending size of 18468864 bytes.
