Information	22-11-2024 11:32:53	Microsoft-Windows-UserModePowerService	12	(10)	Process C:\Windows\System32\WUDFHost.exe (process ID:1500) reset policy scheme from {381b4222-f694-41f0-9685-ff5bb260df2e} to {381b4222-f694-41f0-9685-ff5bb260df2e}
Information	22-11-2024 11:32:45	Microsoft-Windows-UserModePowerService	12	(10)	Process C:\Windows\System32\WUDFHost.exe (process ID:1500) reset policy scheme from {381b4222-f694-41f0-9685-ff5bb260df2e} to {381b4222-f694-41f0-9685-ff5bb260df2e}
Information	22-11-2024 11:29:25	Microsoft-Windows-UserModePowerService	12	(10)	Process C:\Windows\System32\WUDFHost.exe (process ID:1500) reset policy scheme from {381b4222-f694-41f0-9685-ff5bb260df2e} to {381b4222-f694-41f0-9685-ff5bb260df2e}
Information	22-11-2024 11:29:21	Microsoft-Windows-UserModePowerService	12	(10)	Process C:\Windows\System32\WUDFHost.exe (process ID:1500) reset policy scheme from {381b4222-f694-41f0-9685-ff5bb260df2e} to {381b4222-f694-41f0-9685-ff5bb260df2e}
Error	22-11-2024 11:28:23	Microsoft-Windows-DistributedCOM	10001	None	"Unable to start a DCOM Server: {F3B5324B-98B2-4523-BBE5-1ABAB8B4D7D3} as Unavailable/Unavailable. The error:
""2147942403""
Happened while starting this command:
""C:\Program Files\WindowsApps\7EE7776C.LinkedInforWindows_3.0.40.0_x64__w1wdnht996qgy\LinkedIn\LinkedIn.exe"" ----WindowsAppRuntimePushServer: -Embedding"
Information	22-11-2024 11:28:00	Microsoft-Windows-UserModePowerService	12	(10)	Process C:\Windows\System32\WUDFHost.exe (process ID:1500) reset policy scheme from {381b4222-f694-41f0-9685-ff5bb260df2e} to {381b4222-f694-41f0-9685-ff5bb260df2e}
Information	22-11-2024 11:27:55	Microsoft-Windows-UserModePowerService	12	(10)	Process C:\Windows\System32\WUDFHost.exe (process ID:1500) reset policy scheme from {381b4222-f694-41f0-9685-ff5bb260df2e} to {381b4222-f694-41f0-9685-ff5bb260df2e}
Information	22-11-2024 11:26:24	Microsoft-Windows-UserModePowerService	12	(10)	Process C:\Windows\System32\WUDFHost.exe (process ID:1500) reset policy scheme from {381b4222-f694-41f0-9685-ff5bb260df2e} to {381b4222-f694-41f0-9685-ff5bb260df2e}
Information	22-11-2024 11:26:23	Microsoft-Windows-UserModePowerService	12	(10)	Process C:\Windows\System32\WUDFHost.exe (process ID:1500) reset policy scheme from {381b4222-f694-41f0-9685-ff5bb260df2e} to {381b4222-f694-41f0-9685-ff5bb260df2e}
Information	22-11-2024 11:26:17	Microsoft-Windows-UserModePowerService	12	(10)	Process C:\Windows\System32\WUDFHost.exe (process ID:1500) reset policy scheme from {381b4222-f694-41f0-9685-ff5bb260df2e} to {381b4222-f694-41f0-9685-ff5bb260df2e}
Information	22-11-2024 11:26:14	Microsoft-Windows-UserModePowerService	12	(10)	Process C:\Windows\System32\WUDFHost.exe (process ID:1500) reset policy scheme from {381b4222-f694-41f0-9685-ff5bb260df2e} to {381b4222-f694-41f0-9685-ff5bb260df2e}
Information	22-11-2024 11:26:11	Microsoft-Windows-UserModePowerService	12	(10)	Process C:\Windows\System32\WUDFHost.exe (process ID:1500) reset policy scheme from {381b4222-f694-41f0-9685-ff5bb260df2e} to {381b4222-f694-41f0-9685-ff5bb260df2e}
Information	22-11-2024 11:26:10	Microsoft-Windows-UserModePowerService	12	(10)	Process C:\Windows\System32\WUDFHost.exe (process ID:1500) reset policy scheme from {381b4222-f694-41f0-9685-ff5bb260df2e} to {381b4222-f694-41f0-9685-ff5bb260df2e}
Information	22-11-2024 11:26:04	Microsoft-Windows-UserModePowerService	12	(10)	Process C:\Windows\System32\WUDFHost.exe (process ID:1500) reset policy scheme from {381b4222-f694-41f0-9685-ff5bb260df2e} to {381b4222-f694-41f0-9685-ff5bb260df2e}
Information	22-11-2024 11:26:00	Microsoft-Windows-UserModePowerService	12	(10)	Process C:\Windows\System32\WUDFHost.exe (process ID:1500) reset policy scheme from {381b4222-f694-41f0-9685-ff5bb260df2e} to {381b4222-f694-41f0-9685-ff5bb260df2e}
Information	22-11-2024 11:25:46	Microsoft-Windows-UserModePowerService	12	(10)	Process C:\Windows\System32\WUDFHost.exe (process ID:1500) reset policy scheme from {381b4222-f694-41f0-9685-ff5bb260df2e} to {381b4222-f694-41f0-9685-ff5bb260df2e}
Information	22-11-2024 11:25:44	Microsoft-Windows-UserModePowerService	12	(10)	Process C:\Windows\System32\WUDFHost.exe (process ID:1500) reset policy scheme from {381b4222-f694-41f0-9685-ff5bb260df2e} to {381b4222-f694-41f0-9685-ff5bb260df2e}
Information	22-11-2024 11:21:45	Microsoft-Windows-UserModePowerService	12	(10)	Process C:\Windows\System32\WUDFHost.exe (process ID:1500) reset policy scheme from {381b4222-f694-41f0-9685-ff5bb260df2e} to {381b4222-f694-41f0-9685-ff5bb260df2e}
Information	22-11-2024 11:21:34	Microsoft-Windows-UserModePowerService	12	(10)	Process C:\Windows\System32\WUDFHost.exe (process ID:1500) reset policy scheme from {381b4222-f694-41f0-9685-ff5bb260df2e} to {381b4222-f694-41f0-9685-ff5bb260df2e}
Information	22-11-2024 11:20:11	Microsoft-Windows-UserModePowerService	12	(10)	Process C:\Windows\System32\WUDFHost.exe (process ID:1500) reset policy scheme from {381b4222-f694-41f0-9685-ff5bb260df2e} to {381b4222-f694-41f0-9685-ff5bb260df2e}
Information	22-11-2024 11:20:06	Microsoft-Windows-UserModePowerService	12	(10)	Process C:\Windows\System32\WUDFHost.exe (process ID:1500) reset policy scheme from {381b4222-f694-41f0-9685-ff5bb260df2e} to {381b4222-f694-41f0-9685-ff5bb260df2e}
Information	22-11-2024 11:19:37	Microsoft-Windows-Time-Service	158	None	The time provider 'VMICTimeProvider' has indicated that the current hardware and operating environment is not supported and has stopped. This behavior is expected for VMICTimeProvider on non-HyperV-guest environments. This may be the expected behavior for the current provider in the current operating environment as well.
Information	22-11-2024 11:18:25	Microsoft-Windows-UserModePowerService	12	(10)	Process C:\Windows\System32\WUDFHost.exe (process ID:1500) reset policy scheme from {381b4222-f694-41f0-9685-ff5bb260df2e} to {381b4222-f694-41f0-9685-ff5bb260df2e}
Information	22-11-2024 11:18:22	Microsoft-Windows-UserModePowerService	12	(10)	Process C:\Windows\System32\WUDFHost.exe (process ID:1500) reset policy scheme from {381b4222-f694-41f0-9685-ff5bb260df2e} to {381b4222-f694-41f0-9685-ff5bb260df2e}
Information	22-11-2024 11:18:21	Microsoft-Windows-UserModePowerService	12	(10)	Process C:\Windows\System32\WUDFHost.exe (process ID:1500) reset policy scheme from {381b4222-f694-41f0-9685-ff5bb260df2e} to {381b4222-f694-41f0-9685-ff5bb260df2e}
Information	22-11-2024 11:17:20	Microsoft-Windows-UserModePowerService	12	(10)	Process C:\Windows\System32\WUDFHost.exe (process ID:1500) reset policy scheme from {381b4222-f694-41f0-9685-ff5bb260df2e} to {381b4222-f694-41f0-9685-ff5bb260df2e}
Information	22-11-2024 11:17:16	Microsoft-Windows-UserModePowerService	12	(10)	Process C:\Windows\System32\WUDFHost.exe (process ID:1500) reset policy scheme from {381b4222-f694-41f0-9685-ff5bb260df2e} to {381b4222-f694-41f0-9685-ff5bb260df2e}
Information	22-11-2024 11:16:57	Microsoft-Windows-UserModePowerService	12	(10)	Process C:\Windows\System32\WUDFHost.exe (process ID:1500) reset policy scheme from {381b4222-f694-41f0-9685-ff5bb260df2e} to {381b4222-f694-41f0-9685-ff5bb260df2e}
Information	22-11-2024 11:16:57	Microsoft-Windows-UserModePowerService	12	(10)	Process C:\Windows\System32\WUDFHost.exe (process ID:1500) reset policy scheme from {381b4222-f694-41f0-9685-ff5bb260df2e} to {381b4222-f694-41f0-9685-ff5bb260df2e}
Information	22-11-2024 11:16:55	Microsoft-Windows-UserModePowerService	12	(10)	Process C:\Windows\System32\WUDFHost.exe (process ID:1500) reset policy scheme from {381b4222-f694-41f0-9685-ff5bb260df2e} to {381b4222-f694-41f0-9685-ff5bb260df2e}
Information	22-11-2024 11:16:55	Microsoft-Windows-UserModePowerService	12	(10)	Process C:\Windows\System32\WUDFHost.exe (process ID:1500) reset policy scheme from {381b4222-f694-41f0-9685-ff5bb260df2e} to {381b4222-f694-41f0-9685-ff5bb260df2e}
Information	22-11-2024 11:16:46	Microsoft-Windows-UserModePowerService	12	(10)	Process C:\Windows\System32\WUDFHost.exe (process ID:1500) reset policy scheme from {381b4222-f694-41f0-9685-ff5bb260df2e} to {381b4222-f694-41f0-9685-ff5bb260df2e}
Information	22-11-2024 11:16:46	Microsoft-Windows-UserModePowerService	12	(10)	Process C:\Windows\System32\WUDFHost.exe (process ID:1500) reset policy scheme from {381b4222-f694-41f0-9685-ff5bb260df2e} to {381b4222-f694-41f0-9685-ff5bb260df2e}
Information	22-11-2024 11:16:45	Microsoft-Windows-UserModePowerService	12	(10)	Process C:\Windows\System32\WUDFHost.exe (process ID:1500) reset policy scheme from {381b4222-f694-41f0-9685-ff5bb260df2e} to {381b4222-f694-41f0-9685-ff5bb260df2e}
Information	22-11-2024 11:16:45	Microsoft-Windows-UserModePowerService	12	(10)	Process C:\Windows\System32\WUDFHost.exe (process ID:1500) reset policy scheme from {381b4222-f694-41f0-9685-ff5bb260df2e} to {381b4222-f694-41f0-9685-ff5bb260df2e}
Information	22-11-2024 11:16:43	Microsoft-Windows-UserModePowerService	12	(10)	Process C:\Windows\System32\WUDFHost.exe (process ID:1500) reset policy scheme from {381b4222-f694-41f0-9685-ff5bb260df2e} to {381b4222-f694-41f0-9685-ff5bb260df2e}
Information	22-11-2024 11:16:43	Microsoft-Windows-UserModePowerService	12	(10)	Process C:\Windows\System32\WUDFHost.exe (process ID:1500) reset policy scheme from {381b4222-f694-41f0-9685-ff5bb260df2e} to {381b4222-f694-41f0-9685-ff5bb260df2e}
Information	22-11-2024 11:05:31	Microsoft-Windows-UserModePowerService	12	(10)	Process C:\Windows\System32\WUDFHost.exe (process ID:1500) reset policy scheme from {381b4222-f694-41f0-9685-ff5bb260df2e} to {381b4222-f694-41f0-9685-ff5bb260df2e}
Information	22-11-2024 11:05:30	Microsoft-Windows-UserModePowerService	12	(10)	Process C:\Windows\System32\WUDFHost.exe (process ID:1500) reset policy scheme from {381b4222-f694-41f0-9685-ff5bb260df2e} to {381b4222-f694-41f0-9685-ff5bb260df2e}
Information	22-11-2024 11:02:33	Microsoft-Windows-Time-Service	158	None	The time provider 'VMICTimeProvider' has indicated that the current hardware and operating environment is not supported and has stopped. This behavior is expected for VMICTimeProvider on non-HyperV-guest environments. This may be the expected behavior for the current provider in the current operating environment as well.
Information	22-11-2024 11:00:02	Microsoft-Windows-UserModePowerService	12	(10)	Process C:\Windows\System32\WUDFHost.exe (process ID:1500) reset policy scheme from {381b4222-f694-41f0-9685-ff5bb260df2e} to {381b4222-f694-41f0-9685-ff5bb260df2e}
Information	22-11-2024 11:00:01	Microsoft-Windows-UserModePowerService	12	(10)	Process C:\Windows\System32\WUDFHost.exe (process ID:1500) reset policy scheme from {381b4222-f694-41f0-9685-ff5bb260df2e} to {381b4222-f694-41f0-9685-ff5bb260df2e}
Information	22-11-2024 10:59:59	Microsoft-Windows-UserModePowerService	12	(10)	Process C:\Windows\System32\WUDFHost.exe (process ID:1500) reset policy scheme from {381b4222-f694-41f0-9685-ff5bb260df2e} to {381b4222-f694-41f0-9685-ff5bb260df2e}
Information	22-11-2024 10:59:57	Microsoft-Windows-UserModePowerService	12	(10)	Process C:\Windows\System32\WUDFHost.exe (process ID:1500) reset policy scheme from {381b4222-f694-41f0-9685-ff5bb260df2e} to {381b4222-f694-41f0-9685-ff5bb260df2e}
Information	22-11-2024 10:59:45	Microsoft-Windows-UserModePowerService	12	(10)	Process C:\Windows\System32\WUDFHost.exe (process ID:1500) reset policy scheme from {381b4222-f694-41f0-9685-ff5bb260df2e} to {381b4222-f694-41f0-9685-ff5bb260df2e}
Information	22-11-2024 10:59:43	Microsoft-Windows-UserModePowerService	12	(10)	Process C:\Windows\System32\WUDFHost.exe (process ID:1500) reset policy scheme from {381b4222-f694-41f0-9685-ff5bb260df2e} to {381b4222-f694-41f0-9685-ff5bb260df2e}
Information	22-11-2024 10:56:29	Microsoft-Windows-UserModePowerService	12	(10)	Process C:\Windows\System32\WUDFHost.exe (process ID:1500) reset policy scheme from {381b4222-f694-41f0-9685-ff5bb260df2e} to {381b4222-f694-41f0-9685-ff5bb260df2e}
Information	22-11-2024 10:56:28	Microsoft-Windows-UserModePowerService	12	(10)	Process C:\Windows\System32\WUDFHost.exe (process ID:1500) reset policy scheme from {381b4222-f694-41f0-9685-ff5bb260df2e} to {381b4222-f694-41f0-9685-ff5bb260df2e}
Information	22-11-2024 10:56:27	Microsoft-Windows-UserModePowerService	12	(10)	Process C:\Windows\System32\WUDFHost.exe (process ID:1500) reset policy scheme from {381b4222-f694-41f0-9685-ff5bb260df2e} to {381b4222-f694-41f0-9685-ff5bb260df2e}
Information	22-11-2024 10:56:26	Microsoft-Windows-UserModePowerService	12	(10)	Process C:\Windows\System32\WUDFHost.exe (process ID:1500) reset policy scheme from {381b4222-f694-41f0-9685-ff5bb260df2e} to {381b4222-f694-41f0-9685-ff5bb260df2e}
Information	22-11-2024 10:56:23	Microsoft-Windows-UserModePowerService	12	(10)	Process C:\Windows\System32\WUDFHost.exe (process ID:1500) reset policy scheme from {381b4222-f694-41f0-9685-ff5bb260df2e} to {381b4222-f694-41f0-9685-ff5bb260df2e}
Information	22-11-2024 10:56:23	Microsoft-Windows-UserModePowerService	12	(10)	Process C:\Windows\System32\WUDFHost.exe (process ID:1500) reset policy scheme from {381b4222-f694-41f0-9685-ff5bb260df2e} to {381b4222-f694-41f0-9685-ff5bb260df2e}
Information	22-11-2024 10:50:21	Microsoft-Windows-UserModePowerService	12	(10)	Process C:\Windows\System32\WUDFHost.exe (process ID:1500) reset policy scheme from {381b4222-f694-41f0-9685-ff5bb260df2e} to {381b4222-f694-41f0-9685-ff5bb260df2e}
Information	22-11-2024 10:50:20	Microsoft-Windows-UserModePowerService	12	(10)	Process C:\Windows\System32\WUDFHost.exe (process ID:1500) reset policy scheme from {381b4222-f694-41f0-9685-ff5bb260df2e} to {381b4222-f694-41f0-9685-ff5bb260df2e}
Information	22-11-2024 10:50:03	Microsoft-Windows-UserModePowerService	12	(10)	Process C:\Windows\System32\WUDFHost.exe (process ID:1500) reset policy scheme from {381b4222-f694-41f0-9685-ff5bb260df2e} to {381b4222-f694-41f0-9685-ff5bb260df2e}
Information	22-11-2024 10:50:01	Microsoft-Windows-UserModePowerService	12	(10)	Process C:\Windows\System32\WUDFHost.exe (process ID:1500) reset policy scheme from {381b4222-f694-41f0-9685-ff5bb260df2e} to {381b4222-f694-41f0-9685-ff5bb260df2e}
Information	22-11-2024 10:50:00	Microsoft-Windows-UserModePowerService	12	(10)	Process C:\Windows\System32\WUDFHost.exe (process ID:1500) reset policy scheme from {381b4222-f694-41f0-9685-ff5bb260df2e} to {381b4222-f694-41f0-9685-ff5bb260df2e}
Information	22-11-2024 10:49:59	Microsoft-Windows-UserModePowerService	12	(10)	Process C:\Windows\System32\WUDFHost.exe (process ID:1500) reset policy scheme from {381b4222-f694-41f0-9685-ff5bb260df2e} to {381b4222-f694-41f0-9685-ff5bb260df2e}
Information	22-11-2024 10:49:42	Microsoft-Windows-UserModePowerService	12	(10)	Process C:\Windows\System32\WUDFHost.exe (process ID:1500) reset policy scheme from {381b4222-f694-41f0-9685-ff5bb260df2e} to {381b4222-f694-41f0-9685-ff5bb260df2e}
Information	22-11-2024 10:49:41	Microsoft-Windows-UserModePowerService	12	(10)	Process C:\Windows\System32\WUDFHost.exe (process ID:1500) reset policy scheme from {381b4222-f694-41f0-9685-ff5bb260df2e} to {381b4222-f694-41f0-9685-ff5bb260df2e}
Information	22-11-2024 10:46:11	Microsoft-Windows-WindowsUpdateClient	19	Windows Update Agent	Installation Successful: Windows successfully installed the following update: 9P5Z076K079H-MicrosoftCorporationII.WinAppRuntime.Singleton
Information	22-11-2024 10:46:10	Microsoft-Windows-Kernel-General	16	None	The access history in hive \??\C:\Users\laksh\AppData\Local\Packages\MicrosoftCorporationII.WinAppRuntime.Singleton_8wekyb3d8bbwe\Settings\settings.dat was cleared updating 1 keys and creating 1 modified pages.
Information	22-11-2024 10:46:10	Microsoft-Windows-WindowsUpdateClient	43	Windows Update Agent	Installation Started: Windows has started installing the following update: 9P5Z076K079H-MicrosoftCorporationII.WinAppRuntime.Singleton
Information	22-11-2024 10:46:10	Microsoft-Windows-WindowsUpdateClient	19	Windows Update Agent	Installation Successful: Windows successfully installed the following update: 9P2VP41KK7LF-Microsoft.WindowsAppRuntime.1.6
Information	22-11-2024 10:46:08	Microsoft-Windows-WindowsUpdateClient	43	Windows Update Agent	Installation Started: Windows has started installing the following update: 9P2VP41KK7LF-Microsoft.WindowsAppRuntime.1.6
Information	22-11-2024 10:46:07	Microsoft-Windows-WindowsUpdateClient	19	Windows Update Agent	Installation Successful: Windows successfully installed the following update: 9WZDNCRFHVQM-MICROSOFT.WINDOWSCOMMUNICATIONSAPPS
Information	22-11-2024 10:46:04	Microsoft-Windows-WindowsUpdateClient	43	Windows Update Agent	Installation Started: Windows has started installing the following update: 9WZDNCRFHVQM-MICROSOFT.WINDOWSCOMMUNICATIONSAPPS
Information	22-11-2024 10:46:04	Microsoft-Windows-WindowsUpdateClient	44	Windows Update Agent	Windows Update started downloading an update.
Information	22-11-2024 10:46:02	Microsoft-Windows-Kernel-General	16	None	The access history in hive \??\C:\ProgramData\Microsoft\Windows\AppRepository\Packages\Microsoft.WindowsAppRuntime.1.6_6000.318.2304.0_x86__8wekyb3d8bbwe\ActivationStore.dat was cleared updating 0 keys and creating 0 modified pages.
Information	22-11-2024 10:46:01	Microsoft-Windows-Kernel-General	16	None	The access history in hive \??\C:\ProgramData\Microsoft\Windows\AppRepository\Packages\microsoft.windowscommunicationsapps_16005.14326.22098.0_x64__8wekyb3d8bbwe\ActivationStore.dat was cleared updating 0 keys and creating 0 modified pages.
Information	22-11-2024 10:45:51	Microsoft-Windows-Kernel-General	16	None	The access history in hive \??\C:\ProgramData\Microsoft\Windows\AppRepository\Packages\Microsoft.WindowsAppRuntime.1.6_6000.318.2304.0_x64__8wekyb3d8bbwe\ActivationStore.dat was cleared updating 0 keys and creating 0 modified pages.
Information	22-11-2024 10:45:46	Microsoft-Windows-UserModePowerService	51	(37)	Process C:\Program Files\Dell\DellOptimizer\DellOptimizer.exe (process ID:2836) reset overlay policy scheme from {00000000-0000-0000-0000-000000000000} to {00000000-0000-0000-0000-000000000000}
Information	22-11-2024 10:45:44	Microsoft-Windows-UserModePowerService	12	(10)	Process C:\Windows\System32\WUDFHost.exe (process ID:1500) reset policy scheme from {381b4222-f694-41f0-9685-ff5bb260df2e} to {381b4222-f694-41f0-9685-ff5bb260df2e}
Information	22-11-2024 10:45:44	Microsoft-Windows-UserModePowerService	12	(10)	Process C:\Windows\System32\WUDFHost.exe (process ID:1500) reset policy scheme from {381b4222-f694-41f0-9685-ff5bb260df2e} to {381b4222-f694-41f0-9685-ff5bb260df2e}
Information	22-11-2024 10:45:43	Microsoft-Windows-Kernel-Power	105	(100)	Power source change.
Information	22-11-2024 10:45:42	Microsoft-Windows-WindowsUpdateClient	44	Windows Update Agent	Windows Update started downloading an update.
Information	22-11-2024 10:45:40	Microsoft-Windows-WindowsUpdateClient	44	Windows Update Agent	Windows Update started downloading an update.
Information	22-11-2024 10:45:34	Microsoft-Windows-WindowsUpdateClient	44	Windows Update Agent	Windows Update started downloading an update.
Information	22-11-2024 10:45:25	Microsoft-Windows-WindowsUpdateClient	44	Windows Update Agent	Windows Update started downloading an update.
Information	22-11-2024 10:45:25	Microsoft-Windows-WindowsUpdateClient	44	Windows Update Agent	Windows Update started downloading an update.
Information	22-11-2024 10:45:25	Microsoft-Windows-WindowsUpdateClient	44	Windows Update Agent	Windows Update started downloading an update.
Information	22-11-2024 10:45:13	Microsoft-Windows-Time-Service	37	None	The time provider NtpClient is currently receiving valid time data from time.windows.com,0x9 (ntp.m|0x9|0.0.0.0:123->40.81.94.65:123).
Information	22-11-2024 10:45:13	Microsoft-Windows-Time-Service	158	None	The time provider 'VMICTimeProvider' has indicated that the current hardware and operating environment is not supported and has stopped. This behavior is expected for VMICTimeProvider on non-HyperV-guest environments. This may be the expected behavior for the current provider in the current operating environment as well.
Information	22-11-2024 10:45:13	Microsoft-Windows-UserModePowerService	12	(10)	Process C:\Windows\System32\WUDFHost.exe (process ID:1500) reset policy scheme from {381b4222-f694-41f0-9685-ff5bb260df2e} to {381b4222-f694-41f0-9685-ff5bb260df2e}
Information	22-11-2024 10:44:32	Microsoft-Windows-UserModePowerService	12	(10)	Process C:\Windows\System32\WUDFHost.exe (process ID:1500) reset policy scheme from {381b4222-f694-41f0-9685-ff5bb260df2e} to {381b4222-f694-41f0-9685-ff5bb260df2e}
Information	22-11-2024 10:44:31	Microsoft-Windows-UserModePowerService	12	(10)	Process C:\Windows\System32\WUDFHost.exe (process ID:1500) reset policy scheme from {381b4222-f694-41f0-9685-ff5bb260df2e} to {381b4222-f694-41f0-9685-ff5bb260df2e}
Information	22-11-2024 10:42:40	Microsoft-Windows-UserModePowerService	12	(10)	Process C:\Windows\System32\WUDFHost.exe (process ID:1500) reset policy scheme from {381b4222-f694-41f0-9685-ff5bb260df2e} to {381b4222-f694-41f0-9685-ff5bb260df2e}
Information	22-11-2024 10:42:34	Microsoft-Windows-UserModePowerService	12	(10)	Process C:\Windows\System32\WUDFHost.exe (process ID:1500) reset policy scheme from {381b4222-f694-41f0-9685-ff5bb260df2e} to {381b4222-f694-41f0-9685-ff5bb260df2e}
Information	22-11-2024 10:41:22	Microsoft-Windows-UserModePowerService	12	(10)	Process C:\Windows\System32\WUDFHost.exe (process ID:1500) reset policy scheme from {381b4222-f694-41f0-9685-ff5bb260df2e} to {381b4222-f694-41f0-9685-ff5bb260df2e}
Information	22-11-2024 10:41:12	Microsoft-Windows-UserModePowerService	12	(10)	Process C:\Windows\System32\WUDFHost.exe (process ID:1500) reset policy scheme from {381b4222-f694-41f0-9685-ff5bb260df2e} to {381b4222-f694-41f0-9685-ff5bb260df2e}
Information	22-11-2024 10:41:08	Microsoft-Windows-UserModePowerService	12	(10)	Process C:\Windows\System32\WUDFHost.exe (process ID:1500) reset policy scheme from {381b4222-f694-41f0-9685-ff5bb260df2e} to {381b4222-f694-41f0-9685-ff5bb260df2e}
Information	22-11-2024 10:41:00	Microsoft-Windows-UserModePowerService	12	(10)	Process C:\Windows\System32\WUDFHost.exe (process ID:1500) reset policy scheme from {381b4222-f694-41f0-9685-ff5bb260df2e} to {381b4222-f694-41f0-9685-ff5bb260df2e}
Information	22-11-2024 10:40:46	Microsoft-Windows-UserModePowerService	12	(10)	Process C:\Windows\System32\WUDFHost.exe (process ID:1500) reset policy scheme from {381b4222-f694-41f0-9685-ff5bb260df2e} to {381b4222-f694-41f0-9685-ff5bb260df2e}
Information	22-11-2024 10:40:43	Microsoft-Windows-UserModePowerService	12	(10)	Process C:\Windows\System32\WUDFHost.exe (process ID:1500) reset policy scheme from {381b4222-f694-41f0-9685-ff5bb260df2e} to {381b4222-f694-41f0-9685-ff5bb260df2e}
Information	22-11-2024 10:40:42	Microsoft-Windows-UserModePowerService	12	(10)	Process C:\Windows\System32\WUDFHost.exe (process ID:1500) reset policy scheme from {381b4222-f694-41f0-9685-ff5bb260df2e} to {381b4222-f694-41f0-9685-ff5bb260df2e}
Information	22-11-2024 10:40:40	Microsoft-Windows-UserModePowerService	12	(10)	Process C:\Windows\System32\WUDFHost.exe (process ID:1500) reset policy scheme from {381b4222-f694-41f0-9685-ff5bb260df2e} to {381b4222-f694-41f0-9685-ff5bb260df2e}
Information	22-11-2024 10:40:35	Microsoft-Windows-UserModePowerService	12	(10)	Process C:\Windows\System32\WUDFHost.exe (process ID:1500) reset policy scheme from {381b4222-f694-41f0-9685-ff5bb260df2e} to {381b4222-f694-41f0-9685-ff5bb260df2e}
Information	22-11-2024 10:40:30	Microsoft-Windows-UserModePowerService	12	(10)	Process C:\Windows\System32\WUDFHost.exe (process ID:1500) reset policy scheme from {381b4222-f694-41f0-9685-ff5bb260df2e} to {381b4222-f694-41f0-9685-ff5bb260df2e}
Information	22-11-2024 10:40:25	Microsoft-Windows-UserModePowerService	12	(10)	Process C:\Windows\System32\WUDFHost.exe (process ID:1500) reset policy scheme from {381b4222-f694-41f0-9685-ff5bb260df2e} to {381b4222-f694-41f0-9685-ff5bb260df2e}
Information	22-11-2024 10:40:20	Microsoft-Windows-UserModePowerService	12	(10)	Process C:\Windows\System32\WUDFHost.exe (process ID:1500) reset policy scheme from {381b4222-f694-41f0-9685-ff5bb260df2e} to {381b4222-f694-41f0-9685-ff5bb260df2e}
Information	22-11-2024 10:40:18	Microsoft-Windows-UserModePowerService	12	(10)	Process C:\Windows\System32\WUDFHost.exe (process ID:1500) reset policy scheme from {381b4222-f694-41f0-9685-ff5bb260df2e} to {381b4222-f694-41f0-9685-ff5bb260df2e}
Information	22-11-2024 10:40:16	Microsoft-Windows-UserModePowerService	12	(10)	Process C:\Windows\System32\WUDFHost.exe (process ID:1500) reset policy scheme from {381b4222-f694-41f0-9685-ff5bb260df2e} to {381b4222-f694-41f0-9685-ff5bb260df2e}
Information	22-11-2024 10:40:14	Microsoft-Windows-UserModePowerService	12	(10)	Process C:\Windows\System32\WUDFHost.exe (process ID:1500) reset policy scheme from {381b4222-f694-41f0-9685-ff5bb260df2e} to {381b4222-f694-41f0-9685-ff5bb260df2e}
Information	22-11-2024 10:40:09	Microsoft-Windows-UserModePowerService	12	(10)	Process C:\Windows\System32\WUDFHost.exe (process ID:1500) reset policy scheme from {381b4222-f694-41f0-9685-ff5bb260df2e} to {381b4222-f694-41f0-9685-ff5bb260df2e}
Information	22-11-2024 10:40:07	Microsoft-Windows-UserModePowerService	12	(10)	Process C:\Windows\System32\WUDFHost.exe (process ID:1500) reset policy scheme from {381b4222-f694-41f0-9685-ff5bb260df2e} to {381b4222-f694-41f0-9685-ff5bb260df2e}
Information	22-11-2024 10:39:55	Microsoft-Windows-UserModePowerService	12	(10)	Process C:\Windows\System32\WUDFHost.exe (process ID:1500) reset policy scheme from {381b4222-f694-41f0-9685-ff5bb260df2e} to {381b4222-f694-41f0-9685-ff5bb260df2e}
Information	22-11-2024 10:39:53	Microsoft-Windows-UserModePowerService	12	(10)	Process C:\Windows\System32\WUDFHost.exe (process ID:1500) reset policy scheme from {381b4222-f694-41f0-9685-ff5bb260df2e} to {381b4222-f694-41f0-9685-ff5bb260df2e}
Information	22-11-2024 10:39:50	Microsoft-Windows-UserModePowerService	12	(10)	Process C:\Windows\System32\WUDFHost.exe (process ID:1500) reset policy scheme from {381b4222-f694-41f0-9685-ff5bb260df2e} to {381b4222-f694-41f0-9685-ff5bb260df2e}
Information	22-11-2024 10:39:49	Microsoft-Windows-UserModePowerService	12	(10)	Process C:\Windows\System32\WUDFHost.exe (process ID:1500) reset policy scheme from {381b4222-f694-41f0-9685-ff5bb260df2e} to {381b4222-f694-41f0-9685-ff5bb260df2e}
Information	22-11-2024 10:39:46	Microsoft-Windows-UserModePowerService	12	(10)	Process C:\Windows\System32\WUDFHost.exe (process ID:1500) reset policy scheme from {381b4222-f694-41f0-9685-ff5bb260df2e} to {381b4222-f694-41f0-9685-ff5bb260df2e}
Information	22-11-2024 10:39:45	Microsoft-Windows-UserModePowerService	12	(10)	Process C:\Windows\System32\WUDFHost.exe (process ID:1500) reset policy scheme from {381b4222-f694-41f0-9685-ff5bb260df2e} to {381b4222-f694-41f0-9685-ff5bb260df2e}
Information	22-11-2024 10:39:45	Microsoft-Windows-UserModePowerService	12	(10)	Process C:\Windows\System32\WUDFHost.exe (process ID:1500) reset policy scheme from {381b4222-f694-41f0-9685-ff5bb260df2e} to {381b4222-f694-41f0-9685-ff5bb260df2e}
Information	22-11-2024 10:39:42	Microsoft-Windows-UserModePowerService	12	(10)	Process C:\Windows\System32\WUDFHost.exe (process ID:1500) reset policy scheme from {381b4222-f694-41f0-9685-ff5bb260df2e} to {381b4222-f694-41f0-9685-ff5bb260df2e}
Information	22-11-2024 10:39:38	Microsoft-Windows-UserModePowerService	12	(10)	Process C:\Windows\System32\WUDFHost.exe (process ID:1500) reset policy scheme from {381b4222-f694-41f0-9685-ff5bb260df2e} to {381b4222-f694-41f0-9685-ff5bb260df2e}
Information	22-11-2024 10:39:37	Microsoft-Windows-UserModePowerService	12	(10)	Process C:\Windows\System32\WUDFHost.exe (process ID:1500) reset policy scheme from {381b4222-f694-41f0-9685-ff5bb260df2e} to {381b4222-f694-41f0-9685-ff5bb260df2e}
Information	22-11-2024 10:39:36	Microsoft-Windows-UserModePowerService	12	(10)	Process C:\Windows\System32\WUDFHost.exe (process ID:1500) reset policy scheme from {381b4222-f694-41f0-9685-ff5bb260df2e} to {381b4222-f694-41f0-9685-ff5bb260df2e}
Information	22-11-2024 10:39:24	Microsoft-Windows-UserModePowerService	12	(10)	Process C:\Windows\System32\WUDFHost.exe (process ID:1500) reset policy scheme from {381b4222-f694-41f0-9685-ff5bb260df2e} to {381b4222-f694-41f0-9685-ff5bb260df2e}
Information	22-11-2024 10:39:23	Microsoft-Windows-UserModePowerService	12	(10)	Process C:\Windows\System32\WUDFHost.exe (process ID:1500) reset policy scheme from {381b4222-f694-41f0-9685-ff5bb260df2e} to {381b4222-f694-41f0-9685-ff5bb260df2e}
Information	22-11-2024 10:39:22	Microsoft-Windows-UserModePowerService	12	(10)	Process C:\Windows\System32\WUDFHost.exe (process ID:1500) reset policy scheme from {381b4222-f694-41f0-9685-ff5bb260df2e} to {381b4222-f694-41f0-9685-ff5bb260df2e}
Information	22-11-2024 10:39:21	Microsoft-Windows-UserModePowerService	12	(10)	Process C:\Windows\System32\WUDFHost.exe (process ID:1500) reset policy scheme from {381b4222-f694-41f0-9685-ff5bb260df2e} to {381b4222-f694-41f0-9685-ff5bb260df2e}
Information	22-11-2024 10:39:02	Microsoft-Windows-UserModePowerService	12	(10)	Process C:\Windows\System32\WUDFHost.exe (process ID:1500) reset policy scheme from {381b4222-f694-41f0-9685-ff5bb260df2e} to {381b4222-f694-41f0-9685-ff5bb260df2e}
Information	22-11-2024 10:38:52	Microsoft-Windows-UserModePowerService	12	(10)	Process C:\Windows\System32\WUDFHost.exe (process ID:1500) reset policy scheme from {381b4222-f694-41f0-9685-ff5bb260df2e} to {381b4222-f694-41f0-9685-ff5bb260df2e}
Information	22-11-2024 10:38:52	Microsoft-Windows-UserModePowerService	12	(10)	Process C:\Windows\System32\WUDFHost.exe (process ID:1500) reset policy scheme from {381b4222-f694-41f0-9685-ff5bb260df2e} to {381b4222-f694-41f0-9685-ff5bb260df2e}
Information	22-11-2024 10:38:34	Microsoft-Windows-UserModePowerService	12	(10)	Process C:\Windows\System32\WUDFHost.exe (process ID:1500) reset policy scheme from {381b4222-f694-41f0-9685-ff5bb260df2e} to {381b4222-f694-41f0-9685-ff5bb260df2e}
Information	22-11-2024 10:38:31	Microsoft-Windows-UserModePowerService	12	(10)	Process C:\Windows\System32\WUDFHost.exe (process ID:1500) reset policy scheme from {381b4222-f694-41f0-9685-ff5bb260df2e} to {381b4222-f694-41f0-9685-ff5bb260df2e}
Information	22-11-2024 10:38:29	Microsoft-Windows-UserModePowerService	12	(10)	Process C:\Windows\System32\WUDFHost.exe (process ID:1500) reset policy scheme from {381b4222-f694-41f0-9685-ff5bb260df2e} to {381b4222-f694-41f0-9685-ff5bb260df2e}
Information	22-11-2024 10:38:26	Microsoft-Windows-UserModePowerService	12	(10)	Process C:\Windows\System32\WUDFHost.exe (process ID:1500) reset policy scheme from {381b4222-f694-41f0-9685-ff5bb260df2e} to {381b4222-f694-41f0-9685-ff5bb260df2e}
Information	22-11-2024 10:38:22	Microsoft-Windows-UserModePowerService	12	(10)	Process C:\Windows\System32\WUDFHost.exe (process ID:1500) reset policy scheme from {381b4222-f694-41f0-9685-ff5bb260df2e} to {381b4222-f694-41f0-9685-ff5bb260df2e}
Information	22-11-2024 10:38:21	Microsoft-Windows-UserModePowerService	12	(10)	Process C:\Windows\System32\WUDFHost.exe (process ID:1500) reset policy scheme from {381b4222-f694-41f0-9685-ff5bb260df2e} to {381b4222-f694-41f0-9685-ff5bb260df2e}
Information	22-11-2024 10:38:20	Microsoft-Windows-UserModePowerService	12	(10)	Process C:\Windows\System32\WUDFHost.exe (process ID:1500) reset policy scheme from {381b4222-f694-41f0-9685-ff5bb260df2e} to {381b4222-f694-41f0-9685-ff5bb260df2e}
Information	22-11-2024 10:38:19	Microsoft-Windows-UserModePowerService	12	(10)	Process C:\Windows\System32\WUDFHost.exe (process ID:1500) reset policy scheme from {381b4222-f694-41f0-9685-ff5bb260df2e} to {381b4222-f694-41f0-9685-ff5bb260df2e}
Information	22-11-2024 10:38:11	Microsoft-Windows-UserModePowerService	12	(10)	Process C:\Windows\System32\WUDFHost.exe (process ID:1500) reset policy scheme from {381b4222-f694-41f0-9685-ff5bb260df2e} to {381b4222-f694-41f0-9685-ff5bb260df2e}
Information	22-11-2024 10:38:03	Microsoft-Windows-UserModePowerService	12	(10)	Process C:\Windows\System32\WUDFHost.exe (process ID:1500) reset policy scheme from {381b4222-f694-41f0-9685-ff5bb260df2e} to {381b4222-f694-41f0-9685-ff5bb260df2e}
Information	22-11-2024 10:37:58	Microsoft-Windows-UserModePowerService	12	(10)	Process C:\Windows\System32\WUDFHost.exe (process ID:1500) reset policy scheme from {381b4222-f694-41f0-9685-ff5bb260df2e} to {381b4222-f694-41f0-9685-ff5bb260df2e}
Information	22-11-2024 10:37:50	Microsoft-Windows-UserModePowerService	12	(10)	Process C:\Windows\System32\WUDFHost.exe (process ID:1500) reset policy scheme from {381b4222-f694-41f0-9685-ff5bb260df2e} to {381b4222-f694-41f0-9685-ff5bb260df2e}
Information	22-11-2024 10:37:44	Microsoft-Windows-UserModePowerService	12	(10)	Process C:\Windows\System32\WUDFHost.exe (process ID:1500) reset policy scheme from {381b4222-f694-41f0-9685-ff5bb260df2e} to {381b4222-f694-41f0-9685-ff5bb260df2e}
Information	22-11-2024 10:37:39	Microsoft-Windows-UserModePowerService	12	(10)	Process C:\Windows\System32\WUDFHost.exe (process ID:1500) reset policy scheme from {381b4222-f694-41f0-9685-ff5bb260df2e} to {381b4222-f694-41f0-9685-ff5bb260df2e}
Information	22-11-2024 10:37:32	Microsoft-Windows-UserModePowerService	12	(10)	Process C:\Windows\System32\WUDFHost.exe (process ID:1500) reset policy scheme from {381b4222-f694-41f0-9685-ff5bb260df2e} to {381b4222-f694-41f0-9685-ff5bb260df2e}
Information	22-11-2024 10:37:28	Microsoft-Windows-UserModePowerService	12	(10)	Process C:\Windows\System32\WUDFHost.exe (process ID:1500) reset policy scheme from {381b4222-f694-41f0-9685-ff5bb260df2e} to {381b4222-f694-41f0-9685-ff5bb260df2e}
Information	22-11-2024 10:37:26	Microsoft-Windows-UserModePowerService	12	(10)	Process C:\Windows\System32\WUDFHost.exe (process ID:1500) reset policy scheme from {381b4222-f694-41f0-9685-ff5bb260df2e} to {381b4222-f694-41f0-9685-ff5bb260df2e}
Information	22-11-2024 10:37:21	Microsoft-Windows-UserModePowerService	12	(10)	Process C:\Windows\System32\WUDFHost.exe (process ID:1500) reset policy scheme from {381b4222-f694-41f0-9685-ff5bb260df2e} to {381b4222-f694-41f0-9685-ff5bb260df2e}
Information	22-11-2024 10:37:19	Microsoft-Windows-UserModePowerService	12	(10)	Process C:\Windows\System32\WUDFHost.exe (process ID:1500) reset policy scheme from {381b4222-f694-41f0-9685-ff5bb260df2e} to {381b4222-f694-41f0-9685-ff5bb260df2e}
Information	22-11-2024 10:37:11	Microsoft-Windows-UserModePowerService	12	(10)	Process C:\Windows\System32\WUDFHost.exe (process ID:1500) reset policy scheme from {381b4222-f694-41f0-9685-ff5bb260df2e} to {381b4222-f694-41f0-9685-ff5bb260df2e}
Information	22-11-2024 10:37:07	Microsoft-Windows-UserModePowerService	12	(10)	Process C:\Windows\System32\WUDFHost.exe (process ID:1500) reset policy scheme from {381b4222-f694-41f0-9685-ff5bb260df2e} to {381b4222-f694-41f0-9685-ff5bb260df2e}
Information	22-11-2024 10:37:00	Microsoft-Windows-UserModePowerService	12	(10)	Process C:\Windows\System32\WUDFHost.exe (process ID:1500) reset policy scheme from {381b4222-f694-41f0-9685-ff5bb260df2e} to {381b4222-f694-41f0-9685-ff5bb260df2e}
Information	22-11-2024 10:36:59	Microsoft-Windows-UserModePowerService	12	(10)	Process C:\Windows\System32\WUDFHost.exe (process ID:1500) reset policy scheme from {381b4222-f694-41f0-9685-ff5bb260df2e} to {381b4222-f694-41f0-9685-ff5bb260df2e}
Information	22-11-2024 10:36:34	Microsoft-Windows-UserModePowerService	12	(10)	Process C:\Windows\System32\WUDFHost.exe (process ID:1500) reset policy scheme from {381b4222-f694-41f0-9685-ff5bb260df2e} to {381b4222-f694-41f0-9685-ff5bb260df2e}
Information	22-11-2024 10:36:30	Microsoft-Windows-UserModePowerService	12	(10)	Process C:\Windows\System32\WUDFHost.exe (process ID:1500) reset policy scheme from {381b4222-f694-41f0-9685-ff5bb260df2e} to {381b4222-f694-41f0-9685-ff5bb260df2e}
Information	22-11-2024 10:36:20	Microsoft-Windows-UserModePowerService	12	(10)	Process C:\Windows\System32\WUDFHost.exe (process ID:1500) reset policy scheme from {381b4222-f694-41f0-9685-ff5bb260df2e} to {381b4222-f694-41f0-9685-ff5bb260df2e}
Information	22-11-2024 10:36:10	Microsoft-Windows-UserModePowerService	12	(10)	Process C:\Windows\System32\WUDFHost.exe (process ID:1500) reset policy scheme from {381b4222-f694-41f0-9685-ff5bb260df2e} to {381b4222-f694-41f0-9685-ff5bb260df2e}
Information	22-11-2024 10:34:40	Microsoft-Windows-UserModePowerService	12	(10)	Process C:\Windows\System32\WUDFHost.exe (process ID:1500) reset policy scheme from {381b4222-f694-41f0-9685-ff5bb260df2e} to {381b4222-f694-41f0-9685-ff5bb260df2e}
Information	22-11-2024 10:34:34	Microsoft-Windows-UserModePowerService	12	(10)	Process C:\Windows\System32\WUDFHost.exe (process ID:1500) reset policy scheme from {381b4222-f694-41f0-9685-ff5bb260df2e} to {381b4222-f694-41f0-9685-ff5bb260df2e}
Information	22-11-2024 10:34:32	Microsoft-Windows-UserModePowerService	12	(10)	Process C:\Windows\System32\WUDFHost.exe (process ID:1500) reset policy scheme from {381b4222-f694-41f0-9685-ff5bb260df2e} to {381b4222-f694-41f0-9685-ff5bb260df2e}
Information	22-11-2024 10:34:28	Microsoft-Windows-UserModePowerService	12	(10)	Process C:\Windows\System32\WUDFHost.exe (process ID:1500) reset policy scheme from {381b4222-f694-41f0-9685-ff5bb260df2e} to {381b4222-f694-41f0-9685-ff5bb260df2e}
Information	22-11-2024 10:32:56	Microsoft-Windows-UserModePowerService	12	(10)	Process C:\Windows\System32\WUDFHost.exe (process ID:1500) reset policy scheme from {381b4222-f694-41f0-9685-ff5bb260df2e} to {381b4222-f694-41f0-9685-ff5bb260df2e}
Information	22-11-2024 10:32:52	Microsoft-Windows-UserModePowerService	12	(10)	Process C:\Windows\System32\WUDFHost.exe (process ID:1500) reset policy scheme from {381b4222-f694-41f0-9685-ff5bb260df2e} to {381b4222-f694-41f0-9685-ff5bb260df2e}
Information	22-11-2024 10:31:20	Microsoft-Windows-UserModePowerService	12	(10)	Process C:\Windows\System32\WUDFHost.exe (process ID:1500) reset policy scheme from {381b4222-f694-41f0-9685-ff5bb260df2e} to {381b4222-f694-41f0-9685-ff5bb260df2e}
Information	22-11-2024 10:31:14	Microsoft-Windows-UserModePowerService	12	(10)	Process C:\Windows\System32\WUDFHost.exe (process ID:1500) reset policy scheme from {381b4222-f694-41f0-9685-ff5bb260df2e} to {381b4222-f694-41f0-9685-ff5bb260df2e}
Information	22-11-2024 10:29:05	Microsoft-Windows-UserModePowerService	12	(10)	Process C:\Windows\System32\WUDFHost.exe (process ID:1500) reset policy scheme from {381b4222-f694-41f0-9685-ff5bb260df2e} to {381b4222-f694-41f0-9685-ff5bb260df2e}
Information	22-11-2024 10:29:01	Microsoft-Windows-UserModePowerService	12	(10)	Process C:\Windows\System32\WUDFHost.exe (process ID:1500) reset policy scheme from {381b4222-f694-41f0-9685-ff5bb260df2e} to {381b4222-f694-41f0-9685-ff5bb260df2e}
Information	22-11-2024 10:28:57	Microsoft-Windows-UserModePowerService	12	(10)	Process C:\Windows\System32\WUDFHost.exe (process ID:1500) reset policy scheme from {381b4222-f694-41f0-9685-ff5bb260df2e} to {381b4222-f694-41f0-9685-ff5bb260df2e}
Information	22-11-2024 10:28:42	Microsoft-Windows-UserModePowerService	12	(10)	Process C:\Windows\System32\WUDFHost.exe (process ID:1500) reset policy scheme from {381b4222-f694-41f0-9685-ff5bb260df2e} to {381b4222-f694-41f0-9685-ff5bb260df2e}
Information	22-11-2024 10:28:37	Microsoft-Windows-UserModePowerService	12	(10)	Process C:\Windows\System32\WUDFHost.exe (process ID:1500) reset policy scheme from {381b4222-f694-41f0-9685-ff5bb260df2e} to {381b4222-f694-41f0-9685-ff5bb260df2e}
Information	22-11-2024 10:28:34	Microsoft-Windows-UserModePowerService	12	(10)	Process C:\Windows\System32\WUDFHost.exe (process ID:1500) reset policy scheme from {381b4222-f694-41f0-9685-ff5bb260df2e} to {381b4222-f694-41f0-9685-ff5bb260df2e}
Information	22-11-2024 10:28:34	Microsoft-Windows-UserModePowerService	12	(10)	Process C:\Windows\System32\WUDFHost.exe (process ID:1500) reset policy scheme from {381b4222-f694-41f0-9685-ff5bb260df2e} to {381b4222-f694-41f0-9685-ff5bb260df2e}
Information	22-11-2024 10:28:05	Microsoft-Windows-UserModePowerService	12	(10)	Process C:\Windows\System32\WUDFHost.exe (process ID:1500) reset policy scheme from {381b4222-f694-41f0-9685-ff5bb260df2e} to {381b4222-f694-41f0-9685-ff5bb260df2e}
Information	22-11-2024 10:28:01	Microsoft-Windows-UserModePowerService	12	(10)	Process C:\Windows\System32\WUDFHost.exe (process ID:1500) reset policy scheme from {381b4222-f694-41f0-9685-ff5bb260df2e} to {381b4222-f694-41f0-9685-ff5bb260df2e}
Information	22-11-2024 10:28:00	Microsoft-Windows-UserModePowerService	12	(10)	Process C:\Windows\System32\WUDFHost.exe (process ID:1500) reset policy scheme from {381b4222-f694-41f0-9685-ff5bb260df2e} to {381b4222-f694-41f0-9685-ff5bb260df2e}
Information	22-11-2024 10:27:40	Microsoft-Windows-UserModePowerService	12	(10)	Process C:\Windows\System32\WUDFHost.exe (process ID:1500) reset policy scheme from {381b4222-f694-41f0-9685-ff5bb260df2e} to {381b4222-f694-41f0-9685-ff5bb260df2e}
Information	22-11-2024 10:27:36	Microsoft-Windows-UserModePowerService	12	(10)	Process C:\Windows\System32\WUDFHost.exe (process ID:1500) reset policy scheme from {381b4222-f694-41f0-9685-ff5bb260df2e} to {381b4222-f694-41f0-9685-ff5bb260df2e}
Information	22-11-2024 10:26:21	Microsoft-Windows-UserModePowerService	12	(10)	Process C:\Windows\System32\WUDFHost.exe (process ID:1500) reset policy scheme from {381b4222-f694-41f0-9685-ff5bb260df2e} to {381b4222-f694-41f0-9685-ff5bb260df2e}
Information	22-11-2024 10:26:16	Microsoft-Windows-UserModePowerService	12	(10)	Process C:\Windows\System32\WUDFHost.exe (process ID:1500) reset policy scheme from {381b4222-f694-41f0-9685-ff5bb260df2e} to {381b4222-f694-41f0-9685-ff5bb260df2e}
Information	22-11-2024 10:25:37	Microsoft-Windows-UserModePowerService	12	(10)	Process C:\Windows\System32\WUDFHost.exe (process ID:1500) reset policy scheme from {381b4222-f694-41f0-9685-ff5bb260df2e} to {381b4222-f694-41f0-9685-ff5bb260df2e}
Information	22-11-2024 10:25:34	Microsoft-Windows-UserModePowerService	12	(10)	Process C:\Windows\System32\WUDFHost.exe (process ID:1500) reset policy scheme from {381b4222-f694-41f0-9685-ff5bb260df2e} to {381b4222-f694-41f0-9685-ff5bb260df2e}
Information	22-11-2024 10:25:16	Microsoft-Windows-UserModePowerService	12	(10)	Process C:\Windows\System32\WUDFHost.exe (process ID:1500) reset policy scheme from {381b4222-f694-41f0-9685-ff5bb260df2e} to {381b4222-f694-41f0-9685-ff5bb260df2e}
Information	22-11-2024 10:25:12	Microsoft-Windows-UserModePowerService	12	(10)	Process C:\Windows\System32\WUDFHost.exe (process ID:1500) reset policy scheme from {381b4222-f694-41f0-9685-ff5bb260df2e} to {381b4222-f694-41f0-9685-ff5bb260df2e}
Information	22-11-2024 10:22:37	Microsoft-Windows-UserModePowerService	12	(10)	Process C:\Windows\System32\WUDFHost.exe (process ID:1500) reset policy scheme from {381b4222-f694-41f0-9685-ff5bb260df2e} to {381b4222-f694-41f0-9685-ff5bb260df2e}
Information	22-11-2024 10:21:48	Microsoft-Windows-UserModePowerService	12	(10)	Process C:\Windows\System32\WUDFHost.exe (process ID:1500) reset policy scheme from {381b4222-f694-41f0-9685-ff5bb260df2e} to {381b4222-f694-41f0-9685-ff5bb260df2e}
Information	22-11-2024 10:21:29	Microsoft-Windows-UserModePowerService	12	(10)	Process C:\Windows\System32\WUDFHost.exe (process ID:1500) reset policy scheme from {381b4222-f694-41f0-9685-ff5bb260df2e} to {381b4222-f694-41f0-9685-ff5bb260df2e}
Information	22-11-2024 10:21:25	Microsoft-Windows-UserModePowerService	12	(10)	Process C:\Windows\System32\WUDFHost.exe (process ID:1500) reset policy scheme from {381b4222-f694-41f0-9685-ff5bb260df2e} to {381b4222-f694-41f0-9685-ff5bb260df2e}
Information	22-11-2024 10:21:20	Microsoft-Windows-UserModePowerService	12	(10)	Process C:\Windows\System32\WUDFHost.exe (process ID:1500) reset policy scheme from {381b4222-f694-41f0-9685-ff5bb260df2e} to {381b4222-f694-41f0-9685-ff5bb260df2e}
Information	22-11-2024 10:21:16	Microsoft-Windows-UserModePowerService	12	(10)	Process C:\Windows\System32\WUDFHost.exe (process ID:1500) reset policy scheme from {381b4222-f694-41f0-9685-ff5bb260df2e} to {381b4222-f694-41f0-9685-ff5bb260df2e}
Information	22-11-2024 10:19:30	Microsoft-Windows-UserModePowerService	12	(10)	Process C:\Windows\System32\WUDFHost.exe (process ID:1500) reset policy scheme from {381b4222-f694-41f0-9685-ff5bb260df2e} to {381b4222-f694-41f0-9685-ff5bb260df2e}
Information	22-11-2024 10:19:25	Microsoft-Windows-UserModePowerService	12	(10)	Process C:\Windows\System32\WUDFHost.exe (process ID:1500) reset policy scheme from {381b4222-f694-41f0-9685-ff5bb260df2e} to {381b4222-f694-41f0-9685-ff5bb260df2e}
Information	22-11-2024 10:19:06	Microsoft-Windows-UserModePowerService	12	(10)	Process C:\Windows\System32\WUDFHost.exe (process ID:1500) reset policy scheme from {381b4222-f694-41f0-9685-ff5bb260df2e} to {381b4222-f694-41f0-9685-ff5bb260df2e}
Information	22-11-2024 10:19:05	Microsoft-Windows-UserModePowerService	12	(10)	Process C:\Windows\System32\WUDFHost.exe (process ID:1500) reset policy scheme from {381b4222-f694-41f0-9685-ff5bb260df2e} to {381b4222-f694-41f0-9685-ff5bb260df2e}
Information	22-11-2024 10:19:04	Microsoft-Windows-UserModePowerService	12	(10)	Process C:\Windows\System32\WUDFHost.exe (process ID:1500) reset policy scheme from {381b4222-f694-41f0-9685-ff5bb260df2e} to {381b4222-f694-41f0-9685-ff5bb260df2e}
Information	22-11-2024 10:18:19	Microsoft-Windows-UserModePowerService	12	(10)	Process C:\Windows\System32\WUDFHost.exe (process ID:1500) reset policy scheme from {381b4222-f694-41f0-9685-ff5bb260df2e} to {381b4222-f694-41f0-9685-ff5bb260df2e}
Information	22-11-2024 10:18:15	Microsoft-Windows-UserModePowerService	12	(10)	Process C:\Windows\System32\WUDFHost.exe (process ID:1500) reset policy scheme from {381b4222-f694-41f0-9685-ff5bb260df2e} to {381b4222-f694-41f0-9685-ff5bb260df2e}
Information	22-11-2024 10:16:28	Microsoft-Windows-UserModePowerService	12	(10)	Process C:\Windows\System32\WUDFHost.exe (process ID:1500) reset policy scheme from {381b4222-f694-41f0-9685-ff5bb260df2e} to {381b4222-f694-41f0-9685-ff5bb260df2e}
Information	22-11-2024 10:16:23	Microsoft-Windows-UserModePowerService	12	(10)	Process C:\Windows\System32\WUDFHost.exe (process ID:1500) reset policy scheme from {381b4222-f694-41f0-9685-ff5bb260df2e} to {381b4222-f694-41f0-9685-ff5bb260df2e}
Information	22-11-2024 10:16:20	Microsoft-Windows-UserModePowerService	12	(10)	Process C:\Windows\System32\WUDFHost.exe (process ID:1500) reset policy scheme from {381b4222-f694-41f0-9685-ff5bb260df2e} to {381b4222-f694-41f0-9685-ff5bb260df2e}
Information	22-11-2024 10:16:15	Microsoft-Windows-UserModePowerService	12	(10)	Process C:\Windows\System32\WUDFHost.exe (process ID:1500) reset policy scheme from {381b4222-f694-41f0-9685-ff5bb260df2e} to {381b4222-f694-41f0-9685-ff5bb260df2e}
Information	22-11-2024 10:15:30	Microsoft-Windows-UserModePowerService	12	(10)	Process C:\Windows\System32\WUDFHost.exe (process ID:1500) reset policy scheme from {381b4222-f694-41f0-9685-ff5bb260df2e} to {381b4222-f694-41f0-9685-ff5bb260df2e}
Information	22-11-2024 10:15:28	Microsoft-Windows-UserModePowerService	12	(10)	Process C:\Windows\System32\WUDFHost.exe (process ID:1500) reset policy scheme from {381b4222-f694-41f0-9685-ff5bb260df2e} to {381b4222-f694-41f0-9685-ff5bb260df2e}
Information	22-11-2024 10:14:51	Microsoft-Windows-UserModePowerService	12	(10)	Process C:\Windows\System32\WUDFHost.exe (process ID:1500) reset policy scheme from {381b4222-f694-41f0-9685-ff5bb260df2e} to {381b4222-f694-41f0-9685-ff5bb260df2e}
Information	22-11-2024 10:14:45	Microsoft-Windows-UserModePowerService	12	(10)	Process C:\Windows\System32\WUDFHost.exe (process ID:1500) reset policy scheme from {381b4222-f694-41f0-9685-ff5bb260df2e} to {381b4222-f694-41f0-9685-ff5bb260df2e}
Information	22-11-2024 10:14:27	Microsoft-Windows-UserModePowerService	12	(10)	Process C:\Windows\System32\WUDFHost.exe (process ID:1500) reset policy scheme from {381b4222-f694-41f0-9685-ff5bb260df2e} to {381b4222-f694-41f0-9685-ff5bb260df2e}
Information	22-11-2024 10:14:23	Microsoft-Windows-UserModePowerService	12	(10)	Process C:\Windows\System32\WUDFHost.exe (process ID:1500) reset policy scheme from {381b4222-f694-41f0-9685-ff5bb260df2e} to {381b4222-f694-41f0-9685-ff5bb260df2e}
Information	22-11-2024 10:14:23	Microsoft-Windows-UserModePowerService	12	(10)	Process C:\Windows\System32\WUDFHost.exe (process ID:1500) reset policy scheme from {381b4222-f694-41f0-9685-ff5bb260df2e} to {381b4222-f694-41f0-9685-ff5bb260df2e}
Information	22-11-2024 10:13:02	Microsoft-Windows-UserModePowerService	12	(10)	Process C:\Windows\System32\WUDFHost.exe (process ID:1500) reset policy scheme from {381b4222-f694-41f0-9685-ff5bb260df2e} to {381b4222-f694-41f0-9685-ff5bb260df2e}
Information	22-11-2024 10:13:02	Microsoft-Windows-UserModePowerService	12	(10)	Process C:\Windows\System32\WUDFHost.exe (process ID:1500) reset policy scheme from {381b4222-f694-41f0-9685-ff5bb260df2e} to {381b4222-f694-41f0-9685-ff5bb260df2e}
Information	22-11-2024 10:13:01	Microsoft-Windows-UserModePowerService	12	(10)	Process C:\Windows\System32\WUDFHost.exe (process ID:1500) reset policy scheme from {381b4222-f694-41f0-9685-ff5bb260df2e} to {381b4222-f694-41f0-9685-ff5bb260df2e}
Information	22-11-2024 10:12:40	Microsoft-Windows-UserModePowerService	12	(10)	Process C:\Windows\System32\WUDFHost.exe (process ID:1500) reset policy scheme from {381b4222-f694-41f0-9685-ff5bb260df2e} to {381b4222-f694-41f0-9685-ff5bb260df2e}
